<?xml version="1.0" encoding="utf-8"?>
<CoverageSession xmlns:xsd="http://www.w3.org/2001/XMLSchema" xmlns:xsi="http://www.w3.org/2001/XMLSchema-instance" Version="4.6.0.0">
  <Summary numSequencePoints="296" visitedSequencePoints="242" numBranchPoints="108" visitedBranchPoints="87" sequenceCoverage="81.76" branchCoverage="80.56" maxCyclomaticComplexity="7" minCyclomaticComplexity="1" maxCrapScore="56" minCrapScore="1" visitedClasses="21" numClasses="23" visitedMethods="60" numMethods="72" />
  <Modules>
    <Module hash="E0-3F-D8-C9-1C-AB-D9-B0-13-C7-FF-DB-39-03-DA-8A-3D-17-EC-4C">
      <Summary numSequencePoints="89" visitedSequencePoints="66" numBranchPoints="42" visitedBranchPoints="30" sequenceCoverage="74.16" branchCoverage="71.43" maxCyclomaticComplexity="5" minCyclomaticComplexity="1" maxCrapScore="5.68" minCrapScore="2" visitedClasses="4" numClasses="5" visitedMethods="13" numMethods="18" />
      <ModulePath>C:\Users\ndduser\Desktop\TFS\BandOfBrothers\ws-banco-tabajara\BancoTabajara\BancoTabajara.Aplicacao.Tests\bin\Debug\BancoTabajara.Dominio.dll</ModulePath>
      <ModuleTime>2018-07-25T19:20:24.7706543Z</ModuleTime>
      <ModuleName>BancoTabajara.Dominio</ModuleName>
      <Files>
        <File uid="1" fullPath="C:\Users\ndduser\Desktop\TFS\BandOfBrothers\ws-banco-tabajara\BancoTabajara\BancoTabajara.Dominio\Funcionalidades\Movimentacoes\Movimentacao.cs" />
        <File uid="2" fullPath="C:\Users\ndduser\Desktop\TFS\BandOfBrothers\ws-banco-tabajara\BancoTabajara\BancoTabajara.Dominio\Funcionalidades\Contas\Conta.cs" />
        <File uid="4" fullPath="C:\Users\ndduser\Desktop\TFS\BandOfBrothers\ws-banco-tabajara\BancoTabajara\BancoTabajara.Dominio\Funcionalidades\Clientes\Cliente.cs" />
        <File uid="9" fullPath="C:\Users\ndduser\Desktop\TFS\BandOfBrothers\ws-banco-tabajara\BancoTabajara\BancoTabajara.Dominio\Excecoes\ExcecaoDeNegocio.cs" />
        <File uid="11" fullPath="C:\Users\ndduser\Desktop\TFS\BandOfBrothers\ws-banco-tabajara\BancoTabajara\BancoTabajara.Dominio\Base\Entidade.cs" />
      </Files>
      <Classes>
        <Class>
          <Summary numSequencePoints="6" visitedSequencePoints="0" numBranchPoints="1" visitedBranchPoints="0" sequenceCoverage="0" branchCoverage="0" maxCyclomaticComplexity="1" minCyclomaticComplexity="1" maxCrapScore="2" minCrapScore="2" visitedClasses="0" numClasses="1" visitedMethods="0" numMethods="1" />
          <FullName>BancoTabajara.Dominio.Funcionalidades.Movimentacoes.Movimentacao</FullName>
          <Methods>
            <Method skippedDueTo="AutoImplementedProperty" visited="false" cyclomaticComplexity="1" nPathComplexity="0" sequenceCoverage="0" branchCoverage="0" crapScore="0" isConstructor="false" isStatic="false" isGetter="true" isSetter="false">
              <MetadataToken>100663297</MetadataToken>
              <Name>System.Decimal BancoTabajara.Dominio.Funcionalidades.Movimentacoes.Movimentacao::get_Valor()</Name>
              <FileRef uid="1" />
              <SequencePoints />
              <BranchPoints />
            </Method>
            <Method skippedDueTo="AutoImplementedProperty" visited="false" cyclomaticComplexity="1" nPathComplexity="0" sequenceCoverage="0" branchCoverage="0" crapScore="0" isConstructor="false" isStatic="false" isGetter="false" isSetter="true">
              <MetadataToken>100663298</MetadataToken>
              <Name>System.Void BancoTabajara.Dominio.Funcionalidades.Movimentacoes.Movimentacao::set_Valor(System.Decimal)</Name>
              <FileRef uid="1" />
              <SequencePoints />
              <BranchPoints />
            </Method>
            <Method skippedDueTo="AutoImplementedProperty" visited="false" cyclomaticComplexity="1" nPathComplexity="0" sequenceCoverage="0" branchCoverage="0" crapScore="0" isConstructor="false" isStatic="false" isGetter="true" isSetter="false">
              <MetadataToken>100663299</MetadataToken>
              <Name>BancoTabajara.Dominio.Funcionalidades.Movimentacoes.TipoMovimetacao BancoTabajara.Dominio.Funcionalidades.Movimentacoes.Movimentacao::get_Tipo()</Name>
              <FileRef uid="1" />
              <SequencePoints />
              <BranchPoints />
            </Method>
            <Method skippedDueTo="AutoImplementedProperty" visited="false" cyclomaticComplexity="1" nPathComplexity="0" sequenceCoverage="0" branchCoverage="0" crapScore="0" isConstructor="false" isStatic="false" isGetter="false" isSetter="true">
              <MetadataToken>100663300</MetadataToken>
              <Name>System.Void BancoTabajara.Dominio.Funcionalidades.Movimentacoes.Movimentacao::set_Tipo(BancoTabajara.Dominio.Funcionalidades.Movimentacoes.TipoMovimetacao)</Name>
              <FileRef uid="1" />
              <SequencePoints />
              <BranchPoints />
            </Method>
            <Method skippedDueTo="AutoImplementedProperty" visited="false" cyclomaticComplexity="1" nPathComplexity="0" sequenceCoverage="0" branchCoverage="0" crapScore="0" isConstructor="false" isStatic="false" isGetter="true" isSetter="false">
              <MetadataToken>100663301</MetadataToken>
              <Name>System.DateTime BancoTabajara.Dominio.Funcionalidades.Movimentacoes.Movimentacao::get_Data()</Name>
              <FileRef uid="1" />
              <SequencePoints />
              <BranchPoints />
            </Method>
            <Method skippedDueTo="AutoImplementedProperty" visited="false" cyclomaticComplexity="1" nPathComplexity="0" sequenceCoverage="0" branchCoverage="0" crapScore="0" isConstructor="false" isStatic="false" isGetter="false" isSetter="true">
              <MetadataToken>100663302</MetadataToken>
              <Name>System.Void BancoTabajara.Dominio.Funcionalidades.Movimentacoes.Movimentacao::set_Data(System.DateTime)</Name>
              <FileRef uid="1" />
              <SequencePoints />
              <BranchPoints />
            </Method>
            <Method skippedDueTo="AutoImplementedProperty" visited="false" cyclomaticComplexity="1" nPathComplexity="0" sequenceCoverage="0" branchCoverage="0" crapScore="0" isConstructor="false" isStatic="false" isGetter="true" isSetter="false">
              <MetadataToken>100663303</MetadataToken>
              <Name>BancoTabajara.Dominio.Funcionalidades.Contas.Conta BancoTabajara.Dominio.Funcionalidades.Movimentacoes.Movimentacao::get_Conta()</Name>
              <FileRef uid="1" />
              <SequencePoints />
              <BranchPoints />
            </Method>
            <Method skippedDueTo="AutoImplementedProperty" visited="false" cyclomaticComplexity="1" nPathComplexity="0" sequenceCoverage="0" branchCoverage="0" crapScore="0" isConstructor="false" isStatic="false" isGetter="false" isSetter="true">
              <MetadataToken>100663304</MetadataToken>
              <Name>System.Void BancoTabajara.Dominio.Funcionalidades.Movimentacoes.Movimentacao::set_Conta(BancoTabajara.Dominio.Funcionalidades.Contas.Conta)</Name>
              <FileRef uid="1" />
              <SequencePoints />
              <BranchPoints />
            </Method>
            <Method visited="false" cyclomaticComplexity="1" nPathComplexity="0" sequenceCoverage="0" branchCoverage="0" crapScore="2" isConstructor="true" isStatic="false" isGetter="false" isSetter="false">
              <Summary numSequencePoints="6" visitedSequencePoints="0" numBranchPoints="1" visitedBranchPoints="0" sequenceCoverage="0" branchCoverage="0" maxCyclomaticComplexity="1" minCyclomaticComplexity="1" maxCrapScore="2" minCrapScore="2" visitedClasses="0" numClasses="0" visitedMethods="0" numMethods="1" />
              <MetadataToken>100663305</MetadataToken>
              <Name>System.Void BancoTabajara.Dominio.Funcionalidades.Movimentacoes.Movimentacao::.ctor(BancoTabajara.Dominio.Funcionalidades.Movimentacoes.TipoMovimetacao,System.Decimal)</Name>
              <FileRef uid="1" />
              <SequencePoints>
                <SequencePoint vc="0" uspid="1" ordinal="0" offset="0" sl="18" sc="3" el="18" ec="59" bec="0" bev="0" fileid="1" />
                <SequencePoint vc="0" uspid="2" ordinal="1" offset="7" sl="19" sc="9" el="19" ec="10" bec="0" bev="0" fileid="1" />
                <SequencePoint vc="0" uspid="3" ordinal="2" offset="8" sl="20" sc="13" el="20" ec="27" bec="0" bev="0" fileid="1" />
                <SequencePoint vc="0" uspid="4" ordinal="3" offset="16" sl="21" sc="13" el="21" ec="25" bec="0" bev="0" fileid="1" />
                <SequencePoint vc="0" uspid="5" ordinal="4" offset="24" sl="22" sc="13" el="22" ec="33" bec="0" bev="0" fileid="1" />
                <SequencePoint vc="0" uspid="6" ordinal="5" offset="36" sl="23" sc="9" el="23" ec="10" bec="0" bev="0" fileid="1" />
              </SequencePoints>
              <BranchPoints />
              <MethodPoint xsi:type="SequencePoint" vc="0" uspid="1" ordinal="0" offset="0" sl="18" sc="3" el="18" ec="59" bec="0" bev="0" fileid="1" />
            </Method>
          </Methods>
        </Class>
        <Class>
          <Summary numSequencePoints="41" visitedSequencePoints="36" numBranchPoints="15" visitedBranchPoints="11" sequenceCoverage="87.80" branchCoverage="73.33" maxCyclomaticComplexity="2" minCyclomaticComplexity="1" maxCrapScore="2.06" minCrapScore="1" visitedClasses="1" numClasses="1" visitedMethods="8" numMethods="9" />
          <FullName>BancoTabajara.Dominio.Funcionalidades.Contas.Conta</FullName>
          <Methods>
            <Method skippedDueTo="AutoImplementedProperty" visited="false" cyclomaticComplexity="1" nPathComplexity="0" sequenceCoverage="0" branchCoverage="0" crapScore="0" isConstructor="false" isStatic="false" isGetter="true" isSetter="false">
              <MetadataToken>100663306</MetadataToken>
              <Name>System.Decimal BancoTabajara.Dominio.Funcionalidades.Contas.Conta::get_Numero()</Name>
              <FileRef uid="2" />
              <SequencePoints />
              <BranchPoints />
            </Method>
            <Method skippedDueTo="AutoImplementedProperty" visited="false" cyclomaticComplexity="1" nPathComplexity="0" sequenceCoverage="0" branchCoverage="0" crapScore="0" isConstructor="false" isStatic="false" isGetter="false" isSetter="true">
              <MetadataToken>100663307</MetadataToken>
              <Name>System.Void BancoTabajara.Dominio.Funcionalidades.Contas.Conta::set_Numero(System.Decimal)</Name>
              <FileRef uid="2" />
              <SequencePoints />
              <BranchPoints />
            </Method>
            <Method skippedDueTo="AutoImplementedProperty" visited="false" cyclomaticComplexity="1" nPathComplexity="0" sequenceCoverage="0" branchCoverage="0" crapScore="0" isConstructor="false" isStatic="false" isGetter="true" isSetter="false">
              <MetadataToken>100663308</MetadataToken>
              <Name>System.Decimal BancoTabajara.Dominio.Funcionalidades.Contas.Conta::get_Saldo()</Name>
              <FileRef uid="2" />
              <SequencePoints />
              <BranchPoints />
            </Method>
            <Method skippedDueTo="AutoImplementedProperty" visited="false" cyclomaticComplexity="1" nPathComplexity="0" sequenceCoverage="0" branchCoverage="0" crapScore="0" isConstructor="false" isStatic="false" isGetter="false" isSetter="true">
              <MetadataToken>100663309</MetadataToken>
              <Name>System.Void BancoTabajara.Dominio.Funcionalidades.Contas.Conta::set_Saldo(System.Decimal)</Name>
              <FileRef uid="2" />
              <SequencePoints />
              <BranchPoints />
            </Method>
            <Method skippedDueTo="AutoImplementedProperty" visited="false" cyclomaticComplexity="1" nPathComplexity="0" sequenceCoverage="0" branchCoverage="0" crapScore="0" isConstructor="false" isStatic="false" isGetter="true" isSetter="false">
              <MetadataToken>100663310</MetadataToken>
              <Name>System.Boolean BancoTabajara.Dominio.Funcionalidades.Contas.Conta::get_Estado()</Name>
              <FileRef uid="2" />
              <SequencePoints />
              <BranchPoints />
            </Method>
            <Method skippedDueTo="AutoImplementedProperty" visited="false" cyclomaticComplexity="1" nPathComplexity="0" sequenceCoverage="0" branchCoverage="0" crapScore="0" isConstructor="false" isStatic="false" isGetter="false" isSetter="true">
              <MetadataToken>100663311</MetadataToken>
              <Name>System.Void BancoTabajara.Dominio.Funcionalidades.Contas.Conta::set_Estado(System.Boolean)</Name>
              <FileRef uid="2" />
              <SequencePoints />
              <BranchPoints />
            </Method>
            <Method skippedDueTo="AutoImplementedProperty" visited="false" cyclomaticComplexity="1" nPathComplexity="0" sequenceCoverage="0" branchCoverage="0" crapScore="0" isConstructor="false" isStatic="false" isGetter="true" isSetter="false">
              <MetadataToken>100663312</MetadataToken>
              <Name>System.Decimal BancoTabajara.Dominio.Funcionalidades.Contas.Conta::get_Limite()</Name>
              <FileRef uid="2" />
              <SequencePoints />
              <BranchPoints />
            </Method>
            <Method skippedDueTo="AutoImplementedProperty" visited="false" cyclomaticComplexity="1" nPathComplexity="0" sequenceCoverage="0" branchCoverage="0" crapScore="0" isConstructor="false" isStatic="false" isGetter="false" isSetter="true">
              <MetadataToken>100663313</MetadataToken>
              <Name>System.Void BancoTabajara.Dominio.Funcionalidades.Contas.Conta::set_Limite(System.Decimal)</Name>
              <FileRef uid="2" />
              <SequencePoints />
              <BranchPoints />
            </Method>
            <Method visited="false" cyclomaticComplexity="1" nPathComplexity="0" sequenceCoverage="0" branchCoverage="0" crapScore="2" isConstructor="false" isStatic="false" isGetter="true" isSetter="false">
              <Summary numSequencePoints="1" visitedSequencePoints="0" numBranchPoints="1" visitedBranchPoints="0" sequenceCoverage="0" branchCoverage="0" maxCyclomaticComplexity="1" minCyclomaticComplexity="1" maxCrapScore="2" minCrapScore="2" visitedClasses="0" numClasses="0" visitedMethods="0" numMethods="1" />
              <MetadataToken>100663314</MetadataToken>
              <Name>System.Decimal BancoTabajara.Dominio.Funcionalidades.Contas.Conta::get_SaldoTotal()</Name>
              <FileRef uid="2" />
              <SequencePoints>
                <SequencePoint vc="0" uspid="7" ordinal="0" offset="0" sl="16" sc="39" el="16" ec="53" bec="0" bev="0" fileid="2" />
              </SequencePoints>
              <BranchPoints />
              <MethodPoint xsi:type="SequencePoint" vc="0" uspid="7" ordinal="0" offset="0" sl="16" sc="39" el="16" ec="53" bec="0" bev="0" fileid="2" />
            </Method>
            <Method skippedDueTo="AutoImplementedProperty" visited="false" cyclomaticComplexity="1" nPathComplexity="0" sequenceCoverage="0" branchCoverage="0" crapScore="0" isConstructor="false" isStatic="false" isGetter="true" isSetter="false">
              <MetadataToken>100663315</MetadataToken>
              <Name>BancoTabajara.Dominio.Funcionalidades.Clientes.Cliente BancoTabajara.Dominio.Funcionalidades.Contas.Conta::get_Titular()</Name>
              <FileRef uid="2" />
              <SequencePoints />
              <BranchPoints />
            </Method>
            <Method skippedDueTo="AutoImplementedProperty" visited="false" cyclomaticComplexity="1" nPathComplexity="0" sequenceCoverage="0" branchCoverage="0" crapScore="0" isConstructor="false" isStatic="false" isGetter="false" isSetter="true">
              <MetadataToken>100663316</MetadataToken>
              <Name>System.Void BancoTabajara.Dominio.Funcionalidades.Contas.Conta::set_Titular(BancoTabajara.Dominio.Funcionalidades.Clientes.Cliente)</Name>
              <FileRef uid="2" />
              <SequencePoints />
              <BranchPoints />
            </Method>
            <Method skippedDueTo="AutoImplementedProperty" visited="false" cyclomaticComplexity="1" nPathComplexity="0" sequenceCoverage="0" branchCoverage="0" crapScore="0" isConstructor="false" isStatic="false" isGetter="true" isSetter="false">
              <MetadataToken>100663317</MetadataToken>
              <Name>System.Collections.Generic.List`1&lt;BancoTabajara.Dominio.Funcionalidades.Movimentacoes.Movimentacao&gt; BancoTabajara.Dominio.Funcionalidades.Contas.Conta::get_Movimentacoes()</Name>
              <FileRef uid="2" />
              <SequencePoints />
              <BranchPoints />
            </Method>
            <Method skippedDueTo="AutoImplementedProperty" visited="false" cyclomaticComplexity="1" nPathComplexity="0" sequenceCoverage="0" branchCoverage="0" crapScore="0" isConstructor="false" isStatic="false" isGetter="false" isSetter="true">
              <MetadataToken>100663318</MetadataToken>
              <Name>System.Void BancoTabajara.Dominio.Funcionalidades.Contas.Conta::set_Movimentacoes(System.Collections.Generic.List`1&lt;BancoTabajara.Dominio.Funcionalidades.Movimentacoes.Movimentacao&gt;)</Name>
              <FileRef uid="2" />
              <SequencePoints />
              <BranchPoints />
            </Method>
            <Method visited="true" cyclomaticComplexity="1" nPathComplexity="0" sequenceCoverage="100" branchCoverage="100" crapScore="1" isConstructor="true" isStatic="false" isGetter="false" isSetter="false">
              <Summary numSequencePoints="3" visitedSequencePoints="3" numBranchPoints="1" visitedBranchPoints="1" sequenceCoverage="100" branchCoverage="100" maxCyclomaticComplexity="1" minCyclomaticComplexity="1" maxCrapScore="1" minCrapScore="1" visitedClasses="0" numClasses="0" visitedMethods="1" numMethods="1" />
              <MetadataToken>100663319</MetadataToken>
              <Name>System.Void BancoTabajara.Dominio.Funcionalidades.Contas.Conta::.ctor()</Name>
              <FileRef uid="2" />
              <SequencePoints>
                <SequencePoint vc="5" uspid="8" ordinal="0" offset="0" sl="20" sc="3" el="20" ec="17" bec="0" bev="0" fileid="2" />
                <SequencePoint vc="5" uspid="9" ordinal="1" offset="7" sl="20" sc="18" el="20" ec="19" bec="0" bev="0" fileid="2" />
                <SequencePoint vc="5" uspid="10" ordinal="2" offset="8" sl="20" sc="20" el="20" ec="21" bec="0" bev="0" fileid="2" />
              </SequencePoints>
              <BranchPoints />
              <MethodPoint xsi:type="SequencePoint" vc="5" uspid="8" ordinal="0" offset="0" sl="20" sc="3" el="20" ec="17" bec="0" bev="0" fileid="2" />
            </Method>
            <Method visited="true" cyclomaticComplexity="1" nPathComplexity="0" sequenceCoverage="100" branchCoverage="100" crapScore="1" isConstructor="true" isStatic="false" isGetter="false" isSetter="false">
              <Summary numSequencePoints="6" visitedSequencePoints="6" numBranchPoints="1" visitedBranchPoints="1" sequenceCoverage="100" branchCoverage="100" maxCyclomaticComplexity="1" minCyclomaticComplexity="1" maxCrapScore="1" minCrapScore="1" visitedClasses="0" numClasses="0" visitedMethods="1" numMethods="1" />
              <MetadataToken>100663320</MetadataToken>
              <Name>System.Void BancoTabajara.Dominio.Funcionalidades.Contas.Conta::.ctor(BancoTabajara.Dominio.Funcionalidades.Clientes.Cliente)</Name>
              <FileRef uid="2" />
              <SequencePoints>
                <SequencePoint vc="23" uspid="11" ordinal="0" offset="0" sl="22" sc="3" el="22" ec="34" bec="0" bev="0" fileid="2" />
                <SequencePoint vc="23" uspid="12" ordinal="1" offset="7" sl="23" sc="3" el="23" ec="4" bec="0" bev="0" fileid="2" />
                <SequencePoint vc="23" uspid="13" ordinal="2" offset="8" sl="24" sc="4" el="24" ec="27" bec="0" bev="0" fileid="2" />
                <SequencePoint vc="23" uspid="14" ordinal="3" offset="16" sl="25" sc="4" el="25" ec="45" bec="0" bev="0" fileid="2" />
                <SequencePoint vc="23" uspid="15" ordinal="4" offset="28" sl="26" sc="4" el="26" ec="23" bec="0" bev="0" fileid="2" />
                <SequencePoint vc="23" uspid="16" ordinal="5" offset="35" sl="27" sc="3" el="27" ec="4" bec="0" bev="0" fileid="2" />
              </SequencePoints>
              <BranchPoints />
              <MethodPoint xsi:type="SequencePoint" vc="23" uspid="11" ordinal="0" offset="0" sl="22" sc="3" el="22" ec="34" bec="0" bev="0" fileid="2" />
            </Method>
            <Method visited="true" cyclomaticComplexity="1" nPathComplexity="0" sequenceCoverage="100" branchCoverage="100" crapScore="1" isConstructor="false" isStatic="false" isGetter="false" isSetter="false">
              <Summary numSequencePoints="3" visitedSequencePoints="3" numBranchPoints="1" visitedBranchPoints="1" sequenceCoverage="100" branchCoverage="100" maxCyclomaticComplexity="1" minCyclomaticComplexity="1" maxCrapScore="1" minCrapScore="1" visitedClasses="0" numClasses="0" visitedMethods="1" numMethods="1" />
              <MetadataToken>100663321</MetadataToken>
              <Name>System.Decimal BancoTabajara.Dominio.Funcionalidades.Contas.Conta::ObterSaldo()</Name>
              <FileRef uid="2" />
              <SequencePoints>
                <SequencePoint vc="4" uspid="17" ordinal="0" offset="0" sl="30" sc="3" el="30" ec="4" bec="0" bev="0" fileid="2" />
                <SequencePoint vc="4" uspid="18" ordinal="1" offset="1" sl="31" sc="4" el="31" ec="17" bec="0" bev="0" fileid="2" />
                <SequencePoint vc="4" uspid="19" ordinal="2" offset="10" sl="32" sc="3" el="32" ec="4" bec="0" bev="0" fileid="2" />
              </SequencePoints>
              <BranchPoints />
              <MethodPoint xsi:type="SequencePoint" vc="4" uspid="17" ordinal="0" offset="0" sl="30" sc="3" el="30" ec="4" bec="0" bev="0" fileid="2" />
            </Method>
            <Method visited="true" cyclomaticComplexity="2" nPathComplexity="2" sequenceCoverage="87.5" branchCoverage="66.67" crapScore="2.01" isConstructor="false" isStatic="false" isGetter="false" isSetter="false">
              <Summary numSequencePoints="8" visitedSequencePoints="7" numBranchPoints="3" visitedBranchPoints="2" sequenceCoverage="87.5" branchCoverage="66.67" maxCyclomaticComplexity="2" minCyclomaticComplexity="2" maxCrapScore="2.01" minCrapScore="2.01" visitedClasses="0" numClasses="0" visitedMethods="1" numMethods="1" />
              <MetadataToken>100663322</MetadataToken>
              <Name>System.Boolean BancoTabajara.Dominio.Funcionalidades.Contas.Conta::Saca(System.Decimal)</Name>
              <FileRef uid="2" />
              <SequencePoints>
                <SequencePoint vc="2" uspid="20" ordinal="0" offset="0" sl="35" sc="3" el="35" ec="4" bec="0" bev="0" fileid="2" />
                <SequencePoint vc="2" uspid="21" ordinal="1" offset="1" sl="36" sc="4" el="36" ec="33" bec="2" bev="1" fileid="2" />
                <SequencePoint vc="0" uspid="22" ordinal="2" offset="28" sl="37" sc="5" el="37" ec="18" bec="0" bev="0" fileid="2" />
                <SequencePoint vc="2" uspid="23" ordinal="3" offset="32" sl="39" sc="4" el="39" ec="5" bec="0" bev="0" fileid="2" />
                <SequencePoint vc="2" uspid="24" ordinal="4" offset="33" sl="40" sc="5" el="40" ec="41" bec="0" bev="0" fileid="2" />
                <SequencePoint vc="2" uspid="25" ordinal="5" offset="46" sl="41" sc="5" el="41" ec="28" bec="0" bev="0" fileid="2" />
                <SequencePoint vc="2" uspid="26" ordinal="6" offset="54" sl="42" sc="5" el="42" ec="17" bec="0" bev="0" fileid="2" />
                <SequencePoint vc="2" uspid="27" ordinal="7" offset="58" sl="44" sc="3" el="44" ec="4" bec="0" bev="0" fileid="2" />
              </SequencePoints>
              <BranchPoints>
                <BranchPoint vc="0" uspid="28" ordinal="0" offset="26" sl="36" path="0" offsetend="28" fileid="2" />
                <BranchPoint vc="2" uspid="29" ordinal="1" offset="26" sl="36" path="1" offsetend="32" fileid="2" />
              </BranchPoints>
              <MethodPoint xsi:type="SequencePoint" vc="2" uspid="20" ordinal="0" offset="0" sl="35" sc="3" el="35" ec="4" bec="0" bev="0" fileid="2" />
            </Method>
            <Method visited="true" cyclomaticComplexity="2" nPathComplexity="2" sequenceCoverage="77.78" branchCoverage="66.67" crapScore="2.04" isConstructor="false" isStatic="false" isGetter="false" isSetter="false">
              <Summary numSequencePoints="9" visitedSequencePoints="7" numBranchPoints="3" visitedBranchPoints="2" sequenceCoverage="77.78" branchCoverage="66.67" maxCyclomaticComplexity="2" minCyclomaticComplexity="2" maxCrapScore="2.04" minCrapScore="2.04" visitedClasses="0" numClasses="0" visitedMethods="1" numMethods="1" />
              <MetadataToken>100663323</MetadataToken>
              <Name>System.Boolean BancoTabajara.Dominio.Funcionalidades.Contas.Conta::Transfere(BancoTabajara.Dominio.Funcionalidades.Contas.Conta,System.Decimal)</Name>
              <FileRef uid="2" />
              <SequencePoints>
                <SequencePoint vc="1" uspid="30" ordinal="0" offset="0" sl="47" sc="3" el="47" ec="4" bec="0" bev="0" fileid="2" />
                <SequencePoint vc="1" uspid="31" ordinal="1" offset="1" sl="48" sc="4" el="48" ec="46" bec="0" bev="0" fileid="2" />
                <SequencePoint vc="1" uspid="32" ordinal="2" offset="9" sl="50" sc="4" el="50" ec="22" bec="2" bev="1" fileid="2" />
                <SequencePoint vc="1" uspid="33" ordinal="3" offset="14" sl="51" sc="4" el="51" ec="5" bec="0" bev="0" fileid="2" />
                <SequencePoint vc="1" uspid="34" ordinal="4" offset="15" sl="52" sc="5" el="52" ec="38" bec="0" bev="0" fileid="2" />
                <SequencePoint vc="1" uspid="35" ordinal="5" offset="23" sl="53" sc="5" el="53" ec="17" bec="0" bev="0" fileid="2" />
                <SequencePoint vc="0" uspid="36" ordinal="6" offset="27" sl="55" sc="4" el="55" ec="5" bec="0" bev="0" fileid="2" />
                <SequencePoint vc="0" uspid="37" ordinal="7" offset="28" sl="56" sc="5" el="56" ec="18" bec="0" bev="0" fileid="2" />
                <SequencePoint vc="1" uspid="38" ordinal="8" offset="32" sl="58" sc="3" el="58" ec="4" bec="0" bev="0" fileid="2" />
              </SequencePoints>
              <BranchPoints>
                <BranchPoint vc="1" uspid="39" ordinal="0" offset="12" sl="50" path="0" offsetend="14" fileid="2" />
                <BranchPoint vc="0" uspid="40" ordinal="1" offset="12" sl="50" path="1" offsetend="27" fileid="2" />
              </BranchPoints>
              <MethodPoint xsi:type="SequencePoint" vc="1" uspid="30" ordinal="0" offset="0" sl="47" sc="3" el="47" ec="4" bec="0" bev="0" fileid="2" />
            </Method>
            <Method visited="true" cyclomaticComplexity="1" nPathComplexity="0" sequenceCoverage="100" branchCoverage="100" crapScore="1" isConstructor="false" isStatic="false" isGetter="false" isSetter="false">
              <Summary numSequencePoints="3" visitedSequencePoints="3" numBranchPoints="1" visitedBranchPoints="1" sequenceCoverage="100" branchCoverage="100" maxCyclomaticComplexity="1" minCyclomaticComplexity="1" maxCrapScore="1" minCrapScore="1" visitedClasses="0" numClasses="0" visitedMethods="1" numMethods="1" />
              <MetadataToken>100663324</MetadataToken>
              <Name>System.Void BancoTabajara.Dominio.Funcionalidades.Contas.Conta::Deposita(System.Decimal)</Name>
              <FileRef uid="2" />
              <SequencePoints>
                <SequencePoint vc="6" uspid="41" ordinal="0" offset="0" sl="61" sc="3" el="61" ec="4" bec="0" bev="0" fileid="2" />
                <SequencePoint vc="6" uspid="42" ordinal="1" offset="1" sl="62" sc="4" el="62" ec="26" bec="0" bev="0" fileid="2" />
                <SequencePoint vc="6" uspid="43" ordinal="2" offset="20" sl="63" sc="3" el="63" ec="4" bec="0" bev="0" fileid="2" />
              </SequencePoints>
              <BranchPoints />
              <MethodPoint xsi:type="SequencePoint" vc="6" uspid="41" ordinal="0" offset="0" sl="61" sc="3" el="61" ec="4" bec="0" bev="0" fileid="2" />
            </Method>
            <Method visited="true" cyclomaticComplexity="1" nPathComplexity="0" sequenceCoverage="100" branchCoverage="100" crapScore="1" isConstructor="false" isStatic="false" isGetter="false" isSetter="false">
              <Summary numSequencePoints="4" visitedSequencePoints="4" numBranchPoints="1" visitedBranchPoints="1" sequenceCoverage="100" branchCoverage="100" maxCyclomaticComplexity="1" minCyclomaticComplexity="1" maxCrapScore="1" minCrapScore="1" visitedClasses="0" numClasses="0" visitedMethods="1" numMethods="1" />
              <MetadataToken>100663325</MetadataToken>
              <Name>System.Void BancoTabajara.Dominio.Funcionalidades.Contas.Conta::GerarNumeroConta()</Name>
              <FileRef uid="2" />
              <SequencePoints>
                <SequencePoint vc="23" uspid="44" ordinal="0" offset="0" sl="66" sc="3" el="66" ec="4" bec="0" bev="0" fileid="2" />
                <SequencePoint vc="23" uspid="45" ordinal="1" offset="1" sl="67" sc="4" el="67" ec="33" bec="0" bev="0" fileid="2" />
                <SequencePoint vc="23" uspid="46" ordinal="2" offset="7" sl="68" sc="4" el="68" ec="49" bec="0" bev="0" fileid="2" />
                <SequencePoint vc="23" uspid="47" ordinal="3" offset="32" sl="69" sc="3" el="69" ec="4" bec="0" bev="0" fileid="2" />
              </SequencePoints>
              <BranchPoints />
              <MethodPoint xsi:type="SequencePoint" vc="23" uspid="44" ordinal="0" offset="0" sl="66" sc="3" el="66" ec="4" bec="0" bev="0" fileid="2" />
            </Method>
            <Method visited="true" cyclomaticComplexity="2" nPathComplexity="2" sequenceCoverage="75" branchCoverage="66.67" crapScore="2.06" isConstructor="false" isStatic="false" isGetter="false" isSetter="false">
              <Summary numSequencePoints="4" visitedSequencePoints="3" numBranchPoints="3" visitedBranchPoints="2" sequenceCoverage="75" branchCoverage="66.67" maxCyclomaticComplexity="2" minCyclomaticComplexity="2" maxCrapScore="2.06" minCrapScore="2.06" visitedClasses="0" numClasses="0" visitedMethods="1" numMethods="1" />
              <MetadataToken>100663326</MetadataToken>
              <Name>System.Void BancoTabajara.Dominio.Funcionalidades.Contas.Conta::Validar()</Name>
              <FileRef uid="2" />
              <SequencePoints>
                <SequencePoint vc="1" uspid="48" ordinal="0" offset="0" sl="72" sc="3" el="72" ec="4" bec="0" bev="0" fileid="2" />
                <SequencePoint vc="1" uspid="49" ordinal="1" offset="1" sl="73" sc="4" el="73" ec="31" bec="2" bev="1" fileid="2" />
                <SequencePoint vc="0" uspid="50" ordinal="2" offset="17" sl="74" sc="5" el="74" ec="44" bec="0" bev="0" fileid="2" />
                <SequencePoint vc="1" uspid="51" ordinal="3" offset="23" sl="75" sc="3" el="75" ec="4" bec="0" bev="0" fileid="2" />
              </SequencePoints>
              <BranchPoints>
                <BranchPoint vc="0" uspid="52" ordinal="0" offset="15" sl="73" path="0" offsetend="17" fileid="2" />
                <BranchPoint vc="1" uspid="53" ordinal="1" offset="15" sl="73" path="1" offsetend="23" fileid="2" />
              </BranchPoints>
              <MethodPoint xsi:type="SequencePoint" vc="1" uspid="48" ordinal="0" offset="0" sl="72" sc="3" el="72" ec="4" bec="0" bev="0" fileid="2" />
            </Method>
          </Methods>
        </Class>
        <Class>
          <Summary numSequencePoints="10" visitedSequencePoints="10" numBranchPoints="9" visitedBranchPoints="9" sequenceCoverage="100" branchCoverage="100" maxCyclomaticComplexity="5" minCyclomaticComplexity="1" maxCrapScore="5" minCrapScore="2" visitedClasses="1" numClasses="1" visitedMethods="1" numMethods="1" />
          <FullName>BancoTabajara.Dominio.Funcionalidades.Clientes.Cliente</FullName>
          <Methods>
            <Method skippedDueTo="AutoImplementedProperty" visited="false" cyclomaticComplexity="1" nPathComplexity="0" sequenceCoverage="0" branchCoverage="0" crapScore="0" isConstructor="false" isStatic="false" isGetter="true" isSetter="false">
              <MetadataToken>100663333</MetadataToken>
              <Name>System.String BancoTabajara.Dominio.Funcionalidades.Clientes.Cliente::get_Nome()</Name>
              <FileRef uid="4" />
              <SequencePoints />
              <BranchPoints />
            </Method>
            <Method skippedDueTo="AutoImplementedProperty" visited="false" cyclomaticComplexity="1" nPathComplexity="0" sequenceCoverage="0" branchCoverage="0" crapScore="0" isConstructor="false" isStatic="false" isGetter="false" isSetter="true">
              <MetadataToken>100663334</MetadataToken>
              <Name>System.Void BancoTabajara.Dominio.Funcionalidades.Clientes.Cliente::set_Nome(System.String)</Name>
              <FileRef uid="4" />
              <SequencePoints />
              <BranchPoints />
            </Method>
            <Method skippedDueTo="AutoImplementedProperty" visited="false" cyclomaticComplexity="1" nPathComplexity="0" sequenceCoverage="0" branchCoverage="0" crapScore="0" isConstructor="false" isStatic="false" isGetter="true" isSetter="false">
              <MetadataToken>100663335</MetadataToken>
              <Name>System.String BancoTabajara.Dominio.Funcionalidades.Clientes.Cliente::get_Cpf()</Name>
              <FileRef uid="4" />
              <SequencePoints />
              <BranchPoints />
            </Method>
            <Method skippedDueTo="AutoImplementedProperty" visited="false" cyclomaticComplexity="1" nPathComplexity="0" sequenceCoverage="0" branchCoverage="0" crapScore="0" isConstructor="false" isStatic="false" isGetter="false" isSetter="true">
              <MetadataToken>100663336</MetadataToken>
              <Name>System.Void BancoTabajara.Dominio.Funcionalidades.Clientes.Cliente::set_Cpf(System.String)</Name>
              <FileRef uid="4" />
              <SequencePoints />
              <BranchPoints />
            </Method>
            <Method skippedDueTo="AutoImplementedProperty" visited="false" cyclomaticComplexity="1" nPathComplexity="0" sequenceCoverage="0" branchCoverage="0" crapScore="0" isConstructor="false" isStatic="false" isGetter="true" isSetter="false">
              <MetadataToken>100663337</MetadataToken>
              <Name>System.String BancoTabajara.Dominio.Funcionalidades.Clientes.Cliente::get_Rg()</Name>
              <FileRef uid="4" />
              <SequencePoints />
              <BranchPoints />
            </Method>
            <Method skippedDueTo="AutoImplementedProperty" visited="false" cyclomaticComplexity="1" nPathComplexity="0" sequenceCoverage="0" branchCoverage="0" crapScore="0" isConstructor="false" isStatic="false" isGetter="false" isSetter="true">
              <MetadataToken>100663338</MetadataToken>
              <Name>System.Void BancoTabajara.Dominio.Funcionalidades.Clientes.Cliente::set_Rg(System.String)</Name>
              <FileRef uid="4" />
              <SequencePoints />
              <BranchPoints />
            </Method>
            <Method skippedDueTo="AutoImplementedProperty" visited="false" cyclomaticComplexity="1" nPathComplexity="0" sequenceCoverage="0" branchCoverage="0" crapScore="0" isConstructor="false" isStatic="false" isGetter="true" isSetter="false">
              <MetadataToken>100663339</MetadataToken>
              <Name>System.DateTime BancoTabajara.Dominio.Funcionalidades.Clientes.Cliente::get_DataNascimento()</Name>
              <FileRef uid="4" />
              <SequencePoints />
              <BranchPoints />
            </Method>
            <Method skippedDueTo="AutoImplementedProperty" visited="false" cyclomaticComplexity="1" nPathComplexity="0" sequenceCoverage="0" branchCoverage="0" crapScore="0" isConstructor="false" isStatic="false" isGetter="false" isSetter="true">
              <MetadataToken>100663340</MetadataToken>
              <Name>System.Void BancoTabajara.Dominio.Funcionalidades.Clientes.Cliente::set_DataNascimento(System.DateTime)</Name>
              <FileRef uid="4" />
              <SequencePoints />
              <BranchPoints />
            </Method>
            <Method visited="true" cyclomaticComplexity="5" nPathComplexity="16" sequenceCoverage="100" branchCoverage="100" crapScore="5" isConstructor="false" isStatic="false" isGetter="false" isSetter="false">
              <Summary numSequencePoints="10" visitedSequencePoints="10" numBranchPoints="9" visitedBranchPoints="9" sequenceCoverage="100" branchCoverage="100" maxCyclomaticComplexity="5" minCyclomaticComplexity="5" maxCrapScore="5" minCrapScore="5" visitedClasses="0" numClasses="0" visitedMethods="1" numMethods="1" />
              <MetadataToken>100663341</MetadataToken>
              <Name>System.Void BancoTabajara.Dominio.Funcionalidades.Clientes.Cliente::Validar()</Name>
              <FileRef uid="4" />
              <SequencePoints>
                <SequencePoint vc="5" uspid="54" ordinal="0" offset="0" sl="19" sc="9" el="19" ec="10" bec="0" bev="0" fileid="4" />
                <SequencePoint vc="5" uspid="55" ordinal="1" offset="1" sl="20" sc="13" el="20" ec="44" bec="2" bev="2" fileid="4" />
                <SequencePoint vc="1" uspid="56" ordinal="2" offset="16" sl="21" sc="17" el="21" ec="58" bec="0" bev="0" fileid="4" />
                <SequencePoint vc="4" uspid="57" ordinal="3" offset="22" sl="22" sc="13" el="22" ec="43" bec="2" bev="2" fileid="4" />
                <SequencePoint vc="1" uspid="58" ordinal="4" offset="37" sl="23" sc="17" el="23" ec="57" bec="0" bev="0" fileid="4" />
                <SequencePoint vc="3" uspid="59" ordinal="5" offset="43" sl="24" sc="13" el="24" ec="42" bec="2" bev="2" fileid="4" />
                <SequencePoint vc="1" uspid="60" ordinal="6" offset="58" sl="25" sc="17" el="25" ec="56" bec="0" bev="0" fileid="4" />
                <SequencePoint vc="2" uspid="61" ordinal="7" offset="64" sl="26" sc="13" el="26" ec="47" bec="2" bev="2" fileid="4" />
                <SequencePoint vc="1" uspid="62" ordinal="8" offset="84" sl="27" sc="17" el="27" ec="73" bec="0" bev="0" fileid="4" />
                <SequencePoint vc="1" uspid="63" ordinal="9" offset="90" sl="28" sc="9" el="28" ec="10" bec="0" bev="0" fileid="4" />
              </SequencePoints>
              <BranchPoints>
                <BranchPoint vc="1" uspid="64" ordinal="0" offset="14" sl="20" path="0" offsetend="16" fileid="4" />
                <BranchPoint vc="4" uspid="65" ordinal="1" offset="14" sl="20" path="1" offsetend="22" fileid="4" />
                <BranchPoint vc="1" uspid="66" ordinal="2" offset="35" sl="22" path="0" offsetend="37" fileid="4" />
                <BranchPoint vc="3" uspid="67" ordinal="3" offset="35" sl="22" path="1" offsetend="43" fileid="4" />
                <BranchPoint vc="1" uspid="68" ordinal="4" offset="56" sl="24" path="0" offsetend="58" fileid="4" />
                <BranchPoint vc="2" uspid="69" ordinal="5" offset="56" sl="24" path="1" offsetend="64" fileid="4" />
                <BranchPoint vc="1" uspid="70" ordinal="6" offset="82" sl="26" path="0" offsetend="84" fileid="4" />
                <BranchPoint vc="1" uspid="71" ordinal="7" offset="82" sl="26" path="1" offsetend="90" fileid="4" />
              </BranchPoints>
              <MethodPoint xsi:type="SequencePoint" vc="5" uspid="54" ordinal="0" offset="0" sl="19" sc="9" el="19" ec="10" bec="0" bev="0" fileid="4" />
            </Method>
            <Method visited="false" cyclomaticComplexity="1" nPathComplexity="0" sequenceCoverage="0" branchCoverage="0" crapScore="2" isConstructor="true" isStatic="false" isGetter="false" isSetter="false">
              <Summary numSequencePoints="0" visitedSequencePoints="0" numBranchPoints="0" visitedBranchPoints="0" sequenceCoverage="0" branchCoverage="0" maxCyclomaticComplexity="1" minCyclomaticComplexity="1" maxCrapScore="2" minCrapScore="2" visitedClasses="0" numClasses="0" visitedMethods="0" numMethods="0" />
              <MetadataToken>100663342</MetadataToken>
              <Name>System.Void BancoTabajara.Dominio.Funcionalidades.Clientes.Cliente::.ctor()</Name>
              <SequencePoints />
              <BranchPoints />
              <MethodPoint vc="0" uspid="72" ordinal="0" offset="0" />
            </Method>
          </Methods>
        </Class>
        <Class>
          <Summary numSequencePoints="7" visitedSequencePoints="7" numBranchPoints="2" visitedBranchPoints="2" sequenceCoverage="100" branchCoverage="100" maxCyclomaticComplexity="1" minCyclomaticComplexity="1" maxCrapScore="1" minCrapScore="1" visitedClasses="1" numClasses="1" visitedMethods="2" numMethods="2" />
          <FullName>BancoTabajara.Dominio.Excecoes.ExcecaoDeNegocio</FullName>
          <Methods>
            <Method skippedDueTo="AutoImplementedProperty" visited="false" cyclomaticComplexity="1" nPathComplexity="0" sequenceCoverage="0" branchCoverage="0" crapScore="0" isConstructor="false" isStatic="false" isGetter="true" isSetter="false">
              <MetadataToken>100663352</MetadataToken>
              <Name>BancoTabajara.Dominio.Excecoes.CodigoErros BancoTabajara.Dominio.Excecoes.ExcecaoDeNegocio::get_CodigoErro()</Name>
              <FileRef uid="9" />
              <SequencePoints />
              <BranchPoints />
            </Method>
            <Method visited="true" cyclomaticComplexity="1" nPathComplexity="0" sequenceCoverage="100" branchCoverage="100" crapScore="1" isConstructor="true" isStatic="false" isGetter="false" isSetter="false">
              <Summary numSequencePoints="3" visitedSequencePoints="3" numBranchPoints="1" visitedBranchPoints="1" sequenceCoverage="100" branchCoverage="100" maxCyclomaticComplexity="1" minCyclomaticComplexity="1" maxCrapScore="1" minCrapScore="1" visitedClasses="0" numClasses="0" visitedMethods="1" numMethods="1" />
              <MetadataToken>100663353</MetadataToken>
              <Name>System.Void BancoTabajara.Dominio.Excecoes.ExcecaoDeNegocio::.ctor(System.String)</Name>
              <FileRef uid="9" />
              <SequencePoints>
                <SequencePoint vc="4" uspid="73" ordinal="0" offset="0" sl="12" sc="51" el="12" ec="64" bec="0" bev="0" fileid="9" />
                <SequencePoint vc="4" uspid="74" ordinal="1" offset="8" sl="13" sc="9" el="13" ec="10" bec="0" bev="0" fileid="9" />
                <SequencePoint vc="4" uspid="75" ordinal="2" offset="9" sl="15" sc="9" el="15" ec="10" bec="0" bev="0" fileid="9" />
              </SequencePoints>
              <BranchPoints />
              <MethodPoint xsi:type="SequencePoint" vc="4" uspid="73" ordinal="0" offset="0" sl="12" sc="51" el="12" ec="64" bec="0" bev="0" fileid="9" />
            </Method>
            <Method visited="true" cyclomaticComplexity="1" nPathComplexity="0" sequenceCoverage="100" branchCoverage="100" crapScore="1" isConstructor="true" isStatic="false" isGetter="false" isSetter="false">
              <Summary numSequencePoints="4" visitedSequencePoints="4" numBranchPoints="1" visitedBranchPoints="1" sequenceCoverage="100" branchCoverage="100" maxCyclomaticComplexity="1" minCyclomaticComplexity="1" maxCrapScore="1" minCrapScore="1" visitedClasses="0" numClasses="0" visitedMethods="1" numMethods="1" />
              <MetadataToken>100663354</MetadataToken>
              <Name>System.Void BancoTabajara.Dominio.Excecoes.ExcecaoDeNegocio::.ctor(BancoTabajara.Dominio.Excecoes.CodigoErros,System.String)</Name>
              <FileRef uid="9" />
              <SequencePoints>
                <SequencePoint vc="8" uspid="76" ordinal="0" offset="0" sl="16" sc="71" el="16" ec="84" bec="0" bev="0" fileid="9" />
                <SequencePoint vc="8" uspid="77" ordinal="1" offset="8" sl="17" sc="9" el="17" ec="10" bec="0" bev="0" fileid="9" />
                <SequencePoint vc="8" uspid="78" ordinal="2" offset="9" sl="18" sc="13" el="18" ec="33" bec="0" bev="0" fileid="9" />
                <SequencePoint vc="8" uspid="79" ordinal="3" offset="16" sl="19" sc="9" el="19" ec="10" bec="0" bev="0" fileid="9" />
              </SequencePoints>
              <BranchPoints />
              <MethodPoint xsi:type="SequencePoint" vc="8" uspid="76" ordinal="0" offset="0" sl="16" sc="71" el="16" ec="84" bec="0" bev="0" fileid="9" />
            </Method>
          </Methods>
        </Class>
        <Class>
          <Summary numSequencePoints="25" visitedSequencePoints="13" numBranchPoints="15" visitedBranchPoints="8" sequenceCoverage="52" branchCoverage="53.33" maxCyclomaticComplexity="5" minCyclomaticComplexity="1" maxCrapScore="5.68" minCrapScore="2" visitedClasses="1" numClasses="1" visitedMethods="2" numMethods="5" />
          <FullName>BancoTabajara.Dominio.Base.Entidade</FullName>
          <Methods>
            <Method skippedDueTo="AutoImplementedProperty" visited="false" cyclomaticComplexity="1" nPathComplexity="0" sequenceCoverage="0" branchCoverage="0" crapScore="0" isConstructor="false" isStatic="false" isGetter="true" isSetter="false">
              <MetadataToken>100663356</MetadataToken>
              <Name>System.Int32 BancoTabajara.Dominio.Base.Entidade::get_Id()</Name>
              <FileRef uid="11" />
              <SequencePoints />
              <BranchPoints />
            </Method>
            <Method skippedDueTo="AutoImplementedProperty" visited="false" cyclomaticComplexity="1" nPathComplexity="0" sequenceCoverage="0" branchCoverage="0" crapScore="0" isConstructor="false" isStatic="false" isGetter="false" isSetter="true">
              <MetadataToken>100663357</MetadataToken>
              <Name>System.Void BancoTabajara.Dominio.Base.Entidade::set_Id(System.Int32)</Name>
              <FileRef uid="11" />
              <SequencePoints />
              <BranchPoints />
            </Method>
            <Method visited="true" cyclomaticComplexity="5" nPathComplexity="8" sequenceCoverage="70" branchCoverage="57.14" crapScore="5.68" isConstructor="false" isStatic="false" isGetter="false" isSetter="false">
              <Summary numSequencePoints="10" visitedSequencePoints="7" numBranchPoints="7" visitedBranchPoints="4" sequenceCoverage="70" branchCoverage="57.14" maxCyclomaticComplexity="5" minCyclomaticComplexity="5" maxCrapScore="5.68" minCrapScore="5.68" visitedClasses="0" numClasses="0" visitedMethods="1" numMethods="1" />
              <MetadataToken>100663358</MetadataToken>
              <Name>System.Boolean BancoTabajara.Dominio.Base.Entidade::Equals(System.Object)</Name>
              <FileRef uid="11" />
              <SequencePoints>
                <SequencePoint vc="8" uspid="80" ordinal="0" offset="0" sl="14" sc="9" el="14" ec="10" bec="0" bev="0" fileid="11" />
                <SequencePoint vc="8" uspid="81" ordinal="1" offset="1" sl="15" sc="13" el="15" ec="41" bec="0" bev="0" fileid="11" />
                <SequencePoint vc="8" uspid="82" ordinal="2" offset="8" sl="17" sc="13" el="17" ec="46" bec="2" bev="2" fileid="11" />
                <SequencePoint vc="1" uspid="83" ordinal="3" offset="16" sl="18" sc="17" el="18" ec="30" bec="0" bev="0" fileid="11" />
                <SequencePoint vc="7" uspid="84" ordinal="4" offset="20" sl="20" sc="13" el="20" ec="46" bec="2" bev="1" fileid="11" />
                <SequencePoint vc="7" uspid="85" ordinal="5" offset="28" sl="21" sc="17" el="21" ec="29" bec="0" bev="0" fileid="11" />
                <SequencePoint vc="0" uspid="86" ordinal="6" offset="32" sl="23" sc="13" el="23" ec="42" bec="2" bev="0" fileid="11" />
                <SequencePoint vc="0" uspid="87" ordinal="7" offset="58" sl="24" sc="17" el="24" ec="30" bec="0" bev="0" fileid="11" />
                <SequencePoint vc="0" uspid="88" ordinal="8" offset="62" sl="26" sc="13" el="26" ec="35" bec="0" bev="0" fileid="11" />
                <SequencePoint vc="8" uspid="89" ordinal="9" offset="79" sl="27" sc="9" el="27" ec="10" bec="0" bev="0" fileid="11" />
              </SequencePoints>
              <BranchPoints>
                <BranchPoint vc="1" uspid="90" ordinal="0" offset="14" sl="17" path="0" offsetend="16" fileid="11" />
                <BranchPoint vc="7" uspid="91" ordinal="1" offset="14" sl="17" path="1" offsetend="20" fileid="11" />
                <BranchPoint vc="7" uspid="92" ordinal="2" offset="26" sl="20" path="0" offsetend="28" fileid="11" />
                <BranchPoint vc="0" uspid="93" ordinal="3" offset="26" sl="20" path="1" offsetend="32" fileid="11" />
                <BranchPoint vc="0" uspid="96" ordinal="6" offset="56" sl="23" path="0" offsetend="58" fileid="11" />
                <BranchPoint vc="0" uspid="97" ordinal="7" offset="56" sl="23" path="1" offsetend="62" fileid="11" />
              </BranchPoints>
              <MethodPoint xsi:type="SequencePoint" vc="8" uspid="80" ordinal="0" offset="0" sl="14" sc="9" el="14" ec="10" bec="0" bev="0" fileid="11" />
            </Method>
            <Method visited="true" cyclomaticComplexity="5" nPathComplexity="4" sequenceCoverage="85.71" branchCoverage="80" crapScore="5.07" isConstructor="false" isStatic="true" isGetter="false" isSetter="false">
              <Summary numSequencePoints="7" visitedSequencePoints="6" numBranchPoints="5" visitedBranchPoints="4" sequenceCoverage="85.71" branchCoverage="80" maxCyclomaticComplexity="5" minCyclomaticComplexity="5" maxCrapScore="5.07" minCrapScore="5.07" visitedClasses="0" numClasses="0" visitedMethods="1" numMethods="1" />
              <MetadataToken>100663359</MetadataToken>
              <Name>System.Boolean BancoTabajara.Dominio.Base.Entidade::op_Equality(BancoTabajara.Dominio.Base.Entidade,BancoTabajara.Dominio.Base.Entidade)</Name>
              <FileRef uid="11" />
              <SequencePoints>
                <SequencePoint vc="6" uspid="98" ordinal="0" offset="0" sl="30" sc="9" el="30" ec="10" bec="0" bev="0" fileid="11" />
                <SequencePoint vc="6" uspid="99" ordinal="1" offset="1" sl="31" sc="13" el="31" ec="70" bec="2" bev="2" fileid="11" />
                <SequencePoint vc="3" uspid="100" ordinal="2" offset="15" sl="32" sc="17" el="32" ec="29" bec="0" bev="0" fileid="11" />
                <SequencePoint vc="3" uspid="101" ordinal="3" offset="19" sl="34" sc="13" el="34" ec="70" bec="2" bev="1" fileid="11" />
                <SequencePoint vc="3" uspid="102" ordinal="4" offset="33" sl="35" sc="17" el="35" ec="30" bec="0" bev="0" fileid="11" />
                <SequencePoint vc="0" uspid="103" ordinal="5" offset="37" sl="37" sc="13" el="37" ec="32" bec="0" bev="0" fileid="11" />
                <SequencePoint vc="6" uspid="104" ordinal="6" offset="47" sl="38" sc="9" el="38" ec="10" bec="0" bev="0" fileid="11" />
              </SequencePoints>
              <BranchPoints>
                <BranchPoint vc="3" uspid="107" ordinal="2" offset="13" sl="31" path="0" offsetend="15" fileid="11" />
                <BranchPoint vc="3" uspid="108" ordinal="3" offset="13" sl="31" path="1" offsetend="19" fileid="11" />
                <BranchPoint vc="3" uspid="111" ordinal="6" offset="31" sl="34" path="0" offsetend="33" fileid="11" />
                <BranchPoint vc="0" uspid="112" ordinal="7" offset="31" sl="34" path="1" offsetend="37" fileid="11" />
              </BranchPoints>
              <MethodPoint xsi:type="SequencePoint" vc="6" uspid="98" ordinal="0" offset="0" sl="30" sc="9" el="30" ec="10" bec="0" bev="0" fileid="11" />
            </Method>
            <Method visited="false" cyclomaticComplexity="1" nPathComplexity="0" sequenceCoverage="0" branchCoverage="0" crapScore="2" isConstructor="false" isStatic="true" isGetter="false" isSetter="false">
              <Summary numSequencePoints="3" visitedSequencePoints="0" numBranchPoints="1" visitedBranchPoints="0" sequenceCoverage="0" branchCoverage="0" maxCyclomaticComplexity="1" minCyclomaticComplexity="1" maxCrapScore="2" minCrapScore="2" visitedClasses="0" numClasses="0" visitedMethods="0" numMethods="1" />
              <MetadataToken>100663360</MetadataToken>
              <Name>System.Boolean BancoTabajara.Dominio.Base.Entidade::op_Inequality(BancoTabajara.Dominio.Base.Entidade,BancoTabajara.Dominio.Base.Entidade)</Name>
              <FileRef uid="11" />
              <SequencePoints>
                <SequencePoint vc="0" uspid="113" ordinal="0" offset="0" sl="41" sc="9" el="41" ec="10" bec="0" bev="0" fileid="11" />
                <SequencePoint vc="0" uspid="114" ordinal="1" offset="1" sl="42" sc="13" el="42" ec="30" bec="0" bev="0" fileid="11" />
                <SequencePoint vc="0" uspid="115" ordinal="2" offset="14" sl="43" sc="9" el="43" ec="10" bec="0" bev="0" fileid="11" />
              </SequencePoints>
              <BranchPoints />
              <MethodPoint xsi:type="SequencePoint" vc="0" uspid="113" ordinal="0" offset="0" sl="41" sc="9" el="41" ec="10" bec="0" bev="0" fileid="11" />
            </Method>
            <Method visited="false" cyclomaticComplexity="1" nPathComplexity="0" sequenceCoverage="0" branchCoverage="0" crapScore="2" isConstructor="false" isStatic="false" isGetter="false" isSetter="false">
              <Summary numSequencePoints="3" visitedSequencePoints="0" numBranchPoints="1" visitedBranchPoints="0" sequenceCoverage="0" branchCoverage="0" maxCyclomaticComplexity="1" minCyclomaticComplexity="1" maxCrapScore="2" minCrapScore="2" visitedClasses="0" numClasses="0" visitedMethods="0" numMethods="1" />
              <MetadataToken>100663361</MetadataToken>
              <Name>System.Int32 BancoTabajara.Dominio.Base.Entidade::GetHashCode()</Name>
              <FileRef uid="11" />
              <SequencePoints>
                <SequencePoint vc="0" uspid="116" ordinal="0" offset="0" sl="46" sc="9" el="46" ec="10" bec="0" bev="0" fileid="11" />
                <SequencePoint vc="0" uspid="117" ordinal="1" offset="1" sl="47" sc="13" el="47" ec="37" bec="0" bev="0" fileid="11" />
                <SequencePoint vc="0" uspid="118" ordinal="2" offset="18" sl="48" sc="9" el="48" ec="10" bec="0" bev="0" fileid="11" />
              </SequencePoints>
              <BranchPoints />
              <MethodPoint xsi:type="SequencePoint" vc="0" uspid="116" ordinal="0" offset="0" sl="46" sc="9" el="46" ec="10" bec="0" bev="0" fileid="11" />
            </Method>
            <Method visited="false" cyclomaticComplexity="1" nPathComplexity="0" sequenceCoverage="0" branchCoverage="0" crapScore="2" isConstructor="false" isStatic="false" isGetter="false" isSetter="false">
              <Summary numSequencePoints="2" visitedSequencePoints="0" numBranchPoints="1" visitedBranchPoints="0" sequenceCoverage="0" branchCoverage="0" maxCyclomaticComplexity="1" minCyclomaticComplexity="1" maxCrapScore="2" minCrapScore="2" visitedClasses="0" numClasses="0" visitedMethods="0" numMethods="1" />
              <MetadataToken>100663362</MetadataToken>
              <Name>System.Void BancoTabajara.Dominio.Base.Entidade::Validar()</Name>
              <FileRef uid="11" />
              <SequencePoints>
                <SequencePoint vc="0" uspid="119" ordinal="0" offset="0" sl="51" sc="9" el="51" ec="10" bec="0" bev="0" fileid="11" />
                <SequencePoint vc="0" uspid="120" ordinal="1" offset="1" sl="53" sc="9" el="53" ec="10" bec="0" bev="0" fileid="11" />
              </SequencePoints>
              <BranchPoints />
              <MethodPoint xsi:type="SequencePoint" vc="0" uspid="119" ordinal="0" offset="0" sl="51" sc="9" el="51" ec="10" bec="0" bev="0" fileid="11" />
            </Method>
            <Method visited="false" cyclomaticComplexity="1" nPathComplexity="0" sequenceCoverage="0" branchCoverage="0" crapScore="2" isConstructor="true" isStatic="false" isGetter="false" isSetter="false">
              <Summary numSequencePoints="0" visitedSequencePoints="0" numBranchPoints="0" visitedBranchPoints="0" sequenceCoverage="0" branchCoverage="0" maxCyclomaticComplexity="1" minCyclomaticComplexity="1" maxCrapScore="2" minCrapScore="2" visitedClasses="0" numClasses="0" visitedMethods="0" numMethods="0" />
              <MetadataToken>100663363</MetadataToken>
              <Name>System.Void BancoTabajara.Dominio.Base.Entidade::.ctor()</Name>
              <SequencePoints />
              <BranchPoints />
              <MethodPoint vc="0" uspid="121" ordinal="0" offset="0" />
            </Method>
          </Methods>
        </Class>
      </Classes>
    </Module>
    <Module hash="2A-E2-F6-8E-9B-98-8E-05-3A-BC-7B-B4-4A-FB-D4-0F-B0-46-DC-B1">
      <Summary numSequencePoints="59" visitedSequencePoints="31" numBranchPoints="17" visitedBranchPoints="9" sequenceCoverage="52.54" branchCoverage="52.94" maxCyclomaticComplexity="2" minCyclomaticComplexity="1" maxCrapScore="6" minCrapScore="1" visitedClasses="2" numClasses="2" visitedMethods="7" numMethods="13" />
      <ModulePath>C:\Users\ndduser\Desktop\TFS\BandOfBrothers\ws-banco-tabajara\BancoTabajara\BancoTabajara.Aplicacao.Tests\bin\Debug\BancoTabajara.Aplicacao.dll</ModulePath>
      <ModuleTime>2018-07-25T19:20:25.5086047Z</ModuleTime>
      <ModuleName>BancoTabajara.Aplicacao</ModuleName>
      <Files>
        <File uid="23" fullPath="C:\Users\ndduser\Desktop\TFS\BandOfBrothers\ws-banco-tabajara\BancoTabajara\BancoTabajara.Aplicacao\Funcionalidades\Contas\ContaServico.cs" />
        <File uid="24" fullPath="C:\Users\ndduser\Desktop\TFS\BandOfBrothers\ws-banco-tabajara\BancoTabajara\BancoTabajara.Aplicacao\Funcionalidades\Clientes\ClienteServico.cs" />
      </Files>
      <Classes>
        <Class>
          <Summary numSequencePoints="32" visitedSequencePoints="4" numBranchPoints="9" visitedBranchPoints="1" sequenceCoverage="12.5" branchCoverage="11.11" maxCyclomaticComplexity="2" minCyclomaticComplexity="1" maxCrapScore="6" minCrapScore="1" visitedClasses="1" numClasses="1" visitedMethods="1" numMethods="7" />
          <FullName>BancoTabajara.Aplicacao.Funcionalidades.Contas.ContaServico</FullName>
          <Methods>
            <Method visited="true" cyclomaticComplexity="1" nPathComplexity="0" sequenceCoverage="100" branchCoverage="100" crapScore="1" isConstructor="true" isStatic="false" isGetter="false" isSetter="false">
              <Summary numSequencePoints="4" visitedSequencePoints="4" numBranchPoints="1" visitedBranchPoints="1" sequenceCoverage="100" branchCoverage="100" maxCyclomaticComplexity="1" minCyclomaticComplexity="1" maxCrapScore="1" minCrapScore="1" visitedClasses="0" numClasses="0" visitedMethods="1" numMethods="1" />
              <MetadataToken>100663297</MetadataToken>
              <Name>System.Void BancoTabajara.Aplicacao.Funcionalidades.Contas.ContaServico::.ctor(BancoTabajara.Infra.ORM.Funcionalidade.Contas.ContaRepositorio)</Name>
              <FileRef uid="23" />
              <SequencePoints>
                <SequencePoint vc="6" uspid="122" ordinal="0" offset="0" sl="19" sc="3" el="19" ec="54" bec="0" bev="0" fileid="23" />
                <SequencePoint vc="6" uspid="123" ordinal="1" offset="7" sl="20" sc="3" el="20" ec="4" bec="0" bev="0" fileid="23" />
                <SequencePoint vc="6" uspid="124" ordinal="2" offset="8" sl="21" sc="4" el="21" ec="35" bec="0" bev="0" fileid="23" />
                <SequencePoint vc="6" uspid="125" ordinal="3" offset="15" sl="22" sc="3" el="22" ec="4" bec="0" bev="0" fileid="23" />
              </SequencePoints>
              <BranchPoints />
              <MethodPoint xsi:type="SequencePoint" vc="6" uspid="122" ordinal="0" offset="0" sl="19" sc="3" el="19" ec="54" bec="0" bev="0" fileid="23" />
            </Method>
            <Method visited="false" cyclomaticComplexity="1" nPathComplexity="0" sequenceCoverage="0" branchCoverage="0" crapScore="2" isConstructor="true" isStatic="false" isGetter="false" isSetter="false">
              <Summary numSequencePoints="5" visitedSequencePoints="0" numBranchPoints="1" visitedBranchPoints="0" sequenceCoverage="0" branchCoverage="0" maxCyclomaticComplexity="1" minCyclomaticComplexity="1" maxCrapScore="2" minCrapScore="2" visitedClasses="0" numClasses="0" visitedMethods="0" numMethods="1" />
              <MetadataToken>100663298</MetadataToken>
              <Name>System.Void BancoTabajara.Aplicacao.Funcionalidades.Contas.ContaServico::.ctor(BancoTabajara.Dominio.Funcionalidades.Contas.IContaRepositorio,BancoTabajara.Dominio.Funcionalidades.Clientes.IClienteRepositorio)</Name>
              <FileRef uid="23" />
              <SequencePoints>
                <SequencePoint vc="0" uspid="126" ordinal="0" offset="0" sl="24" sc="3" el="24" ec="100" bec="0" bev="0" fileid="23" />
                <SequencePoint vc="0" uspid="127" ordinal="1" offset="7" sl="25" sc="3" el="25" ec="4" bec="0" bev="0" fileid="23" />
                <SequencePoint vc="0" uspid="128" ordinal="2" offset="8" sl="26" sc="4" el="26" ec="41" bec="0" bev="0" fileid="23" />
                <SequencePoint vc="0" uspid="129" ordinal="3" offset="15" sl="27" sc="4" el="27" ec="45" bec="0" bev="0" fileid="23" />
                <SequencePoint vc="0" uspid="130" ordinal="4" offset="22" sl="28" sc="3" el="28" ec="4" bec="0" bev="0" fileid="23" />
              </SequencePoints>
              <BranchPoints />
              <MethodPoint xsi:type="SequencePoint" vc="0" uspid="126" ordinal="0" offset="0" sl="24" sc="3" el="24" ec="100" bec="0" bev="0" fileid="23" />
            </Method>
            <Method visited="false" cyclomaticComplexity="2" nPathComplexity="2" sequenceCoverage="0" branchCoverage="0" crapScore="6" isConstructor="false" isStatic="false" isGetter="false" isSetter="false">
              <Summary numSequencePoints="10" visitedSequencePoints="0" numBranchPoints="3" visitedBranchPoints="0" sequenceCoverage="0" branchCoverage="0" maxCyclomaticComplexity="2" minCyclomaticComplexity="2" maxCrapScore="6" minCrapScore="6" visitedClasses="0" numClasses="0" visitedMethods="0" numMethods="1" />
              <MetadataToken>100663299</MetadataToken>
              <Name>System.Boolean BancoTabajara.Aplicacao.Funcionalidades.Contas.ContaServico::Atualizar(BancoTabajara.Dominio.Funcionalidades.Contas.Conta)</Name>
              <FileRef uid="23" />
              <SequencePoints>
                <SequencePoint vc="0" uspid="131" ordinal="0" offset="0" sl="31" sc="3" el="31" ec="4" bec="0" bev="0" fileid="23" />
                <SequencePoint vc="0" uspid="132" ordinal="1" offset="1" sl="32" sc="4" el="32" ec="67" bec="0" bev="0" fileid="23" />
                <SequencePoint vc="0" uspid="133" ordinal="2" offset="24" sl="33" sc="4" el="33" ec="59" bec="0" bev="0" fileid="23" />
                <SequencePoint vc="0" uspid="134" ordinal="3" offset="42" sl="34" sc="4" el="34" ec="24" bec="2" bev="0" fileid="23" />
                <SequencePoint vc="0" uspid="135" ordinal="4" offset="53" sl="35" sc="5" el="35" ec="40" bec="0" bev="0" fileid="23" />
                <SequencePoint vc="0" uspid="136" ordinal="5" offset="59" sl="37" sc="4" el="37" ec="34" bec="0" bev="0" fileid="23" />
                <SequencePoint vc="0" uspid="137" ordinal="6" offset="72" sl="38" sc="4" el="38" ec="34" bec="0" bev="0" fileid="23" />
                <SequencePoint vc="0" uspid="138" ordinal="7" offset="85" sl="39" sc="4" el="39" ec="30" bec="0" bev="0" fileid="23" />
                <SequencePoint vc="0" uspid="139" ordinal="8" offset="93" sl="41" sc="4" el="41" ec="50" bec="0" bev="0" fileid="23" />
                <SequencePoint vc="0" uspid="140" ordinal="9" offset="108" sl="42" sc="3" el="42" ec="4" bec="0" bev="0" fileid="23" />
              </SequencePoints>
              <BranchPoints>
                <BranchPoint vc="0" uspid="141" ordinal="0" offset="51" sl="34" path="0" offsetend="53" fileid="23" />
                <BranchPoint vc="0" uspid="142" ordinal="1" offset="51" sl="34" path="1" offsetend="59" fileid="23" />
              </BranchPoints>
              <MethodPoint xsi:type="SequencePoint" vc="0" uspid="131" ordinal="0" offset="0" sl="31" sc="3" el="31" ec="4" bec="0" bev="0" fileid="23" />
            </Method>
            <Method visited="false" cyclomaticComplexity="1" nPathComplexity="0" sequenceCoverage="0" branchCoverage="0" crapScore="2" isConstructor="false" isStatic="false" isGetter="false" isSetter="false">
              <Summary numSequencePoints="3" visitedSequencePoints="0" numBranchPoints="1" visitedBranchPoints="0" sequenceCoverage="0" branchCoverage="0" maxCyclomaticComplexity="1" minCyclomaticComplexity="1" maxCrapScore="2" minCrapScore="2" visitedClasses="0" numClasses="0" visitedMethods="0" numMethods="1" />
              <MetadataToken>100663300</MetadataToken>
              <Name>System.Boolean BancoTabajara.Aplicacao.Funcionalidades.Contas.ContaServico::Deletar(BancoTabajara.Dominio.Funcionalidades.Contas.Conta)</Name>
              <FileRef uid="23" />
              <SequencePoints>
                <SequencePoint vc="0" uspid="143" ordinal="0" offset="0" sl="45" sc="3" el="45" ec="4" bec="0" bev="0" fileid="23" />
                <SequencePoint vc="0" uspid="144" ordinal="1" offset="1" sl="46" sc="4" el="46" ec="47" bec="0" bev="0" fileid="23" />
                <SequencePoint vc="0" uspid="145" ordinal="2" offset="21" sl="47" sc="3" el="47" ec="4" bec="0" bev="0" fileid="23" />
              </SequencePoints>
              <BranchPoints />
              <MethodPoint xsi:type="SequencePoint" vc="0" uspid="143" ordinal="0" offset="0" sl="45" sc="3" el="45" ec="4" bec="0" bev="0" fileid="23" />
            </Method>
            <Method visited="false" cyclomaticComplexity="1" nPathComplexity="0" sequenceCoverage="0" branchCoverage="0" crapScore="2" isConstructor="false" isStatic="false" isGetter="false" isSetter="false">
              <Summary numSequencePoints="4" visitedSequencePoints="0" numBranchPoints="1" visitedBranchPoints="0" sequenceCoverage="0" branchCoverage="0" maxCyclomaticComplexity="1" minCyclomaticComplexity="1" maxCrapScore="2" minCrapScore="2" visitedClasses="0" numClasses="0" visitedMethods="0" numMethods="1" />
              <MetadataToken>100663301</MetadataToken>
              <Name>System.Int32 BancoTabajara.Aplicacao.Funcionalidades.Contas.ContaServico::Inserir(BancoTabajara.Dominio.Funcionalidades.Contas.Conta)</Name>
              <FileRef uid="23" />
              <SequencePoints>
                <SequencePoint vc="0" uspid="146" ordinal="0" offset="0" sl="50" sc="3" el="50" ec="4" bec="0" bev="0" fileid="23" />
                <SequencePoint vc="0" uspid="147" ordinal="1" offset="1" sl="51" sc="4" el="51" ec="54" bec="0" bev="0" fileid="23" />
                <SequencePoint vc="0" uspid="148" ordinal="2" offset="14" sl="53" sc="4" el="53" ec="23" bec="0" bev="0" fileid="23" />
                <SequencePoint vc="0" uspid="149" ordinal="3" offset="23" sl="54" sc="3" el="54" ec="4" bec="0" bev="0" fileid="23" />
              </SequencePoints>
              <BranchPoints />
              <MethodPoint xsi:type="SequencePoint" vc="0" uspid="146" ordinal="0" offset="0" sl="50" sc="3" el="50" ec="4" bec="0" bev="0" fileid="23" />
            </Method>
            <Method visited="false" cyclomaticComplexity="1" nPathComplexity="0" sequenceCoverage="0" branchCoverage="0" crapScore="2" isConstructor="false" isStatic="false" isGetter="false" isSetter="false">
              <Summary numSequencePoints="3" visitedSequencePoints="0" numBranchPoints="1" visitedBranchPoints="0" sequenceCoverage="0" branchCoverage="0" maxCyclomaticComplexity="1" minCyclomaticComplexity="1" maxCrapScore="2" minCrapScore="2" visitedClasses="0" numClasses="0" visitedMethods="0" numMethods="1" />
              <MetadataToken>100663302</MetadataToken>
              <Name>BancoTabajara.Dominio.Funcionalidades.Contas.Conta BancoTabajara.Aplicacao.Funcionalidades.Contas.ContaServico::PegarPorId(System.Int32)</Name>
              <FileRef uid="23" />
              <SequencePoints>
                <SequencePoint vc="0" uspid="150" ordinal="0" offset="0" sl="57" sc="3" el="57" ec="4" bec="0" bev="0" fileid="23" />
                <SequencePoint vc="0" uspid="151" ordinal="1" offset="1" sl="58" sc="4" el="58" ec="46" bec="0" bev="0" fileid="23" />
                <SequencePoint vc="0" uspid="152" ordinal="2" offset="16" sl="59" sc="3" el="59" ec="4" bec="0" bev="0" fileid="23" />
              </SequencePoints>
              <BranchPoints />
              <MethodPoint xsi:type="SequencePoint" vc="0" uspid="150" ordinal="0" offset="0" sl="57" sc="3" el="57" ec="4" bec="0" bev="0" fileid="23" />
            </Method>
            <Method visited="false" cyclomaticComplexity="1" nPathComplexity="0" sequenceCoverage="0" branchCoverage="0" crapScore="2" isConstructor="false" isStatic="false" isGetter="false" isSetter="false">
              <Summary numSequencePoints="3" visitedSequencePoints="0" numBranchPoints="1" visitedBranchPoints="0" sequenceCoverage="0" branchCoverage="0" maxCyclomaticComplexity="1" minCyclomaticComplexity="1" maxCrapScore="2" minCrapScore="2" visitedClasses="0" numClasses="0" visitedMethods="0" numMethods="1" />
              <MetadataToken>100663303</MetadataToken>
              <Name>System.Linq.IQueryable`1&lt;BancoTabajara.Dominio.Funcionalidades.Contas.Conta&gt; BancoTabajara.Aplicacao.Funcionalidades.Contas.ContaServico::PegarTodos()</Name>
              <FileRef uid="23" />
              <SequencePoints>
                <SequencePoint vc="0" uspid="153" ordinal="0" offset="0" sl="62" sc="3" el="62" ec="4" bec="0" bev="0" fileid="23" />
                <SequencePoint vc="0" uspid="154" ordinal="1" offset="1" sl="63" sc="4" el="63" ec="42" bec="0" bev="0" fileid="23" />
                <SequencePoint vc="0" uspid="155" ordinal="2" offset="15" sl="64" sc="3" el="64" ec="4" bec="0" bev="0" fileid="23" />
              </SequencePoints>
              <BranchPoints />
              <MethodPoint xsi:type="SequencePoint" vc="0" uspid="153" ordinal="0" offset="0" sl="62" sc="3" el="62" ec="4" bec="0" bev="0" fileid="23" />
            </Method>
          </Methods>
        </Class>
        <Class>
          <Summary numSequencePoints="27" visitedSequencePoints="27" numBranchPoints="8" visitedBranchPoints="8" sequenceCoverage="100" branchCoverage="100" maxCyclomaticComplexity="2" minCyclomaticComplexity="1" maxCrapScore="2" minCrapScore="1" visitedClasses="1" numClasses="1" visitedMethods="6" numMethods="6" />
          <FullName>BancoTabajara.Aplicacao.Funcionalidades.Clientes.ClienteServico</FullName>
          <Methods>
            <Method visited="true" cyclomaticComplexity="1" nPathComplexity="0" sequenceCoverage="100" branchCoverage="100" crapScore="1" isConstructor="true" isStatic="false" isGetter="false" isSetter="false">
              <Summary numSequencePoints="4" visitedSequencePoints="4" numBranchPoints="1" visitedBranchPoints="1" sequenceCoverage="100" branchCoverage="100" maxCyclomaticComplexity="1" minCyclomaticComplexity="1" maxCrapScore="1" minCrapScore="1" visitedClasses="0" numClasses="0" visitedMethods="1" numMethods="1" />
              <MetadataToken>100663309</MetadataToken>
              <Name>System.Void BancoTabajara.Aplicacao.Funcionalidades.Clientes.ClienteServico::.ctor(BancoTabajara.Dominio.Funcionalidades.Clientes.IClienteRepositorio)</Name>
              <FileRef uid="24" />
              <SequencePoints>
                <SequencePoint vc="14" uspid="156" ordinal="0" offset="0" sl="15" sc="9" el="15" ec="70" bec="0" bev="0" fileid="24" />
                <SequencePoint vc="14" uspid="157" ordinal="1" offset="7" sl="16" sc="9" el="16" ec="10" bec="0" bev="0" fileid="24" />
                <SequencePoint vc="14" uspid="158" ordinal="2" offset="8" sl="17" sc="13" el="17" ec="54" bec="0" bev="0" fileid="24" />
                <SequencePoint vc="14" uspid="159" ordinal="3" offset="15" sl="18" sc="9" el="18" ec="10" bec="0" bev="0" fileid="24" />
              </SequencePoints>
              <BranchPoints />
              <MethodPoint xsi:type="SequencePoint" vc="14" uspid="156" ordinal="0" offset="0" sl="15" sc="9" el="15" ec="70" bec="0" bev="0" fileid="24" />
            </Method>
            <Method visited="true" cyclomaticComplexity="1" nPathComplexity="0" sequenceCoverage="100" branchCoverage="100" crapScore="1" isConstructor="false" isStatic="false" isGetter="false" isSetter="false">
              <Summary numSequencePoints="4" visitedSequencePoints="4" numBranchPoints="1" visitedBranchPoints="1" sequenceCoverage="100" branchCoverage="100" maxCyclomaticComplexity="1" minCyclomaticComplexity="1" maxCrapScore="1" minCrapScore="1" visitedClasses="0" numClasses="0" visitedMethods="1" numMethods="1" />
              <MetadataToken>100663310</MetadataToken>
              <Name>System.Int32 BancoTabajara.Aplicacao.Funcionalidades.Clientes.ClienteServico::Inserir(BancoTabajara.Dominio.Funcionalidades.Clientes.Cliente)</Name>
              <FileRef uid="24" />
              <SequencePoints>
                <SequencePoint vc="1" uspid="160" ordinal="0" offset="0" sl="21" sc="9" el="21" ec="10" bec="0" bev="0" fileid="24" />
                <SequencePoint vc="1" uspid="161" ordinal="1" offset="1" sl="23" sc="13" el="23" ec="67" bec="0" bev="0" fileid="24" />
                <SequencePoint vc="1" uspid="162" ordinal="2" offset="14" sl="25" sc="13" el="25" ec="34" bec="0" bev="0" fileid="24" />
                <SequencePoint vc="1" uspid="163" ordinal="3" offset="23" sl="26" sc="9" el="26" ec="10" bec="0" bev="0" fileid="24" />
              </SequencePoints>
              <BranchPoints />
              <MethodPoint xsi:type="SequencePoint" vc="1" uspid="160" ordinal="0" offset="0" sl="21" sc="9" el="21" ec="10" bec="0" bev="0" fileid="24" />
            </Method>
            <Method visited="true" cyclomaticComplexity="1" nPathComplexity="0" sequenceCoverage="100" branchCoverage="100" crapScore="1" isConstructor="false" isStatic="false" isGetter="false" isSetter="false">
              <Summary numSequencePoints="3" visitedSequencePoints="3" numBranchPoints="1" visitedBranchPoints="1" sequenceCoverage="100" branchCoverage="100" maxCyclomaticComplexity="1" minCyclomaticComplexity="1" maxCrapScore="1" minCrapScore="1" visitedClasses="0" numClasses="0" visitedMethods="1" numMethods="1" />
              <MetadataToken>100663311</MetadataToken>
              <Name>System.Linq.IQueryable`1&lt;BancoTabajara.Dominio.Funcionalidades.Clientes.Cliente&gt; BancoTabajara.Aplicacao.Funcionalidades.Clientes.ClienteServico::PegarTodos()</Name>
              <FileRef uid="24" />
              <SequencePoints>
                <SequencePoint vc="1" uspid="164" ordinal="0" offset="0" sl="29" sc="9" el="29" ec="10" bec="0" bev="0" fileid="24" />
                <SequencePoint vc="1" uspid="165" ordinal="1" offset="1" sl="30" sc="13" el="30" ec="53" bec="0" bev="0" fileid="24" />
                <SequencePoint vc="1" uspid="166" ordinal="2" offset="15" sl="31" sc="9" el="31" ec="10" bec="0" bev="0" fileid="24" />
              </SequencePoints>
              <BranchPoints />
              <MethodPoint xsi:type="SequencePoint" vc="1" uspid="164" ordinal="0" offset="0" sl="29" sc="9" el="29" ec="10" bec="0" bev="0" fileid="24" />
            </Method>
            <Method visited="true" cyclomaticComplexity="1" nPathComplexity="0" sequenceCoverage="100" branchCoverage="100" crapScore="1" isConstructor="false" isStatic="false" isGetter="false" isSetter="false">
              <Summary numSequencePoints="3" visitedSequencePoints="3" numBranchPoints="1" visitedBranchPoints="1" sequenceCoverage="100" branchCoverage="100" maxCyclomaticComplexity="1" minCyclomaticComplexity="1" maxCrapScore="1" minCrapScore="1" visitedClasses="0" numClasses="0" visitedMethods="1" numMethods="1" />
              <MetadataToken>100663312</MetadataToken>
              <Name>BancoTabajara.Dominio.Funcionalidades.Clientes.Cliente BancoTabajara.Aplicacao.Funcionalidades.Clientes.ClienteServico::PegarPorId(System.Int32)</Name>
              <FileRef uid="24" />
              <SequencePoints>
                <SequencePoint vc="2" uspid="167" ordinal="0" offset="0" sl="34" sc="9" el="34" ec="10" bec="0" bev="0" fileid="24" />
                <SequencePoint vc="2" uspid="168" ordinal="1" offset="1" sl="35" sc="13" el="35" ec="55" bec="0" bev="0" fileid="24" />
                <SequencePoint vc="1" uspid="169" ordinal="2" offset="16" sl="36" sc="9" el="36" ec="10" bec="0" bev="0" fileid="24" />
              </SequencePoints>
              <BranchPoints />
              <MethodPoint xsi:type="SequencePoint" vc="2" uspid="167" ordinal="0" offset="0" sl="34" sc="9" el="34" ec="10" bec="0" bev="0" fileid="24" />
            </Method>
            <Method visited="true" cyclomaticComplexity="1" nPathComplexity="0" sequenceCoverage="100" branchCoverage="100" crapScore="1" isConstructor="false" isStatic="false" isGetter="false" isSetter="false">
              <Summary numSequencePoints="3" visitedSequencePoints="3" numBranchPoints="1" visitedBranchPoints="1" sequenceCoverage="100" branchCoverage="100" maxCyclomaticComplexity="1" minCyclomaticComplexity="1" maxCrapScore="1" minCrapScore="1" visitedClasses="0" numClasses="0" visitedMethods="1" numMethods="1" />
              <MetadataToken>100663313</MetadataToken>
              <Name>System.Boolean BancoTabajara.Aplicacao.Funcionalidades.Clientes.ClienteServico::Deletar(BancoTabajara.Dominio.Funcionalidades.Clientes.Cliente)</Name>
              <FileRef uid="24" />
              <SequencePoints>
                <SequencePoint vc="2" uspid="170" ordinal="0" offset="0" sl="39" sc="9" el="39" ec="10" bec="0" bev="0" fileid="24" />
                <SequencePoint vc="2" uspid="171" ordinal="1" offset="1" sl="40" sc="13" el="40" ec="60" bec="0" bev="0" fileid="24" />
                <SequencePoint vc="1" uspid="172" ordinal="2" offset="21" sl="41" sc="9" el="41" ec="10" bec="0" bev="0" fileid="24" />
              </SequencePoints>
              <BranchPoints />
              <MethodPoint xsi:type="SequencePoint" vc="2" uspid="170" ordinal="0" offset="0" sl="39" sc="9" el="39" ec="10" bec="0" bev="0" fileid="24" />
            </Method>
            <Method visited="true" cyclomaticComplexity="2" nPathComplexity="2" sequenceCoverage="100" branchCoverage="100" crapScore="2" isConstructor="false" isStatic="false" isGetter="false" isSetter="false">
              <Summary numSequencePoints="10" visitedSequencePoints="10" numBranchPoints="3" visitedBranchPoints="3" sequenceCoverage="100" branchCoverage="100" maxCyclomaticComplexity="2" minCyclomaticComplexity="2" maxCrapScore="2" minCrapScore="2" visitedClasses="0" numClasses="0" visitedMethods="1" numMethods="1" />
              <MetadataToken>100663314</MetadataToken>
              <Name>System.Boolean BancoTabajara.Aplicacao.Funcionalidades.Clientes.ClienteServico::Atualizar(BancoTabajara.Dominio.Funcionalidades.Clientes.Cliente)</Name>
              <FileRef uid="24" />
              <SequencePoints>
                <SequencePoint vc="2" uspid="173" ordinal="0" offset="0" sl="44" sc="9" el="44" ec="10" bec="0" bev="0" fileid="24" />
                <SequencePoint vc="2" uspid="174" ordinal="1" offset="1" sl="46" sc="13" el="46" ec="72" bec="0" bev="0" fileid="24" />
                <SequencePoint vc="2" uspid="175" ordinal="2" offset="19" sl="47" sc="13" el="47" ec="35" bec="2" bev="2" fileid="24" />
                <SequencePoint vc="1" uspid="176" ordinal="3" offset="30" sl="48" sc="17" el="48" ec="52" bec="0" bev="0" fileid="24" />
                <SequencePoint vc="1" uspid="177" ordinal="4" offset="36" sl="52" sc="13" el="52" ec="63" bec="0" bev="0" fileid="24" />
                <SequencePoint vc="1" uspid="178" ordinal="5" offset="49" sl="53" sc="13" el="53" ec="41" bec="0" bev="0" fileid="24" />
[...]
                <SequencePoint vc="3" uspid="524" ordinal="2" offset="35" sl="50" sc="3" el="50" ec="4" bec="0" bev="0" fileid="87" />
              </SequencePoints>
              <BranchPoints />
              <MethodPoint xsi:type="SequencePoint" vc="3" uspid="522" ordinal="0" offset="0" sl="48" sc="3" el="48" ec="4" bec="0" bev="0" fileid="87" />
            </Method>
            <Method visited="true" cyclomaticComplexity="1" nPathComplexity="0" sequenceCoverage="100" branchCoverage="100" crapScore="1" isConstructor="false" isStatic="false" isGetter="false" isSetter="false">
              <Summary numSequencePoints="3" visitedSequencePoints="3" numBranchPoints="1" visitedBranchPoints="1" sequenceCoverage="100" branchCoverage="100" maxCyclomaticComplexity="1" minCyclomaticComplexity="1" maxCrapScore="1" minCrapScore="1" visitedClasses="0" numClasses="0" visitedMethods="1" numMethods="1" />
              <MetadataToken>100663306</MetadataToken>
              <Name>System.Linq.IQueryable`1&lt;BancoTabajara.Dominio.Funcionalidades.Contas.Conta&gt; BancoTabajara.Infra.ORM.Funcionalidade.Contas.ContaRepositorio::PegarTodos()</Name>
              <FileRef uid="87" />
              <SequencePoints>
                <SequencePoint vc="1" uspid="525" ordinal="0" offset="0" sl="53" sc="3" el="53" ec="4" bec="0" bev="0" fileid="87" />
                <SequencePoint vc="1" uspid="526" ordinal="1" offset="1" sl="54" sc="4" el="54" ec="53" bec="0" bev="0" fileid="87" />
                <SequencePoint vc="1" uspid="527" ordinal="2" offset="77" sl="55" sc="3" el="55" ec="4" bec="0" bev="0" fileid="87" />
              </SequencePoints>
              <BranchPoints />
              <MethodPoint xsi:type="SequencePoint" vc="1" uspid="525" ordinal="0" offset="0" sl="53" sc="3" el="53" ec="4" bec="0" bev="0" fileid="87" />
            </Method>
          </Methods>
        </Class>
        <Class>
          <Summary numSequencePoints="0" visitedSequencePoints="0" numBranchPoints="0" visitedBranchPoints="0" sequenceCoverage="0" branchCoverage="0" maxCyclomaticComplexity="1" minCyclomaticComplexity="1" maxCrapScore="2" minCrapScore="2" visitedClasses="0" numClasses="0" visitedMethods="0" numMethods="0" />
          <FullName>BancoTabajara.Infra.ORM.Funcionalidade.Contas.ContaRepositorio/&lt;&gt;c__DisplayClass3_0</FullName>
          <Methods>
            <Method visited="false" cyclomaticComplexity="1" nPathComplexity="0" sequenceCoverage="0" branchCoverage="0" crapScore="2" isConstructor="true" isStatic="false" isGetter="false" isSetter="false">
              <Summary numSequencePoints="0" visitedSequencePoints="0" numBranchPoints="0" visitedBranchPoints="0" sequenceCoverage="0" branchCoverage="0" maxCyclomaticComplexity="1" minCyclomaticComplexity="1" maxCrapScore="2" minCrapScore="2" visitedClasses="0" numClasses="0" visitedMethods="0" numMethods="0" />
              <MetadataToken>100663325</MetadataToken>
              <Name>System.Void BancoTabajara.Infra.ORM.Funcionalidade.Contas.ContaRepositorio/&lt;&gt;c__DisplayClass3_0::.ctor()</Name>
              <SequencePoints />
              <BranchPoints />
              <MethodPoint vc="0" uspid="528" ordinal="0" offset="0" />
            </Method>
          </Methods>
        </Class>
        <Class>
          <Summary numSequencePoints="0" visitedSequencePoints="0" numBranchPoints="0" visitedBranchPoints="0" sequenceCoverage="0" branchCoverage="0" maxCyclomaticComplexity="1" minCyclomaticComplexity="1" maxCrapScore="2" minCrapScore="2" visitedClasses="0" numClasses="0" visitedMethods="0" numMethods="0" />
          <FullName>BancoTabajara.Infra.ORM.Funcionalidade.Contas.ContaRepositorio/&lt;&gt;c</FullName>
          <Methods>
            <Method visited="false" cyclomaticComplexity="1" nPathComplexity="0" sequenceCoverage="0" branchCoverage="0" crapScore="2" isConstructor="true" isStatic="true" isGetter="false" isSetter="false">
              <Summary numSequencePoints="0" visitedSequencePoints="0" numBranchPoints="0" visitedBranchPoints="0" sequenceCoverage="0" branchCoverage="0" maxCyclomaticComplexity="1" minCyclomaticComplexity="1" maxCrapScore="2" minCrapScore="2" visitedClasses="0" numClasses="0" visitedMethods="0" numMethods="0" />
              <MetadataToken>100663326</MetadataToken>
              <Name>System.Void BancoTabajara.Infra.ORM.Funcionalidade.Contas.ContaRepositorio/&lt;&gt;c::.cctor()</Name>
              <SequencePoints />
              <BranchPoints />
              <MethodPoint vc="0" uspid="529" ordinal="0" offset="0" />
            </Method>
            <Method visited="false" cyclomaticComplexity="1" nPathComplexity="0" sequenceCoverage="0" branchCoverage="0" crapScore="2" isConstructor="true" isStatic="false" isGetter="false" isSetter="false">
              <Summary numSequencePoints="0" visitedSequencePoints="0" numBranchPoints="0" visitedBranchPoints="0" sequenceCoverage="0" branchCoverage="0" maxCyclomaticComplexity="1" minCyclomaticComplexity="1" maxCrapScore="2" minCrapScore="2" visitedClasses="0" numClasses="0" visitedMethods="0" numMethods="0" />
              <MetadataToken>100663327</MetadataToken>
              <Name>System.Void BancoTabajara.Infra.ORM.Funcionalidade.Contas.ContaRepositorio/&lt;&gt;c::.ctor()</Name>
              <SequencePoints />
              <BranchPoints />
              <MethodPoint vc="0" uspid="530" ordinal="0" offset="0" />
            </Method>
          </Methods>
        </Class>
        <Class>
          <Summary numSequencePoints="27" visitedSequencePoints="27" numBranchPoints="8" visitedBranchPoints="8" sequenceCoverage="100" branchCoverage="100" maxCyclomaticComplexity="2" minCyclomaticComplexity="1" maxCrapScore="2" minCrapScore="1" visitedClasses="1" numClasses="1" visitedMethods="6" numMethods="6" />
          <FullName>BancoTabajara.Infra.ORM.Funcionalidade.Clientes.ClienteRepositorio</FullName>
          <Methods>
            <Method visited="true" cyclomaticComplexity="1" nPathComplexity="0" sequenceCoverage="100" branchCoverage="100" crapScore="1" isConstructor="true" isStatic="false" isGetter="false" isSetter="false">
              <Summary numSequencePoints="4" visitedSequencePoints="4" numBranchPoints="1" visitedBranchPoints="1" sequenceCoverage="100" branchCoverage="100" maxCyclomaticComplexity="1" minCyclomaticComplexity="1" maxCrapScore="1" minCrapScore="1" visitedClasses="0" numClasses="0" visitedMethods="1" numMethods="1" />
              <MetadataToken>100663308</MetadataToken>
              <Name>System.Void BancoTabajara.Infra.ORM.Funcionalidade.Clientes.ClienteRepositorio::.ctor(BancoTabajara.Infra.Contexto.BancoTabajaraDbContext)</Name>
              <FileRef uid="88" />
              <SequencePoints>
                <SequencePoint vc="22" uspid="531" ordinal="0" offset="0" sl="13" sc="9" el="13" ec="67" bec="0" bev="0" fileid="88" />
                <SequencePoint vc="22" uspid="532" ordinal="1" offset="7" sl="14" sc="9" el="14" ec="10" bec="0" bev="0" fileid="88" />
                <SequencePoint vc="22" uspid="533" ordinal="2" offset="8" sl="15" sc="13" el="15" ec="34" bec="0" bev="0" fileid="88" />
                <SequencePoint vc="22" uspid="534" ordinal="3" offset="15" sl="16" sc="9" el="16" ec="10" bec="0" bev="0" fileid="88" />
              </SequencePoints>
              <BranchPoints />
              <MethodPoint xsi:type="SequencePoint" vc="22" uspid="531" ordinal="0" offset="0" sl="13" sc="9" el="13" ec="67" bec="0" bev="0" fileid="88" />
            </Method>
            <Method visited="true" cyclomaticComplexity="1" nPathComplexity="0" sequenceCoverage="100" branchCoverage="100" crapScore="1" isConstructor="false" isStatic="false" isGetter="false" isSetter="false">
              <Summary numSequencePoints="6" visitedSequencePoints="6" numBranchPoints="1" visitedBranchPoints="1" sequenceCoverage="100" branchCoverage="100" maxCyclomaticComplexity="1" minCyclomaticComplexity="1" maxCrapScore="1" minCrapScore="1" visitedClasses="0" numClasses="0" visitedMethods="1" numMethods="1" />
              <MetadataToken>100663309</MetadataToken>
              <Name>BancoTabajara.Dominio.Funcionalidades.Clientes.Cliente BancoTabajara.Infra.ORM.Funcionalidade.Clientes.ClienteRepositorio::Inserir(BancoTabajara.Dominio.Funcionalidades.Clientes.Cliente)</Name>
              <FileRef uid="88" />
              <SequencePoints>
                <SequencePoint vc="1" uspid="535" ordinal="0" offset="0" sl="19" sc="9" el="19" ec="10" bec="0" bev="0" fileid="88" />
                <SequencePoint vc="1" uspid="536" ordinal="1" offset="1" sl="20" sc="13" el="20" ec="48" bec="0" bev="0" fileid="88" />
                <SequencePoint vc="1" uspid="537" ordinal="2" offset="19" sl="21" sc="13" el="21" ec="62" bec="0" bev="0" fileid="88" />
                <SequencePoint vc="1" uspid="538" ordinal="3" offset="37" sl="22" sc="13" el="22" ec="37" bec="0" bev="0" fileid="88" />
                <SequencePoint vc="1" uspid="539" ordinal="4" offset="49" sl="23" sc="13" el="23" ec="31" bec="0" bev="0" fileid="88" />
                <SequencePoint vc="1" uspid="540" ordinal="5" offset="53" sl="24" sc="9" el="24" ec="10" bec="0" bev="0" fileid="88" />
              </SequencePoints>
              <BranchPoints />
              <MethodPoint xsi:type="SequencePoint" vc="1" uspid="535" ordinal="0" offset="0" sl="19" sc="9" el="19" ec="10" bec="0" bev="0" fileid="88" />
            </Method>
            <Method visited="true" cyclomaticComplexity="1" nPathComplexity="0" sequenceCoverage="100" branchCoverage="100" crapScore="1" isConstructor="false" isStatic="false" isGetter="false" isSetter="false">
              <Summary numSequencePoints="3" visitedSequencePoints="3" numBranchPoints="1" visitedBranchPoints="1" sequenceCoverage="100" branchCoverage="100" maxCyclomaticComplexity="1" minCyclomaticComplexity="1" maxCrapScore="1" minCrapScore="1" visitedClasses="0" numClasses="0" visitedMethods="1" numMethods="1" />
              <MetadataToken>100663310</MetadataToken>
              <Name>System.Linq.IQueryable`1&lt;BancoTabajara.Dominio.Funcionalidades.Clientes.Cliente&gt; BancoTabajara.Infra.ORM.Funcionalidade.Clientes.ClienteRepositorio::PegarTodos()</Name>
              <FileRef uid="88" />
              <SequencePoints>
                <SequencePoint vc="1" uspid="541" ordinal="0" offset="0" sl="27" sc="9" el="27" ec="10" bec="0" bev="0" fileid="88" />
                <SequencePoint vc="1" uspid="542" ordinal="1" offset="1" sl="29" sc="13" el="29" ec="60" bec="0" bev="0" fileid="88" />
                <SequencePoint vc="1" uspid="543" ordinal="2" offset="77" sl="30" sc="9" el="30" ec="10" bec="0" bev="0" fileid="88" />
              </SequencePoints>
              <BranchPoints />
              <MethodPoint xsi:type="SequencePoint" vc="1" uspid="541" ordinal="0" offset="0" sl="27" sc="9" el="27" ec="10" bec="0" bev="0" fileid="88" />
            </Method>
            <Method visited="true" cyclomaticComplexity="1" nPathComplexity="0" sequenceCoverage="100" branchCoverage="100" crapScore="1" isConstructor="false" isStatic="false" isGetter="false" isSetter="false">
              <Summary numSequencePoints="3" visitedSequencePoints="3" numBranchPoints="1" visitedBranchPoints="1" sequenceCoverage="100" branchCoverage="100" maxCyclomaticComplexity="1" minCyclomaticComplexity="1" maxCrapScore="1" minCrapScore="1" visitedClasses="0" numClasses="0" visitedMethods="1" numMethods="1" />
              <MetadataToken>100663311</MetadataToken>
              <Name>BancoTabajara.Dominio.Funcionalidades.Clientes.Cliente BancoTabajara.Infra.ORM.Funcionalidade.Clientes.ClienteRepositorio::PegarPorId(System.Int32)</Name>
              <FileRef uid="88" />
              <SequencePoints>
                <SequencePoint vc="3" uspid="544" ordinal="0" offset="0" sl="33" sc="9" el="33" ec="10" bec="0" bev="0" fileid="88" />
                <SequencePoint vc="3" uspid="545" ordinal="1" offset="1" sl="35" sc="13" el="35" ec="55" bec="0" bev="0" fileid="88" />
                <SequencePoint vc="3" uspid="546" ordinal="2" offset="35" sl="36" sc="9" el="36" ec="10" bec="0" bev="0" fileid="88" />
              </SequencePoints>
              <BranchPoints />
              <MethodPoint xsi:type="SequencePoint" vc="3" uspid="544" ordinal="0" offset="0" sl="33" sc="9" el="33" ec="10" bec="0" bev="0" fileid="88" />
            </Method>
            <Method visited="true" cyclomaticComplexity="2" nPathComplexity="2" sequenceCoverage="100" branchCoverage="100" crapScore="2" isConstructor="false" isStatic="false" isGetter="false" isSetter="false">
              <Summary numSequencePoints="7" visitedSequencePoints="7" numBranchPoints="3" visitedBranchPoints="3" sequenceCoverage="100" branchCoverage="100" maxCyclomaticComplexity="2" minCyclomaticComplexity="2" maxCrapScore="2" minCrapScore="2" visitedClasses="0" numClasses="0" visitedMethods="1" numMethods="1" />
              <MetadataToken>100663312</MetadataToken>
              <Name>System.Boolean BancoTabajara.Infra.ORM.Funcionalidade.Clientes.ClienteRepositorio::Deletar(System.Int32)</Name>
              <FileRef uid="88" />
              <SequencePoints>
                <SequencePoint vc="2" uspid="547" ordinal="0" offset="13" sl="39" sc="9" el="39" ec="10" bec="0" bev="0" fileid="88" />
                <SequencePoint vc="2" uspid="548" ordinal="1" offset="14" sl="40" sc="13" el="40" ec="93" bec="0" bev="0" fileid="88" />
                <SequencePoint vc="2" uspid="549" ordinal="2" offset="129" sl="41" sc="13" el="41" ec="33" bec="2" bev="2" fileid="88" />
                <SequencePoint vc="1" uspid="550" ordinal="3" offset="140" sl="42" sc="17" el="42" ec="52" bec="0" bev="0" fileid="88" />
                <SequencePoint vc="1" uspid="551" ordinal="4" offset="146" sl="44" sc="13" el="44" ec="66" bec="0" bev="0" fileid="88" />
                <SequencePoint vc="1" uspid="552" ordinal="5" offset="165" sl="45" sc="13" el="45" ec="48" bec="0" bev="0" fileid="88" />
                <SequencePoint vc="1" uspid="553" ordinal="6" offset="183" sl="46" sc="9" el="46" ec="10" bec="0" bev="0" fileid="88" />
              </SequencePoints>
              <BranchPoints>
                <BranchPoint vc="1" uspid="554" ordinal="0" offset="138" sl="41" path="0" offsetend="140" fileid="88" />
                <BranchPoint vc="1" uspid="555" ordinal="1" offset="138" sl="41" path="1" offsetend="146" fileid="88" />
              </BranchPoints>
              <MethodPoint vc="2" uspid="556" ordinal="0" offset="0" />
            </Method>
            <Method visited="true" cyclomaticComplexity="1" nPathComplexity="0" sequenceCoverage="100" branchCoverage="100" crapScore="1" isConstructor="false" isStatic="false" isGetter="false" isSetter="false">
              <Summary numSequencePoints="4" visitedSequencePoints="4" numBranchPoints="1" visitedBranchPoints="1" sequenceCoverage="100" branchCoverage="100" maxCyclomaticComplexity="1" minCyclomaticComplexity="1" maxCrapScore="1" minCrapScore="1" visitedClasses="0" numClasses="0" visitedMethods="1" numMethods="1" />
              <MetadataToken>100663313</MetadataToken>
              <Name>System.Boolean BancoTabajara.Infra.ORM.Funcionalidade.Clientes.ClienteRepositorio::Atualizar(BancoTabajara.Dominio.Funcionalidades.Clientes.Cliente)</Name>
              <FileRef uid="88" />
              <SequencePoints>
                <SequencePoint vc="2" uspid="557" ordinal="0" offset="0" sl="49" sc="9" el="49" ec="10" bec="0" bev="0" fileid="88" />
                <SequencePoint vc="2" uspid="558" ordinal="1" offset="1" sl="50" sc="13" el="50" ec="67" bec="0" bev="0" fileid="88" />
                <SequencePoint vc="2" uspid="559" ordinal="2" offset="21" sl="51" sc="13" el="51" ec="48" bec="0" bev="0" fileid="88" />
                <SequencePoint vc="1" uspid="560" ordinal="3" offset="38" sl="52" sc="9" el="52" ec="10" bec="0" bev="0" fileid="88" />
              </SequencePoints>
              <BranchPoints />
              <MethodPoint xsi:type="SequencePoint" vc="2" uspid="557" ordinal="0" offset="0" sl="49" sc="9" el="49" ec="10" bec="0" bev="0" fileid="88" />
            </Method>
          </Methods>
        </Class>
        <Class>
          <Summary numSequencePoints="0" visitedSequencePoints="0" numBranchPoints="0" visitedBranchPoints="0" sequenceCoverage="0" branchCoverage="0" maxCyclomaticComplexity="1" minCyclomaticComplexity="1" maxCrapScore="2" minCrapScore="2" visitedClasses="0" numClasses="0" visitedMethods="0" numMethods="0" />
          <FullName>BancoTabajara.Infra.ORM.Funcionalidade.Clientes.ClienteRepositorio/&lt;&gt;c</FullName>
          <Methods>
            <Method visited="false" cyclomaticComplexity="1" nPathComplexity="0" sequenceCoverage="0" branchCoverage="0" crapScore="2" isConstructor="true" isStatic="true" isGetter="false" isSetter="false">
              <Summary numSequencePoints="0" visitedSequencePoints="0" numBranchPoints="0" visitedBranchPoints="0" sequenceCoverage="0" branchCoverage="0" maxCyclomaticComplexity="1" minCyclomaticComplexity="1" maxCrapScore="2" minCrapScore="2" visitedClasses="0" numClasses="0" visitedMethods="0" numMethods="0" />
              <MetadataToken>100663330</MetadataToken>
              <Name>System.Void BancoTabajara.Infra.ORM.Funcionalidade.Clientes.ClienteRepositorio/&lt;&gt;c::.cctor()</Name>
              <SequencePoints />
              <BranchPoints />
              <MethodPoint vc="0" uspid="561" ordinal="0" offset="0" />
            </Method>
            <Method visited="false" cyclomaticComplexity="1" nPathComplexity="0" sequenceCoverage="0" branchCoverage="0" crapScore="2" isConstructor="true" isStatic="false" isGetter="false" isSetter="false">
              <Summary numSequencePoints="0" visitedSequencePoints="0" numBranchPoints="0" visitedBranchPoints="0" sequenceCoverage="0" branchCoverage="0" maxCyclomaticComplexity="1" minCyclomaticComplexity="1" maxCrapScore="2" minCrapScore="2" visitedClasses="0" numClasses="0" visitedMethods="0" numMethods="0" />
              <MetadataToken>100663331</MetadataToken>
              <Name>System.Void BancoTabajara.Infra.ORM.Funcionalidade.Clientes.ClienteRepositorio/&lt;&gt;c::.ctor()</Name>
              <SequencePoints />
              <BranchPoints />
              <MethodPoint vc="0" uspid="562" ordinal="0" offset="0" />
            </Method>
          </Methods>
        </Class>
        <Class>
          <Summary numSequencePoints="0" visitedSequencePoints="0" numBranchPoints="0" visitedBranchPoints="0" sequenceCoverage="0" branchCoverage="0" maxCyclomaticComplexity="1" minCyclomaticComplexity="1" maxCrapScore="2" minCrapScore="2" visitedClasses="0" numClasses="0" visitedMethods="0" numMethods="0" />
          <FullName>BancoTabajara.Infra.ORM.Funcionalidade.Clientes.ClienteRepositorio/&lt;&gt;c__DisplayClass5_0</FullName>
          <Methods>
            <Method visited="false" cyclomaticComplexity="1" nPathComplexity="0" sequenceCoverage="0" branchCoverage="0" crapScore="2" isConstructor="true" isStatic="false" isGetter="false" isSetter="false">
              <Summary numSequencePoints="0" visitedSequencePoints="0" numBranchPoints="0" visitedBranchPoints="0" sequenceCoverage="0" branchCoverage="0" maxCyclomaticComplexity="1" minCyclomaticComplexity="1" maxCrapScore="2" minCrapScore="2" visitedClasses="0" numClasses="0" visitedMethods="0" numMethods="0" />
              <MetadataToken>100663332</MetadataToken>
              <Name>System.Void BancoTabajara.Infra.ORM.Funcionalidade.Clientes.ClienteRepositorio/&lt;&gt;c__DisplayClass5_0::.ctor()</Name>
              <SequencePoints />
              <BranchPoints />
              <MethodPoint vc="0" uspid="563" ordinal="0" offset="0" />
            </Method>
          </Methods>
        </Class>
      </Classes>
    </Module>
  </Modules>
</CoverageSession>