<?xml version="1.0" encoding="utf-8"?>
<CoverageSession xmlns:xsd="http://www.w3.org/2001/XMLSchema" xmlns:xsi="http://www.w3.org/2001/XMLSchema-instance" Version="4.6.0.0">
  <Summary numSequencePoints="546" visitedSequencePoints="436" numBranchPoints="217" visitedBranchPoints="169" sequenceCoverage="79.85" branchCoverage="77.88" maxCyclomaticComplexity="14" minCyclomaticComplexity="1" maxCrapScore="14.01" minCrapScore="1" visitedClasses="18" numClasses="21" visitedMethods="63" numMethods="91" />
  <Modules>
    <Module hash="56-E6-64-9C-96-C3-25-0E-32-C7-0E-E2-6D-14-26-75-CA-B7-FD-0F">
      <Summary numSequencePoints="191" visitedSequencePoints="162" numBranchPoints="97" visitedBranchPoints="79" sequenceCoverage="84.82" branchCoverage="81.44" maxCyclomaticComplexity="14" minCyclomaticComplexity="1" maxCrapScore="14.01" minCrapScore="1" visitedClasses="9" numClasses="10" visitedMethods="23" numMethods="29" />
      <ModulePath>C:\Users\ndduser\Desktop\TFS\BandOfBrothers\Projeto-pizzaria\Projeto-pizzaria.Aplicacao.Teste\bin\Debug\Projeto-pizzaria.Dominio.dll</ModulePath>
      <ModuleTime>2018-07-11T17:38:42.6521577Z</ModuleTime>
      <ModuleName>Projeto-pizzaria.Dominio</ModuleName>
      <Files>
        <File uid="1" fullPath="C:\Users\ndduser\Desktop\TFS\BandOfBrothers\Projeto-pizzaria\Projeto-pizzaria.Dominio\Features\Produtos\Produto.cs" />
        <File uid="2" fullPath="C:\Users\ndduser\Desktop\TFS\BandOfBrothers\Projeto-pizzaria\Projeto-pizzaria.Dominio\Features\Pizzas\Pizza.cs" />
        <File uid="3" fullPath="C:\Users\ndduser\Desktop\TFS\BandOfBrothers\Projeto-pizzaria\Projeto-pizzaria.Dominio\Features\Pedidos\Pedido.cs" />
        <File uid="6" fullPath="C:\Users\ndduser\Desktop\TFS\BandOfBrothers\Projeto-pizzaria\Projeto-pizzaria.Dominio\Features\ItensPedido\ItemPedido.cs" />
        <File uid="7" fullPath="C:\Users\ndduser\Desktop\TFS\BandOfBrothers\Projeto-pizzaria\Projeto-pizzaria.Dominio\Features\Enderecos\Endereco.cs" />
        <File uid="8" fullPath="C:\Users\ndduser\Desktop\TFS\BandOfBrothers\Projeto-pizzaria\Projeto-pizzaria.Dominio\Features\Clientes\Cliente.cs" />
        <File uid="13" fullPath="C:\Users\ndduser\Desktop\TFS\BandOfBrothers\Projeto-pizzaria\Projeto-pizzaria.Dominio\Features\Calzones\Calzone.cs" />
        <File uid="14" fullPath="C:\Users\ndduser\Desktop\TFS\BandOfBrothers\Projeto-pizzaria\Projeto-pizzaria.Dominio\Features\Bebidas\Bebida.cs" />
        <File uid="15" fullPath="C:\Users\ndduser\Desktop\TFS\BandOfBrothers\Projeto-pizzaria\Projeto-pizzaria.Dominio\Features\Adicionais\Adicional.cs" />
      </Files>
      <Classes>
        <Class>
          <Summary numSequencePoints="19" visitedSequencePoints="14" numBranchPoints="9" visitedBranchPoints="6" sequenceCoverage="73.68" branchCoverage="66.67" maxCyclomaticComplexity="3" minCyclomaticComplexity="1" maxCrapScore="3.33" minCrapScore="1" visitedClasses="1" numClasses="1" visitedMethods="4" numMethods="5" />
          <FullName>Projeto_pizzaria.Dominio.Features.Produtos.Produto</FullName>
          <Methods>
            <Method skippedDueTo="AutoImplementedProperty" visited="false" cyclomaticComplexity="1" nPathComplexity="0" sequenceCoverage="0" branchCoverage="0" crapScore="0" isConstructor="false" isStatic="false" isGetter="true" isSetter="false">
              <MetadataToken>100663302</MetadataToken>
              <Name>System.Double Projeto_pizzaria.Dominio.Features.Produtos.Produto::get_ValorProduto()</Name>
              <FileRef uid="1" />
              <SequencePoints />
              <BranchPoints />
            </Method>
            <Method skippedDueTo="AutoImplementedProperty" visited="false" cyclomaticComplexity="1" nPathComplexity="0" sequenceCoverage="0" branchCoverage="0" crapScore="0" isConstructor="false" isStatic="false" isGetter="false" isSetter="true">
              <MetadataToken>100663303</MetadataToken>
              <Name>System.Void Projeto_pizzaria.Dominio.Features.Produtos.Produto::set_ValorProduto(System.Double)</Name>
              <FileRef uid="1" />
              <SequencePoints />
              <BranchPoints />
            </Method>
            <Method skippedDueTo="AutoImplementedProperty" visited="false" cyclomaticComplexity="1" nPathComplexity="0" sequenceCoverage="0" branchCoverage="0" crapScore="0" isConstructor="false" isStatic="false" isGetter="true" isSetter="false">
              <MetadataToken>100663304</MetadataToken>
              <Name>System.String Projeto_pizzaria.Dominio.Features.Produtos.Produto::get_Nome()</Name>
              <FileRef uid="1" />
              <SequencePoints />
              <BranchPoints />
            </Method>
            <Method skippedDueTo="AutoImplementedProperty" visited="false" cyclomaticComplexity="1" nPathComplexity="0" sequenceCoverage="0" branchCoverage="0" crapScore="0" isConstructor="false" isStatic="false" isGetter="false" isSetter="true">
              <MetadataToken>100663305</MetadataToken>
              <Name>System.Void Projeto_pizzaria.Dominio.Features.Produtos.Produto::set_Nome(System.String)</Name>
              <FileRef uid="1" />
              <SequencePoints />
              <BranchPoints />
            </Method>
            <Method skippedDueTo="AutoImplementedProperty" visited="false" cyclomaticComplexity="1" nPathComplexity="0" sequenceCoverage="0" branchCoverage="0" crapScore="0" isConstructor="false" isStatic="false" isGetter="true" isSetter="false">
              <MetadataToken>100663306</MetadataToken>
              <Name>Projeto_pizzaria.Dominio.Features.Produtos.TipoProdutoEnum Projeto_pizzaria.Dominio.Features.Produtos.Produto::get_Tipo()</Name>
              <FileRef uid="1" />
              <SequencePoints />
              <BranchPoints />
            </Method>
            <Method skippedDueTo="AutoImplementedProperty" visited="false" cyclomaticComplexity="1" nPathComplexity="0" sequenceCoverage="0" branchCoverage="0" crapScore="0" isConstructor="false" isStatic="false" isGetter="false" isSetter="true">
              <MetadataToken>100663307</MetadataToken>
              <Name>System.Void Projeto_pizzaria.Dominio.Features.Produtos.Produto::set_Tipo(Projeto_pizzaria.Dominio.Features.Produtos.TipoProdutoEnum)</Name>
              <FileRef uid="1" />
              <SequencePoints />
              <BranchPoints />
            </Method>
            <Method visited="true" cyclomaticComplexity="1" nPathComplexity="0" sequenceCoverage="100" branchCoverage="100" crapScore="1" isConstructor="true" isStatic="false" isGetter="false" isSetter="false">
              <Summary numSequencePoints="4" visitedSequencePoints="4" numBranchPoints="1" visitedBranchPoints="1" sequenceCoverage="100" branchCoverage="100" maxCyclomaticComplexity="1" minCyclomaticComplexity="1" maxCrapScore="1" minCrapScore="1" visitedClasses="0" numClasses="0" visitedMethods="1" numMethods="1" />
              <MetadataToken>100663308</MetadataToken>
              <Name>System.Void Projeto_pizzaria.Dominio.Features.Produtos.Produto::.ctor(System.String)</Name>
              <FileRef uid="1" />
              <SequencePoints>
                <SequencePoint vc="135" uspid="1" ordinal="0" offset="0" sl="15" sc="9" el="15" ec="38" bec="0" bev="0" fileid="1" />
                <SequencePoint vc="135" uspid="2" ordinal="1" offset="7" sl="16" sc="3" el="16" ec="4" bec="0" bev="0" fileid="1" />
                <SequencePoint vc="135" uspid="3" ordinal="2" offset="8" sl="17" sc="4" el="17" ec="16" bec="0" bev="0" fileid="1" />
                <SequencePoint vc="135" uspid="4" ordinal="3" offset="16" sl="18" sc="3" el="18" ec="4" bec="0" bev="0" fileid="1" />
              </SequencePoints>
              <BranchPoints />
              <MethodPoint xsi:type="SequencePoint" vc="135" uspid="1" ordinal="0" offset="0" sl="15" sc="9" el="15" ec="38" bec="0" bev="0" fileid="1" />
            </Method>
            <Method visited="false" cyclomaticComplexity="1" nPathComplexity="0" sequenceCoverage="0" branchCoverage="0" crapScore="2" isConstructor="true" isStatic="false" isGetter="false" isSetter="false">
              <Summary numSequencePoints="3" visitedSequencePoints="0" numBranchPoints="1" visitedBranchPoints="0" sequenceCoverage="0" branchCoverage="0" maxCyclomaticComplexity="1" minCyclomaticComplexity="1" maxCrapScore="2" minCrapScore="2" visitedClasses="0" numClasses="0" visitedMethods="0" numMethods="1" />
              <MetadataToken>100663309</MetadataToken>
              <Name>System.Void Projeto_pizzaria.Dominio.Features.Produtos.Produto::.ctor()</Name>
              <FileRef uid="1" />
              <SequencePoints>
                <SequencePoint vc="0" uspid="5" ordinal="0" offset="0" sl="20" sc="9" el="20" ec="28" bec="0" bev="0" fileid="1" />
                <SequencePoint vc="0" uspid="6" ordinal="1" offset="7" sl="21" sc="9" el="21" ec="10" bec="0" bev="0" fileid="1" />
                <SequencePoint vc="0" uspid="7" ordinal="2" offset="8" sl="23" sc="9" el="23" ec="10" bec="0" bev="0" fileid="1" />
              </SequencePoints>
              <BranchPoints />
              <MethodPoint xsi:type="SequencePoint" vc="0" uspid="5" ordinal="0" offset="0" sl="20" sc="9" el="20" ec="28" bec="0" bev="0" fileid="1" />
            </Method>
            <Method visited="true" cyclomaticComplexity="1" nPathComplexity="0" sequenceCoverage="100" branchCoverage="100" crapScore="1" isConstructor="false" isStatic="false" isGetter="false" isSetter="false">
              <Summary numSequencePoints="3" visitedSequencePoints="3" numBranchPoints="1" visitedBranchPoints="1" sequenceCoverage="100" branchCoverage="100" maxCyclomaticComplexity="1" minCyclomaticComplexity="1" maxCrapScore="1" minCrapScore="1" visitedClasses="0" numClasses="0" visitedMethods="1" numMethods="1" />
              <MetadataToken>100663310</MetadataToken>
              <Name>System.Double Projeto_pizzaria.Dominio.Features.Produtos.Produto::GetPreco()</Name>
              <FileRef uid="1" />
              <SequencePoints>
                <SequencePoint vc="81" uspid="8" ordinal="0" offset="0" sl="25" sc="29" el="25" ec="30" bec="0" bev="0" fileid="1" />
                <SequencePoint vc="81" uspid="9" ordinal="1" offset="1" sl="25" sc="31" el="25" ec="51" bec="0" bev="0" fileid="1" />
                <SequencePoint vc="81" uspid="10" ordinal="2" offset="10" sl="25" sc="52" el="25" ec="53" bec="0" bev="0" fileid="1" />
              </SequencePoints>
              <BranchPoints />
              <MethodPoint xsi:type="SequencePoint" vc="81" uspid="8" ordinal="0" offset="0" sl="25" sc="29" el="25" ec="30" bec="0" bev="0" fileid="1" />
            </Method>
            <Method visited="true" cyclomaticComplexity="1" nPathComplexity="0" sequenceCoverage="100" branchCoverage="100" crapScore="1" isConstructor="false" isStatic="false" isGetter="false" isSetter="false">
              <Summary numSequencePoints="3" visitedSequencePoints="3" numBranchPoints="1" visitedBranchPoints="1" sequenceCoverage="100" branchCoverage="100" maxCyclomaticComplexity="1" minCyclomaticComplexity="1" maxCrapScore="1" minCrapScore="1" visitedClasses="0" numClasses="0" visitedMethods="1" numMethods="1" />
              <MetadataToken>100663311</MetadataToken>
              <Name>System.String Projeto_pizzaria.Dominio.Features.Produtos.Produto::GetNome()</Name>
              <FileRef uid="1" />
              <SequencePoints>
                <SequencePoint vc="48" uspid="11" ordinal="0" offset="0" sl="26" sc="28" el="26" ec="29" bec="0" bev="0" fileid="1" />
                <SequencePoint vc="48" uspid="12" ordinal="1" offset="1" sl="26" sc="30" el="26" ec="42" bec="0" bev="0" fileid="1" />
                <SequencePoint vc="48" uspid="13" ordinal="2" offset="10" sl="26" sc="43" el="26" ec="44" bec="0" bev="0" fileid="1" />
              </SequencePoints>
              <BranchPoints />
              <MethodPoint xsi:type="SequencePoint" vc="48" uspid="11" ordinal="0" offset="0" sl="26" sc="28" el="26" ec="29" bec="0" bev="0" fileid="1" />
            </Method>
            <Method visited="true" cyclomaticComplexity="3" nPathComplexity="4" sequenceCoverage="66.67" branchCoverage="60" crapScore="3.33" isConstructor="false" isStatic="false" isGetter="false" isSetter="false">
              <Summary numSequencePoints="6" visitedSequencePoints="4" numBranchPoints="5" visitedBranchPoints="3" sequenceCoverage="66.67" branchCoverage="60" maxCyclomaticComplexity="3" minCyclomaticComplexity="3" maxCrapScore="3.33" minCrapScore="3.33" visitedClasses="0" numClasses="0" visitedMethods="1" numMethods="1" />
              <MetadataToken>100663312</MetadataToken>
              <Name>System.Void Projeto_pizzaria.Dominio.Features.Produtos.Produto::Validar()</Name>
              <FileRef uid="1" />
              <SequencePoints>
                <SequencePoint vc="5" uspid="14" ordinal="0" offset="0" sl="29" sc="9" el="29" ec="10" bec="0" bev="0" fileid="1" />
                <SequencePoint vc="5" uspid="15" ordinal="1" offset="1" sl="30" sc="13" el="30" ec="44" bec="2" bev="1" fileid="1" />
                <SequencePoint vc="0" uspid="16" ordinal="2" offset="16" sl="31" sc="17" el="31" ec="60" bec="0" bev="0" fileid="1" />
                <SequencePoint vc="5" uspid="17" ordinal="3" offset="22" sl="32" sc="13" el="32" ec="35" bec="2" bev="1" fileid="1" />
                <SequencePoint vc="0" uspid="18" ordinal="4" offset="46" sl="33" sc="17" el="33" ec="59" bec="0" bev="0" fileid="1" />
                <SequencePoint vc="5" uspid="19" ordinal="5" offset="52" sl="34" sc="9" el="34" ec="10" bec="0" bev="0" fileid="1" />
              </SequencePoints>
              <BranchPoints>
                <BranchPoint vc="0" uspid="20" ordinal="0" offset="14" sl="30" path="0" offsetend="16" fileid="1" />
                <BranchPoint vc="5" uspid="21" ordinal="1" offset="14" sl="30" path="1" offsetend="22" fileid="1" />
                <BranchPoint vc="0" uspid="22" ordinal="2" offset="44" sl="32" path="0" offsetend="46" fileid="1" />
                <BranchPoint vc="5" uspid="23" ordinal="3" offset="44" sl="32" path="1" offsetend="52" fileid="1" />
              </BranchPoints>
              <MethodPoint xsi:type="SequencePoint" vc="5" uspid="14" ordinal="0" offset="0" sl="29" sc="9" el="29" ec="10" bec="0" bev="0" fileid="1" />
            </Method>
          </Methods>
        </Class>
        <Class>
          <Summary numSequencePoints="5" visitedSequencePoints="5" numBranchPoints="1" visitedBranchPoints="1" sequenceCoverage="100" branchCoverage="100" maxCyclomaticComplexity="1" minCyclomaticComplexity="1" maxCrapScore="1" minCrapScore="1" visitedClasses="1" numClasses="1" visitedMethods="1" numMethods="1" />
          <FullName>Projeto_pizzaria.Dominio.Features.Pizzas.Pizza</FullName>
          <Methods>
            <Method visited="true" cyclomaticComplexity="1" nPathComplexity="0" sequenceCoverage="100" branchCoverage="100" crapScore="1" isConstructor="true" isStatic="false" isGetter="false" isSetter="false">
              <Summary numSequencePoints="5" visitedSequencePoints="5" numBranchPoints="1" visitedBranchPoints="1" sequenceCoverage="100" branchCoverage="100" maxCyclomaticComplexity="1" minCyclomaticComplexity="1" maxCrapScore="1" minCrapScore="1" visitedClasses="0" numClasses="0" visitedMethods="1" numMethods="1" />
              <MetadataToken>100663318</MetadataToken>
              <Name>System.Void Projeto_pizzaria.Dominio.Features.Pizzas.Pizza::.ctor(System.String,System.Double)</Name>
              <FileRef uid="2" />
              <SequencePoints>
                <SequencePoint vc="60" uspid="24" ordinal="0" offset="0" sl="14" sc="47" el="14" ec="59" bec="0" bev="0" fileid="2" />
                <SequencePoint vc="60" uspid="25" ordinal="1" offset="8" sl="15" sc="3" el="15" ec="4" bec="0" bev="0" fileid="2" />
                <SequencePoint vc="60" uspid="26" ordinal="2" offset="9" sl="16" sc="4" el="16" ec="25" bec="0" bev="0" fileid="2" />
                <SequencePoint vc="60" uspid="27" ordinal="3" offset="17" sl="17" sc="13" el="17" ec="42" bec="0" bev="0" fileid="2" />
                <SequencePoint vc="60" uspid="28" ordinal="4" offset="25" sl="18" sc="3" el="18" ec="4" bec="0" bev="0" fileid="2" />
              </SequencePoints>
              <BranchPoints />
              <MethodPoint xsi:type="SequencePoint" vc="60" uspid="24" ordinal="0" offset="0" sl="14" sc="47" el="14" ec="59" bec="0" bev="0" fileid="2" />
            </Method>
          </Methods>
        </Class>
        <Class>
          <Summary numSequencePoints="57" visitedSequencePoints="55" numBranchPoints="30" visitedBranchPoints="27" sequenceCoverage="96.49" branchCoverage="90" maxCyclomaticComplexity="14" minCyclomaticComplexity="1" maxCrapScore="14.01" minCrapScore="1" visitedClasses="1" numClasses="1" visitedMethods="6" numMethods="6" />
          <FullName>Projeto_pizzaria.Dominio.Features.Pedidos.Pedido</FullName>
          <Methods>
            <Method skippedDueTo="AutoImplementedProperty" visited="false" cyclomaticComplexity="1" nPathComplexity="0" sequenceCoverage="0" branchCoverage="0" crapScore="0" isConstructor="false" isStatic="false" isGetter="true" isSetter="false">
              <MetadataToken>100663321</MetadataToken>
              <Name>System.String Projeto_pizzaria.Dominio.Features.Pedidos.Pedido::get_Departamento()</Name>
              <FileRef uid="3" />
              <SequencePoints />
              <BranchPoints />
            </Method>
            <Method skippedDueTo="AutoImplementedProperty" visited="false" cyclomaticComplexity="1" nPathComplexity="0" sequenceCoverage="0" branchCoverage="0" crapScore="0" isConstructor="false" isStatic="false" isGetter="false" isSetter="true">
              <MetadataToken>100663322</MetadataToken>
              <Name>System.Void Projeto_pizzaria.Dominio.Features.Pedidos.Pedido::set_Departamento(System.String)</Name>
              <FileRef uid="3" />
              <SequencePoints />
              <BranchPoints />
            </Method>
            <Method skippedDueTo="AutoImplementedProperty" visited="false" cyclomaticComplexity="1" nPathComplexity="0" sequenceCoverage="0" branchCoverage="0" crapScore="0" isConstructor="false" isStatic="false" isGetter="true" isSetter="false">
              <MetadataToken>100663323</MetadataToken>
              <Name>System.String Projeto_pizzaria.Dominio.Features.Pedidos.Pedido::get_Responsavel()</Name>
              <FileRef uid="3" />
              <SequencePoints />
              <BranchPoints />
            </Method>
            <Method skippedDueTo="AutoImplementedProperty" visited="false" cyclomaticComplexity="1" nPathComplexity="0" sequenceCoverage="0" branchCoverage="0" crapScore="0" isConstructor="false" isStatic="false" isGetter="false" isSetter="true">
              <MetadataToken>100663324</MetadataToken>
              <Name>System.Void Projeto_pizzaria.Dominio.Features.Pedidos.Pedido::set_Responsavel(System.String)</Name>
              <FileRef uid="3" />
              <SequencePoints />
              <BranchPoints />
            </Method>
            <Method skippedDueTo="AutoImplementedProperty" visited="false" cyclomaticComplexity="1" nPathComplexity="0" sequenceCoverage="0" branchCoverage="0" crapScore="0" isConstructor="false" isStatic="false" isGetter="true" isSetter="false">
              <MetadataToken>100663325</MetadataToken>
              <Name>System.Int32 Projeto_pizzaria.Dominio.Features.Pedidos.Pedido::get_Quantidade()</Name>
              <FileRef uid="3" />
              <SequencePoints />
              <BranchPoints />
            </Method>
            <Method skippedDueTo="AutoImplementedProperty" visited="false" cyclomaticComplexity="1" nPathComplexity="0" sequenceCoverage="0" branchCoverage="0" crapScore="0" isConstructor="false" isStatic="false" isGetter="false" isSetter="true">
              <MetadataToken>100663326</MetadataToken>
              <Name>System.Void Projeto_pizzaria.Dominio.Features.Pedidos.Pedido::set_Quantidade(System.Int32)</Name>
              <FileRef uid="3" />
              <SequencePoints />
              <BranchPoints />
            </Method>
            <Method skippedDueTo="AutoImplementedProperty" visited="false" cyclomaticComplexity="1" nPathComplexity="0" sequenceCoverage="0" branchCoverage="0" crapScore="0" isConstructor="false" isStatic="false" isGetter="true" isSetter="false">
              <MetadataToken>100663327</MetadataToken>
              <Name>System.Boolean Projeto_pizzaria.Dominio.Features.Pedidos.Pedido::get_EmitirNotaFiscal()</Name>
              <FileRef uid="3" />
              <SequencePoints />
              <BranchPoints />
            </Method>
            <Method skippedDueTo="AutoImplementedProperty" visited="false" cyclomaticComplexity="1" nPathComplexity="0" sequenceCoverage="0" branchCoverage="0" crapScore="0" isConstructor="false" isStatic="false" isGetter="false" isSetter="true">
              <MetadataToken>100663328</MetadataToken>
              <Name>System.Void Projeto_pizzaria.Dominio.Features.Pedidos.Pedido::set_EmitirNotaFiscal(System.Boolean)</Name>
              <FileRef uid="3" />
              <SequencePoints />
              <BranchPoints />
            </Method>
            <Method skippedDueTo="AutoImplementedProperty" visited="false" cyclomaticComplexity="1" nPathComplexity="0" sequenceCoverage="0" branchCoverage="0" crapScore="0" isConstructor="false" isStatic="false" isGetter="true" isSetter="false">
              <MetadataToken>100663329</MetadataToken>
              <Name>System.Collections.Generic.List`1&lt;Projeto_pizzaria.Dominio.Features.ItensPedido.ItemPedido&gt; Projeto_pizzaria.Dominio.Features.Pedidos.Pedido::get_ItensPedido()</Name>
              <FileRef uid="3" />
              <SequencePoints />
              <BranchPoints />
            </Method>
            <Method skippedDueTo="AutoImplementedProperty" visited="false" cyclomaticComplexity="1" nPathComplexity="0" sequenceCoverage="0" branchCoverage="0" crapScore="0" isConstructor="false" isStatic="false" isGetter="false" isSetter="true">
              <MetadataToken>100663330</MetadataToken>
              <Name>System.Void Projeto_pizzaria.Dominio.Features.Pedidos.Pedido::set_ItensPedido(System.Collections.Generic.List`1&lt;Projeto_pizzaria.Dominio.Features.ItensPedido.ItemPedido&gt;)</Name>
              <FileRef uid="3" />
              <SequencePoints />
              <BranchPoints />
            </Method>
            <Method skippedDueTo="AutoImplementedProperty" visited="false" cyclomaticComplexity="1" nPathComplexity="0" sequenceCoverage="0" branchCoverage="0" crapScore="0" isConstructor="false" isStatic="false" isGetter="true" isSetter="false">
              <MetadataToken>100663331</MetadataToken>
              <Name>Projeto_pizzaria.Dominio.Features.Clientes.Cliente Projeto_pizzaria.Dominio.Features.Pedidos.Pedido::get_Cliente()</Name>
              <FileRef uid="3" />
              <SequencePoints />
              <BranchPoints />
            </Method>
            <Method skippedDueTo="AutoImplementedProperty" visited="false" cyclomaticComplexity="1" nPathComplexity="0" sequenceCoverage="0" branchCoverage="0" crapScore="0" isConstructor="false" isStatic="false" isGetter="false" isSetter="true">
              <MetadataToken>100663332</MetadataToken>
              <Name>System.Void Projeto_pizzaria.Dominio.Features.Pedidos.Pedido::set_Cliente(Projeto_pizzaria.Dominio.Features.Clientes.Cliente)</Name>
              <FileRef uid="3" />
              <SequencePoints />
              <BranchPoints />
            </Method>
            <Method skippedDueTo="AutoImplementedProperty" visited="false" cyclomaticComplexity="1" nPathComplexity="0" sequenceCoverage="0" branchCoverage="0" crapScore="0" isConstructor="false" isStatic="false" isGetter="true" isSetter="false">
              <MetadataToken>100663333</MetadataToken>
              <Name>Projeto_pizzaria.Dominio.StatusPedidoEnum Projeto_pizzaria.Dominio.Features.Pedidos.Pedido::get_StatusPedido()</Name>
              <FileRef uid="3" />
              <SequencePoints />
              <BranchPoints />
            </Method>
            <Method skippedDueTo="AutoImplementedProperty" visited="false" cyclomaticComplexity="1" nPathComplexity="0" sequenceCoverage="0" branchCoverage="0" crapScore="0" isConstructor="false" isStatic="false" isGetter="false" isSetter="true">
              <MetadataToken>100663334</MetadataToken>
              <Name>System.Void Projeto_pizzaria.Dominio.Features.Pedidos.Pedido::set_StatusPedido(Projeto_pizzaria.Dominio.StatusPedidoEnum)</Name>
              <FileRef uid="3" />
              <SequencePoints />
              <BranchPoints />
            </Method>
            <Method skippedDueTo="AutoImplementedProperty" visited="false" cyclomaticComplexity="1" nPathComplexity="0" sequenceCoverage="0" branchCoverage="0" crapScore="0" isConstructor="false" isStatic="false" isGetter="true" isSetter="false">
              <MetadataToken>100663335</MetadataToken>
              <Name>Projeto_pizzaria.Dominio.FormaPagamentoEnum Projeto_pizzaria.Dominio.Features.Pedidos.Pedido::get_FormaPagamento()</Name>
              <FileRef uid="3" />
              <SequencePoints />
              <BranchPoints />
            </Method>
            <Method skippedDueTo="AutoImplementedProperty" visited="false" cyclomaticComplexity="1" nPathComplexity="0" sequenceCoverage="0" branchCoverage="0" crapScore="0" isConstructor="false" isStatic="false" isGetter="false" isSetter="true">
              <MetadataToken>100663336</MetadataToken>
              <Name>System.Void Projeto_pizzaria.Dominio.Features.Pedidos.Pedido::set_FormaPagamento(Projeto_pizzaria.Dominio.FormaPagamentoEnum)</Name>
              <FileRef uid="3" />
              <SequencePoints />
              <BranchPoints />
            </Method>
            <Method visited="true" cyclomaticComplexity="1" nPathComplexity="0" sequenceCoverage="100" branchCoverage="100" crapScore="1" isConstructor="false" isStatic="false" isGetter="true" isSetter="false">
              <Summary numSequencePoints="3" visitedSequencePoints="3" numBranchPoints="1" visitedBranchPoints="1" sequenceCoverage="100" branchCoverage="100" maxCyclomaticComplexity="1" minCyclomaticComplexity="1" maxCrapScore="1" minCrapScore="1" visitedClasses="0" numClasses="0" visitedMethods="1" numMethods="1" />
              <MetadataToken>100663337</MetadataToken>
              <Name>Projeto_pizzaria.Dominio.Features.Enderecos.Endereco Projeto_pizzaria.Dominio.Features.Pedidos.Pedido::get_Endereco()</Name>
              <FileRef uid="3" />
              <SequencePoints>
                <SequencePoint vc="6" uspid="29" ordinal="0" offset="0" sl="33" sc="42" el="33" ec="43" bec="0" bev="0" fileid="3" />
                <SequencePoint vc="6" uspid="30" ordinal="1" offset="1" sl="33" sc="44" el="33" ec="68" bec="0" bev="0" fileid="3" />
                <SequencePoint vc="6" uspid="31" ordinal="2" offset="15" sl="33" sc="69" el="33" ec="70" bec="0" bev="0" fileid="3" />
              </SequencePoints>
              <BranchPoints />
              <MethodPoint xsi:type="SequencePoint" vc="6" uspid="29" ordinal="0" offset="0" sl="33" sc="42" el="33" ec="43" bec="0" bev="0" fileid="3" />
            </Method>
            <Method visited="true" cyclomaticComplexity="4" nPathComplexity="2" sequenceCoverage="80" branchCoverage="66.67" crapScore="4.13" isConstructor="false" isStatic="false" isGetter="true" isSetter="false">
              <Summary numSequencePoints="5" visitedSequencePoints="4" numBranchPoints="3" visitedBranchPoints="2" sequenceCoverage="80" branchCoverage="66.67" maxCyclomaticComplexity="4" minCyclomaticComplexity="4" maxCrapScore="4.13" minCrapScore="4.13" visitedClasses="0" numClasses="0" visitedMethods="1" numMethods="1" />
              <MetadataToken>100663340</MetadataToken>
              <Name>System.Double Projeto_pizzaria.Dominio.Features.Pedidos.Pedido::get_ValorTotal()</Name>
              <FileRef uid="3" />
              <SequencePoints>
                <SequencePoint vc="6" uspid="32" ordinal="0" offset="0" sl="55" sc="8" el="55" ec="9" bec="0" bev="0" fileid="3" />
                <SequencePoint vc="6" uspid="33" ordinal="1" offset="1" sl="56" sc="5" el="56" ec="22" bec="2" bev="1" fileid="3" />
                <SequencePoint vc="0" uspid="34" ordinal="2" offset="11" sl="57" sc="6" el="57" ec="52" bec="0" bev="0" fileid="3" />
                <SequencePoint vc="6" uspid="35" ordinal="3" offset="56" sl="59" sc="6" el="59" ec="52" bec="0" bev="0" fileid="3" />
                <SequencePoint vc="6" uspid="36" ordinal="4" offset="101" sl="60" sc="4" el="60" ec="5" bec="0" bev="0" fileid="3" />
              </SequencePoints>
              <BranchPoints>
                <BranchPoint vc="0" uspid="37" ordinal="0" offset="9" sl="56" path="0" offsetend="11" fileid="3" />
                <BranchPoint vc="6" uspid="38" ordinal="1" offset="9" sl="56" path="1" offsetend="56" fileid="3" />
              </BranchPoints>
              <MethodPoint xsi:type="SequencePoint" vc="6" uspid="32" ordinal="0" offset="0" sl="55" sc="8" el="55" ec="9" bec="0" bev="0" fileid="3" />
            </Method>
            <Method visited="true" cyclomaticComplexity="1" nPathComplexity="0" sequenceCoverage="100" branchCoverage="100" crapScore="1" isConstructor="true" isStatic="false" isGetter="false" isSetter="false">
              <Summary numSequencePoints="4" visitedSequencePoints="4" numBranchPoints="1" visitedBranchPoints="1" sequenceCoverage="100" branchCoverage="100" maxCyclomaticComplexity="1" minCyclomaticComplexity="1" maxCrapScore="1" minCrapScore="1" visitedClasses="0" numClasses="0" visitedMethods="1" numMethods="1" />
              <MetadataToken>100663320</MetadataToken>
              <Name>System.Void Projeto_pizzaria.Dominio.Features.Pedidos.Pedido::.ctor()</Name>
              <FileRef uid="3" />
              <SequencePoints>
                <SequencePoint vc="72" uspid="43" ordinal="0" offset="0" sl="18" sc="3" el="18" ec="18" bec="0" bev="0" fileid="3" />
                <SequencePoint vc="72" uspid="44" ordinal="1" offset="7" sl="19" sc="3" el="19" ec="4" bec="0" bev="0" fileid="3" />
                <SequencePoint vc="72" uspid="45" ordinal="2" offset="8" sl="20" sc="4" el="20" ec="41" bec="0" bev="0" fileid="3" />
                <SequencePoint vc="72" uspid="46" ordinal="3" offset="20" sl="21" sc="3" el="21" ec="4" bec="0" bev="0" fileid="3" />
              </SequencePoints>
              <BranchPoints />
              <MethodPoint xsi:type="SequencePoint" vc="72" uspid="43" ordinal="0" offset="0" sl="18" sc="3" el="18" ec="18" bec="0" bev="0" fileid="3" />
            </Method>
            <Method visited="true" cyclomaticComplexity="2" nPathComplexity="0" sequenceCoverage="100" branchCoverage="100" crapScore="2" isConstructor="false" isStatic="false" isGetter="false" isSetter="false">
              <Summary numSequencePoints="8" visitedSequencePoints="8" numBranchPoints="1" visitedBranchPoints="1" sequenceCoverage="100" branchCoverage="100" maxCyclomaticComplexity="2" minCyclomaticComplexity="2" maxCrapScore="2" minCrapScore="2" visitedClasses="0" numClasses="0" visitedMethods="1" numMethods="1" />
              <MetadataToken>100663338</MetadataToken>
              <Name>System.Void Projeto_pizzaria.Dominio.Features.Pedidos.Pedido::AdicionarItem(Projeto_pizzaria.Dominio.Features.ItensPedido.ItemPedido[])</Name>
              <FileRef uid="3" />
              <SequencePoints>
                <SequencePoint vc="33" uspid="47" ordinal="0" offset="0" sl="36" sc="3" el="36" ec="4" bec="0" bev="0" fileid="3" />
                <SequencePoint vc="33" uspid="48" ordinal="1" offset="1" sl="37" sc="4" el="37" ec="11" bec="0" bev="0" fileid="3" />
                <SequencePoint vc="33" uspid="49" ordinal="2" offset="2" sl="37" sc="25" el="37" ec="36" bec="0" bev="0" fileid="3" />
                <SequencePoint vc="37" uspid="50" ordinal="3" offset="8" sl="37" sc="13" el="37" ec="21" bec="0" bev="0" fileid="3" />
                <SequencePoint vc="37" uspid="51" ordinal="4" offset="12" sl="38" sc="5" el="38" ec="29" bec="0" bev="0" fileid="3" />
                <SequencePoint vc="70" uspid="52" ordinal="5" offset="29" sl="37" sc="22" el="37" ec="24" bec="0" bev="0" fileid="3" />
                <SequencePoint vc="33" uspid="53" ordinal="6" offset="35" sl="40" sc="4" el="40" ec="35" bec="0" bev="0" fileid="3" />
                <SequencePoint vc="33" uspid="54" ordinal="7" offset="53" sl="41" sc="3" el="41" ec="4" bec="0" bev="0" fileid="3" />
              </SequencePoints>
              <BranchPoints />
              <MethodPoint xsi:type="SequencePoint" vc="33" uspid="47" ordinal="0" offset="0" sl="36" sc="3" el="36" ec="4" bec="0" bev="0" fileid="3" />
            </Method>
            <Method visited="true" cyclomaticComplexity="1" nPathComplexity="0" sequenceCoverage="100" branchCoverage="100" crapScore="1" isConstructor="false" isStatic="false" isGetter="false" isSetter="false">
              <Summary numSequencePoints="6" visitedSequencePoints="6" numBranchPoints="1" visitedBranchPoints="1" sequenceCoverage="100" branchCoverage="100" maxCyclomaticComplexity="1" minCyclomaticComplexity="1" maxCrapScore="1" minCrapScore="1" visitedClasses="0" numClasses="0" visitedMethods="1" numMethods="1" />
              <MetadataToken>100663339</MetadataToken>
              <Name>System.Void Projeto_pizzaria.Dominio.Features.Pedidos.Pedido::PizzaDoisSabores(Projeto_pizzaria.Dominio.Features.ItensPedido.ItemPedido[])</Name>
              <FileRef uid="3" />
              <SequencePoints>
                <SequencePoint vc="24" uspid="57" ordinal="0" offset="0" sl="44" sc="3" el="44" ec="4" bec="0" bev="0" fileid="3" />
                <SequencePoint vc="24" uspid="58" ordinal="1" offset="1" sl="45" sc="4" el="45" ec="56" bec="0" bev="0" fileid="3" />
                <SequencePoint vc="24" uspid="59" ordinal="2" offset="18" sl="46" sc="4" el="46" ec="124" bec="0" bev="0" fileid="3" />
                <SequencePoint vc="24" uspid="60" ordinal="3" offset="56" sl="48" sc="4" el="48" ec="40" bec="0" bev="0" fileid="3" />
                <SequencePoint vc="24" uspid="61" ordinal="4" offset="69" sl="50" sc="4" el="50" ec="35" bec="0" bev="0" fileid="3" />
                <SequencePoint vc="24" uspid="62" ordinal="5" offset="87" sl="51" sc="3" el="51" ec="4" bec="0" bev="0" fileid="3" />
              </SequencePoints>
              <BranchPoints />
              <MethodPoint xsi:type="SequencePoint" vc="24" uspid="57" ordinal="0" offset="0" sl="44" sc="3" el="44" ec="4" bec="0" bev="0" fileid="3" />
            </Method>
            <Method visited="true" cyclomaticComplexity="14" nPathComplexity="2048" sequenceCoverage="96.77" branchCoverage="91.30" crapScore="14.01" isConstructor="false" isStatic="false" isGetter="false" isSetter="false">
              <Summary numSequencePoints="31" visitedSequencePoints="30" numBranchPoints="23" visitedBranchPoints="21" sequenceCoverage="96.77" branchCoverage="91.30" maxCyclomaticComplexity="14" minCyclomaticComplexity="14" maxCrapScore="14.01" minCrapScore="14.01" visitedClasses="0" numClasses="0" visitedMethods="1" numMethods="1" />
              <MetadataToken>100663341</MetadataToken>
              <Name>System.Void Projeto_pizzaria.Dominio.Features.Pedidos.Pedido::Validar()</Name>
              <FileRef uid="3" />
              <SequencePoints>
                <SequencePoint vc="12" uspid="63" ordinal="0" offset="0" sl="64" sc="3" el="64" ec="4" bec="0" bev="0" fileid="3" />
                <SequencePoint vc="12" uspid="64" ordinal="1" offset="1" sl="65" sc="4" el="65" ec="24" bec="2" bev="2" fileid="3" />
                <SequencePoint vc="2" uspid="65" ordinal="2" offset="14" sl="66" sc="5" el="66" ec="45" bec="0" bev="0" fileid="3" />
                <SequencePoint vc="10" uspid="66" ordinal="3" offset="20" sl="67" sc="4" el="67" ec="30" bec="2" bev="2" fileid="3" />
                <SequencePoint vc="1" uspid="67" ordinal="4" offset="38" sl="68" sc="5" el="68" ec="40" bec="0" bev="0" fileid="3" />
                <SequencePoint vc="9" uspid="68" ordinal="5" offset="44" sl="70" sc="4" el="70" ec="33" bec="2" bev="2" fileid="3" />
                <SequencePoint vc="5" uspid="69" ordinal="6" offset="57" sl="71" sc="4" el="71" ec="5" bec="0" bev="0" fileid="3" />
                <SequencePoint vc="5" uspid="70" ordinal="7" offset="58" sl="72" sc="5" el="72" ec="62" bec="2" bev="2" fileid="3" />
                <SequencePoint vc="3" uspid="71" ordinal="8" offset="86" sl="73" sc="6" el="73" ec="41" bec="2" bev="2" fileid="3" />
                <SequencePoint vc="1" uspid="72" ordinal="9" offset="111" sl="74" sc="7" el="74" ec="41" bec="0" bev="0" fileid="3" />
                <SequencePoint vc="4" uspid="73" ordinal="10" offset="117" sl="75" sc="5" el="75" ec="61" bec="2" bev="2" fileid="3" />
                <SequencePoint vc="1" uspid="74" ordinal="11" offset="147" sl="76" sc="6" el="76" ec="40" bec="2" bev="1" fileid="3" />
                <SequencePoint vc="1" uspid="75" ordinal="12" offset="172" sl="77" sc="7" el="77" ec="40" bec="0" bev="0" fileid="3" />
                <SequencePoint vc="3" uspid="76" ordinal="13" offset="178" sl="78" sc="5" el="78" ec="115" bec="2" bev="2" fileid="3" />
                <SequencePoint vc="1" uspid="77" ordinal="14" offset="231" sl="79" sc="6" el="79" ec="47" bec="0" bev="0" fileid="3" />
                <SequencePoint vc="2" uspid="78" ordinal="15" offset="237" sl="80" sc="4" el="80" ec="5" bec="0" bev="0" fileid="3" />
                <SequencePoint vc="6" uspid="79" ordinal="16" offset="238" sl="82" sc="4" el="82" ec="56" bec="2" bev="2" fileid="3" />
                <SequencePoint vc="2" uspid="80" ordinal="17" offset="258" sl="83" sc="4" el="83" ec="5" bec="0" bev="0" fileid="3" />
                <SequencePoint vc="2" uspid="81" ordinal="18" offset="259" sl="84" sc="5" el="84" ec="46" bec="2" bev="2" fileid="3" />
                <SequencePoint vc="1" uspid="82" ordinal="19" offset="276" sl="85" sc="6" el="85" ec="63" bec="0" bev="0" fileid="3" />
                <SequencePoint vc="1" uspid="83" ordinal="20" offset="282" sl="86" sc="5" el="86" ec="45" bec="2" bev="1" fileid="3" />
                <SequencePoint vc="1" uspid="84" ordinal="21" offset="299" sl="87" sc="6" el="87" ec="62" bec="0" bev="0" fileid="3" />
                <SequencePoint vc="0" uspid="85" ordinal="22" offset="305" sl="88" sc="4" el="88" ec="5" bec="0" bev="0" fileid="3" />
                <SequencePoint vc="4" uspid="86" ordinal="23" offset="306" sl="90" sc="4" el="90" ec="22" bec="0" bev="0" fileid="3" />
                <SequencePoint vc="4" uspid="87" ordinal="24" offset="318" sl="91" sc="4" el="91" ec="23" bec="0" bev="0" fileid="3" />
                <SequencePoint vc="4" uspid="88" ordinal="25" offset="330" sl="93" sc="4" el="93" ec="11" bec="0" bev="0" fileid="3" />
                <SequencePoint vc="4" uspid="89" ordinal="26" offset="331" sl="93" sc="28" el="93" ec="39" bec="0" bev="0" fileid="3" />
                <SequencePoint vc="5" uspid="90" ordinal="27" offset="346" sl="93" sc="13" el="93" ec="24" bec="0" bev="0" fileid="3" />
                <SequencePoint vc="5" uspid="91" ordinal="28" offset="355" sl="94" sc="5" el="94" ec="23" bec="0" bev="0" fileid="3" />
                <SequencePoint vc="9" uspid="92" ordinal="29" offset="363" sl="93" sc="25" el="93" ec="27" bec="0" bev="0" fileid="3" />
                <SequencePoint vc="4" uspid="93" ordinal="30" offset="389" sl="95" sc="3" el="95" ec="4" bec="0" bev="0" fileid="3" />
              </SequencePoints>
              <BranchPoints>
                <BranchPoint vc="2" uspid="94" ordinal="0" offset="12" sl="65" path="0" offsetend="14" fileid="3" />
                <BranchPoint vc="10" uspid="95" ordinal="1" offset="12" sl="65" path="1" offsetend="20" fileid="3" />
                <BranchPoint vc="1" uspid="96" ordinal="2" offset="36" sl="67" path="0" offsetend="38" fileid="3" />
                <BranchPoint vc="9" uspid="97" ordinal="3" offset="36" sl="67" path="1" offsetend="44" fileid="3" />
                <BranchPoint vc="5" uspid="98" ordinal="4" offset="52" sl="70" path="0" offsetend="57" fileid="3" />
                <BranchPoint vc="4" uspid="99" ordinal="5" offset="52" sl="70" path="1" offsetend="238" fileid="3" />
                <BranchPoint vc="3" uspid="100" ordinal="6" offset="84" sl="72" path="0" offsetend="86" fileid="3" />
                <BranchPoint vc="2" uspid="101" ordinal="7" offset="84" sl="72" path="1" offsetend="117" fileid="3" />
                <BranchPoint vc="1" uspid="102" ordinal="8" offset="109" sl="73" path="0" offsetend="111" fileid="3" />
                <BranchPoint vc="2" uspid="103" ordinal="9" offset="109" sl="73" path="1" offsetend="117" fileid="3" />
                <BranchPoint vc="1" uspid="104" ordinal="10" offset="145" sl="75" path="0" offsetend="147" fileid="3" />
                <BranchPoint vc="3" uspid="105" ordinal="11" offset="145" sl="75" path="1" offsetend="178" fileid="3" />
                <BranchPoint vc="1" uspid="106" ordinal="12" offset="170" sl="76" path="0" offsetend="172" fileid="3" />
                <BranchPoint vc="0" uspid="107" ordinal="13" offset="170" sl="76" path="1" offsetend="178" fileid="3" />
                <BranchPoint vc="1" uspid="110" ordinal="16" offset="229" sl="78" path="0" offsetend="231" fileid="3" />
                <BranchPoint vc="2" uspid="111" ordinal="17" offset="229" sl="78" path="1" offsetend="237" fileid="3" />
                <BranchPoint vc="2" uspid="112" ordinal="18" offset="256" sl="82" path="0" offsetend="258" fileid="3" />
                <BranchPoint vc="4" uspid="113" ordinal="19" offset="256" sl="82" path="1" offsetend="306" fileid="3" />
                <BranchPoint vc="1" uspid="114" ordinal="20" offset="274" sl="84" path="0" offsetend="276" fileid="3" />
                <BranchPoint vc="1" uspid="115" ordinal="21" offset="274" sl="84" path="1" offsetend="282" fileid="3" />
                <BranchPoint vc="1" uspid="116" ordinal="22" offset="297" sl="86" path="0" offsetend="299" fileid="3" />
                <BranchPoint vc="0" uspid="117" ordinal="23" offset="297" sl="86" path="1" offsetend="305" fileid="3" />
              </BranchPoints>
              <MethodPoint xsi:type="SequencePoint" vc="12" uspid="63" ordinal="0" offset="0" sl="64" sc="3" el="64" ec="4" bec="0" bev="0" fileid="3" />
            </Method>
          </Methods>
        </Class>
        <Class>
          <Summary numSequencePoints="2" visitedSequencePoints="1" numBranchPoints="2" visitedBranchPoints="1" sequenceCoverage="50" branchCoverage="50" maxCyclomaticComplexity="1" minCyclomaticComplexity="1" maxCrapScore="2" minCrapScore="1" visitedClasses="1" numClasses="1" visitedMethods="1" numMethods="2" />
          <FullName>Projeto_pizzaria.Dominio.Features.Pedidos.Pedido/&lt;&gt;c</FullName>
          <Methods>
            <Method visited="false" cyclomaticComplexity="1" nPathComplexity="0" sequenceCoverage="0" branchCoverage="0" crapScore="2" isConstructor="true" isStatic="true" isGetter="false" isSetter="false">
              <Summary numSequencePoints="0" visitedSequencePoints="0" numBranchPoints="0" visitedBranchPoints="0" sequenceCoverage="0" branchCoverage="0" maxCyclomaticComplexity="1" minCyclomaticComplexity="1" maxCrapScore="2" minCrapScore="2" visitedClasses="0" numClasses="0" visitedMethods="0" numMethods="0" />
              <MetadataToken>100663427</MetadataToken>
              <Name>System.Void Projeto_pizzaria.Dominio.Features.Pedidos.Pedido/&lt;&gt;c::.cctor()</Name>
              <SequencePoints />
              <BranchPoints />
              <MethodPoint vc="0" uspid="120" ordinal="0" offset="0" />
            </Method>
            <Method visited="false" cyclomaticComplexity="1" nPathComplexity="0" sequenceCoverage="0" branchCoverage="0" crapScore="2" isConstructor="true" isStatic="false" isGetter="false" isSetter="false">
              <Summary numSequencePoints="0" visitedSequencePoints="0" numBranchPoints="0" visitedBranchPoints="0" sequenceCoverage="0" branchCoverage="0" maxCyclomaticComplexity="1" minCyclomaticComplexity="1" maxCrapScore="2" minCrapScore="2" visitedClasses="0" numClasses="0" visitedMethods="0" numMethods="0" />
              <MetadataToken>100663428</MetadataToken>
              <Name>System.Void Projeto_pizzaria.Dominio.Features.Pedidos.Pedido/&lt;&gt;c::.ctor()</Name>
              <SequencePoints />
              <BranchPoints />
              <MethodPoint vc="0" uspid="121" ordinal="0" offset="0" />
            </Method>
            <Method visited="false" cyclomaticComplexity="1" nPathComplexity="0" sequenceCoverage="0" branchCoverage="0" crapScore="2" isConstructor="false" isStatic="false" isGetter="false" isSetter="false">
              <Summary numSequencePoints="1" visitedSequencePoints="0" numBranchPoints="1" visitedBranchPoints="0" sequenceCoverage="0" branchCoverage="0" maxCyclomaticComplexity="1" minCyclomaticComplexity="1" maxCrapScore="2" minCrapScore="2" visitedClasses="0" numClasses="0" visitedMethods="0" numMethods="1" />
              <MetadataToken>100663429</MetadataToken>
              <Name>System.Double Projeto_pizzaria.Dominio.Features.Pedidos.Pedido/&lt;&gt;c::&lt;get_ValorTotal&gt;b__39_0(Projeto_pizzaria.Dominio.Features.ItensPedido.ItemPedido)</Name>
              <FileRef uid="3" />
              <SequencePoints>
                <SequencePoint vc="0" uspid="122" ordinal="0" offset="0" sl="57" sc="35" el="57" ec="49" bec="0" bev="0" fileid="3" />
              </SequencePoints>
              <BranchPoints />
              <MethodPoint xsi:type="SequencePoint" vc="0" uspid="122" ordinal="0" offset="0" sl="57" sc="35" el="57" ec="49" bec="0" bev="0" fileid="3" />
            </Method>
            <Method visited="true" cyclomaticComplexity="1" nPathComplexity="0" sequenceCoverage="100" branchCoverage="100" crapScore="1" isConstructor="false" isStatic="false" isGetter="false" isSetter="false">
              <Summary numSequencePoints="1" visitedSequencePoints="1" numBranchPoints="1" visitedBranchPoints="1" sequenceCoverage="100" branchCoverage="100" maxCyclomaticComplexity="1" minCyclomaticComplexity="1" maxCrapScore="1" minCrapScore="1" visitedClasses="0" numClasses="0" visitedMethods="1" numMethods="1" />
              <MetadataToken>100663430</MetadataToken>
              <Name>System.Double Projeto_pizzaria.Dominio.Features.Pedidos.Pedido/&lt;&gt;c::&lt;get_ValorTotal&gt;b__39_1(Projeto_pizzaria.Dominio.Features.ItensPedido.ItemPedido)</Name>
              <FileRef uid="3" />
              <SequencePoints>
                <SequencePoint vc="10" uspid="123" ordinal="0" offset="0" sl="59" sc="35" el="59" ec="49" bec="0" bev="0" fileid="3" />
              </SequencePoints>
              <BranchPoints />
              <MethodPoint xsi:type="SequencePoint" vc="10" uspid="123" ordinal="0" offset="0" sl="59" sc="35" el="59" ec="49" bec="0" bev="0" fileid="3" />
            </Method>
          </Methods>
        </Class>
        <Class>
          <Summary numSequencePoints="36" visitedSequencePoints="33" numBranchPoints="12" visitedBranchPoints="11" sequenceCoverage="91.67" branchCoverage="91.67" maxCyclomaticComplexity="2" minCyclomaticComplexity="1" maxCrapScore="2" minCrapScore="1" visitedClasses="1" numClasses="1" visitedMethods="5" numMethods="6" />
          <FullName>Projeto_pizzaria.Dominio.Features.ItensPedido.ItemPedido</FullName>
          <Methods>
            <Method skippedDueTo="AutoImplementedProperty" visited="false" cyclomaticComplexity="1" nPathComplexity="0" sequenceCoverage="0" branchCoverage="0" crapScore="0" isConstructor="false" isStatic="false" isGetter="true" isSetter="false">
              <MetadataToken>100663350</MetadataToken>
              <Name>Projeto_pizzaria.Dominio.Features.Produtos.Produto Projeto_pizzaria.Dominio.Features.ItensPedido.ItemPedido::get_Produto()</Name>
              <FileRef uid="6" />
              <SequencePoints />
              <BranchPoints />
            </Method>
            <Method skippedDueTo="AutoImplementedProperty" visited="false" cyclomaticComplexity="1" nPathComplexity="0" sequenceCoverage="0" branchCoverage="0" crapScore="0" isConstructor="false" isStatic="false" isGetter="false" isSetter="true">
              <MetadataToken>100663351</MetadataToken>
              <Name>System.Void Projeto_pizzaria.Dominio.Features.ItensPedido.ItemPedido::set_Produto(Projeto_pizzaria.Dominio.Features.Produtos.Produto)</Name>
              <FileRef uid="6" />
              <SequencePoints />
              <BranchPoints />
            </Method>
            <Method skippedDueTo="AutoImplementedProperty" visited="false" cyclomaticComplexity="1" nPathComplexity="0" sequenceCoverage="0" branchCoverage="0" crapScore="0" isConstructor="false" isStatic="false" isGetter="true" isSetter="false">
              <MetadataToken>100663352</MetadataToken>
              <Name>Projeto_pizzaria.Dominio.Features.Produtos.TamanhoEnum Projeto_pizzaria.Dominio.Features.ItensPedido.ItemPedido::get_Tamanho()</Name>
              <FileRef uid="6" />
              <SequencePoints />
              <BranchPoints />
            </Method>
            <Method skippedDueTo="AutoImplementedProperty" visited="false" cyclomaticComplexity="1" nPathComplexity="0" sequenceCoverage="0" branchCoverage="0" crapScore="0" isConstructor="false" isStatic="false" isGetter="false" isSetter="true">
              <MetadataToken>100663353</MetadataToken>
              <Name>System.Void Projeto_pizzaria.Dominio.Features.ItensPedido.ItemPedido::set_Tamanho(Projeto_pizzaria.Dominio.Features.Produtos.TamanhoEnum)</Name>
              <FileRef uid="6" />
              <SequencePoints />
              <BranchPoints />
            </Method>
            <Method skippedDueTo="AutoImplementedProperty" visited="false" cyclomaticComplexity="1" nPathComplexity="0" sequenceCoverage="0" branchCoverage="0" crapScore="0" isConstructor="false" isStatic="false" isGetter="true" isSetter="false">
              <MetadataToken>100663354</MetadataToken>
              <Name>System.String Projeto_pizzaria.Dominio.Features.ItensPedido.ItemPedido::get_Nome()</Name>
              <FileRef uid="6" />
              <SequencePoints />
              <BranchPoints />
            </Method>
            <Method skippedDueTo="AutoImplementedProperty" visited="false" cyclomaticComplexity="1" nPathComplexity="0" sequenceCoverage="0" branchCoverage="0" crapScore="0" isConstructor="false" isStatic="false" isGetter="false" isSetter="true">
              <MetadataToken>100663355</MetadataToken>
              <Name>System.Void Projeto_pizzaria.Dominio.Features.ItensPedido.ItemPedido::set_Nome(System.String)</Name>
              <FileRef uid="6" />
              <SequencePoints />
              <BranchPoints />
            </Method>
            <Method visited="true" cyclomaticComplexity="2" nPathComplexity="2" sequenceCoverage="100" branchCoverage="100" crapScore="2" isConstructor="false" isStatic="false" isGetter="true" isSetter="false">
              <Summary numSequencePoints="5" visitedSequencePoints="5" numBranchPoints="3" visitedBranchPoints="3" sequenceCoverage="100" branchCoverage="100" maxCyclomaticComplexity="2" minCyclomaticComplexity="2" maxCrapScore="2" minCrapScore="2" visitedClasses="0" numClasses="0" visitedMethods="1" numMethods="1" />
              <MetadataToken>100663360</MetadataToken>
              <Name>System.Double Projeto_pizzaria.Dominio.Features.ItensPedido.ItemPedido::get_ValorParcial()</Name>
              <FileRef uid="6" />
              <SequencePoints>
                <SequencePoint vc="10" uspid="124" ordinal="0" offset="0" sl="58" sc="8" el="58" ec="9" bec="0" bev="0" fileid="6" />
                <SequencePoint vc="10" uspid="125" ordinal="1" offset="1" sl="59" sc="5" el="59" ec="30" bec="2" bev="2" fileid="6" />
                <SequencePoint vc="1" uspid="126" ordinal="2" offset="19" sl="60" sc="6" el="60" ec="57" bec="0" bev="0" fileid="6" />
                <SequencePoint vc="9" uspid="127" ordinal="3" offset="44" sl="62" sc="6" el="62" ec="32" bec="0" bev="0" fileid="6" />
                <SequencePoint vc="10" uspid="128" ordinal="4" offset="58" sl="63" sc="4" el="63" ec="5" bec="0" bev="0" fileid="6" />
              </SequencePoints>
              <BranchPoints>
                <BranchPoint vc="1" uspid="129" ordinal="0" offset="17" sl="59" path="0" offsetend="19" fileid="6" />
                <BranchPoint vc="9" uspid="130" ordinal="1" offset="17" sl="59" path="1" offsetend="44" fileid="6" />
              </BranchPoints>
              <MethodPoint xsi:type="SequencePoint" vc="10" uspid="124" ordinal="0" offset="0" sl="58" sc="8" el="58" ec="9" bec="0" bev="0" fileid="6" />
            </Method>
            <Method visited="false" cyclomaticComplexity="1" nPathComplexity="0" sequenceCoverage="0" branchCoverage="0" crapScore="2" isConstructor="true" isStatic="false" isGetter="false" isSetter="false">
              <Summary numSequencePoints="3" visitedSequencePoints="0" numBranchPoints="1" visitedBranchPoints="0" sequenceCoverage="0" branchCoverage="0" maxCyclomaticComplexity="1" minCyclomaticComplexity="1" maxCrapScore="2" minCrapScore="2" visitedClasses="0" numClasses="0" visitedMethods="0" numMethods="1" />
              <MetadataToken>100663356</MetadataToken>
              <Name>System.Void Projeto_pizzaria.Dominio.Features.ItensPedido.ItemPedido::.ctor()</Name>
              <FileRef uid="6" />
              <SequencePoints>
                <SequencePoint vc="0" uspid="131" ordinal="0" offset="0" sl="19" sc="3" el="19" ec="22" bec="0" bev="0" fileid="6" />
                <SequencePoint vc="0" uspid="132" ordinal="1" offset="7" sl="20" sc="3" el="20" ec="4" bec="0" bev="0" fileid="6" />
                <SequencePoint vc="0" uspid="133" ordinal="2" offset="8" sl="22" sc="3" el="22" ec="4" bec="0" bev="0" fileid="6" />
              </SequencePoints>
              <BranchPoints />
              <MethodPoint xsi:type="SequencePoint" vc="0" uspid="131" ordinal="0" offset="0" sl="19" sc="3" el="19" ec="22" bec="0" bev="0" fileid="6" />
            </Method>
            <Method visited="true" cyclomaticComplexity="1" nPathComplexity="0" sequenceCoverage="100" branchCoverage="100" crapScore="1" isConstructor="true" isStatic="false" isGetter="false" isSetter="false">
              <Summary numSequencePoints="5" visitedSequencePoints="5" numBranchPoints="1" visitedBranchPoints="1" sequenceCoverage="100" branchCoverage="100" maxCyclomaticComplexity="1" minCyclomaticComplexity="1" maxCrapScore="1" minCrapScore="1" visitedClasses="0" numClasses="0" visitedMethods="1" numMethods="1" />
              <MetadataToken>100663357</MetadataToken>
              <Name>System.Void Projeto_pizzaria.Dominio.Features.ItensPedido.ItemPedido::.ctor(Projeto_pizzaria.Dominio.Features.Produtos.Produto)</Name>
              <FileRef uid="6" />
              <SequencePoints>
                <SequencePoint vc="65" uspid="134" ordinal="0" offset="0" sl="24" sc="3" el="24" ec="39" bec="0" bev="0" fileid="6" />
                <SequencePoint vc="65" uspid="135" ordinal="1" offset="7" sl="25" sc="3" el="25" ec="4" bec="0" bev="0" fileid="6" />
                <SequencePoint vc="65" uspid="136" ordinal="2" offset="8" sl="26" sc="4" el="26" ec="22" bec="0" bev="0" fileid="6" />
                <SequencePoint vc="65" uspid="137" ordinal="3" offset="16" sl="27" sc="13" el="27" ec="39" bec="0" bev="0" fileid="6" />
                <SequencePoint vc="65" uspid="138" ordinal="4" offset="29" sl="28" sc="3" el="28" ec="4" bec="0" bev="0" fileid="6" />
              </SequencePoints>
              <BranchPoints />
              <MethodPoint xsi:type="SequencePoint" vc="65" uspid="134" ordinal="0" offset="0" sl="24" sc="3" el="24" ec="39" bec="0" bev="0" fileid="6" />
            </Method>
            <Method visited="true" cyclomaticComplexity="2" nPathComplexity="2" sequenceCoverage="100" branchCoverage="100" crapScore="2" isConstructor="true" isStatic="false" isGetter="false" isSetter="false">
              <Summary numSequencePoints="15" visitedSequencePoints="15" numBranchPoints="3" visitedBranchPoints="3" sequenceCoverage="100" branchCoverage="100" maxCyclomaticComplexity="2" minCyclomaticComplexity="2" maxCrapScore="2" minCrapScore="2" visitedClasses="0" numClasses="0" visitedMethods="1" numMethods="1" />
              <MetadataToken>100663358</MetadataToken>
              <Name>System.Void Projeto_pizzaria.Dominio.Features.ItensPedido.ItemPedido::.ctor(Projeto_pizzaria.Dominio.Features.Pizzas.Pizza,Projeto_pizzaria.Dominio.Features.Pizzas.Pizza)</Name>
              <FileRef uid="6" />
              <SequencePoints>
                <SequencePoint vc="24" uspid="139" ordinal="0" offset="0" sl="30" sc="3" el="30" ec="50" bec="0" bev="0" fileid="6" />
                <SequencePoint vc="24" uspid="140" ordinal="1" offset="7" sl="31" sc="3" el="31" ec="4" bec="0" bev="0" fileid="6" />
                <SequencePoint vc="24" uspid="141" ordinal="2" offset="8" sl="32" sc="4" el="32" ec="80" bec="0" bev="0" fileid="6" />
                <SequencePoint vc="24" uspid="142" ordinal="3" offset="27" sl="34" sc="4" el="34" ec="45" bec="2" bev="2" fileid="6" />
                <SequencePoint vc="23" uspid="143" ordinal="4" offset="40" sl="35" sc="4" el="35" ec="5" bec="0" bev="0" fileid="6" />
                <SequencePoint vc="23" uspid="144" ordinal="5" offset="41" sl="36" sc="5" el="36" ec="22" bec="0" bev="0" fileid="6" />
                <SequencePoint vc="23" uspid="145" ordinal="6" offset="49" sl="37" sc="5" el="37" ec="30" bec="0" bev="0" fileid="6" />
                <SequencePoint vc="23" uspid="146" ordinal="7" offset="62" sl="38" sc="5" el="38" ec="56" bec="0" bev="0" fileid="6" />
                <SequencePoint vc="23" uspid="147" ordinal="8" offset="91" sl="39" sc="4" el="39" ec="5" bec="0" bev="0" fileid="6" />
                <SequencePoint vc="1" uspid="148" ordinal="9" offset="94" sl="41" sc="4" el="41" ec="5" bec="0" bev="0" fileid="6" />
                <SequencePoint vc="1" uspid="149" ordinal="10" offset="95" sl="42" sc="5" el="42" ec="22" bec="0" bev="0" fileid="6" />
                <SequencePoint vc="1" uspid="150" ordinal="11" offset="103" sl="43" sc="5" el="43" ec="30" bec="0" bev="0" fileid="6" />
                <SequencePoint vc="1" uspid="151" ordinal="12" offset="116" sl="44" sc="5" el="44" ec="56" bec="0" bev="0" fileid="6" />
                <SequencePoint vc="1" uspid="152" ordinal="13" offset="145" sl="45" sc="4" el="45" ec="5" bec="0" bev="0" fileid="6" />
                <SequencePoint vc="24" uspid="153" ordinal="14" offset="146" sl="46" sc="3" el="46" ec="4" bec="0" bev="0" fileid="6" />
              </SequencePoints>
              <BranchPoints>
                <BranchPoint vc="23" uspid="154" ordinal="0" offset="38" sl="34" path="0" offsetend="40" fileid="6" />
                <BranchPoint vc="1" uspid="155" ordinal="1" offset="38" sl="34" path="1" offsetend="94" fileid="6" />
              </BranchPoints>
              <MethodPoint xsi:type="SequencePoint" vc="24" uspid="139" ordinal="0" offset="0" sl="30" sc="3" el="30" ec="50" bec="0" bev="0" fileid="6" />
            </Method>
            <Method visited="true" cyclomaticComplexity="2" nPathComplexity="2" sequenceCoverage="100" branchCoverage="100" crapScore="2" isConstructor="false" isStatic="false" isGetter="false" isSetter="false">
              <Summary numSequencePoints="5" visitedSequencePoints="5" numBranchPoints="3" visitedBranchPoints="3" sequenceCoverage="100" branchCoverage="100" maxCyclomaticComplexity="2" minCyclomaticComplexity="2" maxCrapScore="2" minCrapScore="2" visitedClasses="0" numClasses="0" visitedMethods="1" numMethods="1" />
              <MetadataToken>100663359</MetadataToken>
              <Name>System.Double Projeto_pizzaria.Dominio.Features.ItensPedido.ItemPedido::MaiorValor(System.Double,System.Double)</Name>
              <FileRef uid="6" />
              <SequencePoints>
                <SequencePoint vc="24" uspid="156" ordinal="0" offset="0" sl="49" sc="3" el="49" ec="4" bec="0" bev="0" fileid="6" />
                <SequencePoint vc="24" uspid="157" ordinal="1" offset="1" sl="50" sc="4" el="50" ec="24" bec="2" bev="2" fileid="6" />
                <SequencePoint vc="23" uspid="158" ordinal="2" offset="9" sl="51" sc="5" el="51" ec="19" bec="0" bev="0" fileid="6" />
                <SequencePoint vc="1" uspid="159" ordinal="3" offset="13" sl="53" sc="5" el="53" ec="19" bec="0" bev="0" fileid="6" />
                <SequencePoint vc="24" uspid="160" ordinal="4" offset="17" sl="54" sc="3" el="54" ec="4" bec="0" bev="0" fileid="6" />
              </SequencePoints>
              <BranchPoints>
                <BranchPoint vc="23" uspid="161" ordinal="0" offset="7" sl="50" path="0" offsetend="9" fileid="6" />
                <BranchPoint vc="1" uspid="162" ordinal="1" offset="7" sl="50" path="1" offsetend="13" fileid="6" />
              </BranchPoints>
              <MethodPoint xsi:type="SequencePoint" vc="24" uspid="156" ordinal="0" offset="0" sl="49" sc="3" el="49" ec="4" bec="0" bev="0" fileid="6" />
            </Method>
            <Method visited="true" cyclomaticComplexity="1" nPathComplexity="0" sequenceCoverage="100" branchCoverage="100" crapScore="1" isConstructor="false" isStatic="false" isGetter="false" isSetter="false">
              <Summary numSequencePoints="3" visitedSequencePoints="3" numBranchPoints="1" visitedBranchPoints="1" sequenceCoverage="100" branchCoverage="100" maxCyclomaticComplexity="1" minCyclomaticComplexity="1" maxCrapScore="1" minCrapScore="1" visitedClasses="0" numClasses="0" visitedMethods="1" numMethods="1" />
              <MetadataToken>100663361</MetadataToken>
              <Name>System.Void Projeto_pizzaria.Dominio.Features.ItensPedido.ItemPedido::Validar()</Name>
              <FileRef uid="6" />
              <SequencePoints>
                <SequencePoint vc="5" uspid="163" ordinal="0" offset="0" sl="67" sc="3" el="67" ec="4" bec="0" bev="0" fileid="6" />
                <SequencePoint vc="5" uspid="164" ordinal="1" offset="1" sl="68" sc="4" el="68" ec="22" bec="0" bev="0" fileid="6" />
                <SequencePoint vc="5" uspid="165" ordinal="2" offset="13" sl="69" sc="3" el="69" ec="4" bec="0" bev="0" fileid="6" />
              </SequencePoints>
              <BranchPoints />
              <MethodPoint xsi:type="SequencePoint" vc="5" uspid="163" ordinal="0" offset="0" sl="67" sc="3" el="67" ec="4" bec="0" bev="0" fileid="6" />
            </Method>
          </Methods>
        </Class>
        <Class>
          <Summary numSequencePoints="10" visitedSequencePoints="6" numBranchPoints="9" visitedBranchPoints="5" sequenceCoverage="60" branchCoverage="55.56" maxCyclomaticComplexity="5" minCyclomaticComplexity="1" maxCrapScore="6.60" minCrapScore="2" visitedClasses="1" numClasses="1" visitedMethods="1" numMethods="1" />
          <FullName>Projeto_pizzaria.Dominio.Features.Enderecos.Endereco</FullName>
          <Methods>
            <Method skippedDueTo="AutoImplementedProperty" visited="false" cyclomaticComplexity="1" nPathComplexity="0" sequenceCoverage="0" branchCoverage="0" crapScore="0" isConstructor="false" isStatic="false" isGetter="true" isSetter="false">
              <MetadataToken>100663362</MetadataToken>
              <Name>System.String Projeto_pizzaria.Dominio.Features.Enderecos.Endereco::get_Logradouro()</Name>
              <FileRef uid="7" />
              <SequencePoints />
              <BranchPoints />
            </Method>
            <Method skippedDueTo="AutoImplementedProperty" visited="false" cyclomaticComplexity="1" nPathComplexity="0" sequenceCoverage="0" branchCoverage="0" crapScore="0" isConstructor="false" isStatic="false" isGetter="false" isSetter="true">
              <MetadataToken>100663363</MetadataToken>
              <Name>System.Void Projeto_pizzaria.Dominio.Features.Enderecos.Endereco::set_Logradouro(System.String)</Name>
              <FileRef uid="7" />
              <SequencePoints />
              <BranchPoints />
            </Method>
            <Method skippedDueTo="AutoImplementedProperty" visited="false" cyclomaticComplexity="1" nPathComplexity="0" sequenceCoverage="0" branchCoverage="0" crapScore="0" isConstructor="false" isStatic="false" isGetter="true" isSetter="false">
              <MetadataToken>100663364</MetadataToken>
              <Name>System.String Projeto_pizzaria.Dominio.Features.Enderecos.Endereco::get_Numero()</Name>
              <FileRef uid="7" />
              <SequencePoints />
              <BranchPoints />
            </Method>
            <Method skippedDueTo="AutoImplementedProperty" visited="false" cyclomaticComplexity="1" nPathComplexity="0" sequenceCoverage="0" branchCoverage="0" crapScore="0" isConstructor="false" isStatic="false" isGetter="false" isSetter="true">
              <MetadataToken>100663365</MetadataToken>
              <Name>System.Void Projeto_pizzaria.Dominio.Features.Enderecos.Endereco::set_Numero(System.String)</Name>
              <FileRef uid="7" />
              <SequencePoints />
              <BranchPoints />
            </Method>
            <Method skippedDueTo="AutoImplementedProperty" visited="false" cyclomaticComplexity="1" nPathComplexity="0" sequenceCoverage="0" branchCoverage="0" crapScore="0" isConstructor="false" isStatic="false" isGetter="true" isSetter="false">
              <MetadataToken>100663366</MetadataToken>
              <Name>System.String Projeto_pizzaria.Dominio.Features.Enderecos.Endereco::get_Bairro()</Name>
              <FileRef uid="7" />
              <SequencePoints />
              <BranchPoints />
            </Method>
            <Method skippedDueTo="AutoImplementedProperty" visited="false" cyclomaticComplexity="1" nPathComplexity="0" sequenceCoverage="0" branchCoverage="0" crapScore="0" isConstructor="false" isStatic="false" isGetter="false" isSetter="true">
              <MetadataToken>100663367</MetadataToken>
              <Name>System.Void Projeto_pizzaria.Dominio.Features.Enderecos.Endereco::set_Bairro(System.String)</Name>
              <FileRef uid="7" />
              <SequencePoints />
              <BranchPoints />
            </Method>
            <Method skippedDueTo="AutoImplementedProperty" visited="false" cyclomaticComplexity="1" nPathComplexity="0" sequenceCoverage="0" branchCoverage="0" crapScore="0" isConstructor="false" isStatic="false" isGetter="true" isSetter="false">
              <MetadataToken>100663368</MetadataToken>
              <Name>System.String Projeto_pizzaria.Dominio.Features.Enderecos.Endereco::get_Municipio()</Name>
              <FileRef uid="7" />
              <SequencePoints />
              <BranchPoints />
            </Method>
            <Method skippedDueTo="AutoImplementedProperty" visited="false" cyclomaticComplexity="1" nPathComplexity="0" sequenceCoverage="0" branchCoverage="0" crapScore="0" isConstructor="false" isStatic="false" isGetter="false" isSetter="true">
              <MetadataToken>100663369</MetadataToken>
              <Name>System.Void Projeto_pizzaria.Dominio.Features.Enderecos.Endereco::set_Municipio(System.String)</Name>
              <FileRef uid="7" />
              <SequencePoints />
              <BranchPoints />
            </Method>
            <Method skippedDueTo="AutoImplementedProperty" visited="false" cyclomaticComplexity="1" nPathComplexity="0" sequenceCoverage="0" branchCoverage="0" crapScore="0" isConstructor="false" isStatic="false" isGetter="true" isSetter="false">
              <MetadataToken>100663370</MetadataToken>
              <Name>System.String Projeto_pizzaria.Dominio.Features.Enderecos.Endereco::get_Estado()</Name>
              <FileRef uid="7" />
              <SequencePoints />
              <BranchPoints />
            </Method>
            <Method skippedDueTo="AutoImplementedProperty" visited="false" cyclomaticComplexity="1" nPathComplexity="0" sequenceCoverage="0" branchCoverage="0" crapScore="0" isConstructor="false" isStatic="false" isGetter="false" isSetter="true">
              <MetadataToken>100663371</MetadataToken>
              <Name>System.Void Projeto_pizzaria.Dominio.Features.Enderecos.Endereco::set_Estado(System.String)</Name>
              <FileRef uid="7" />
              <SequencePoints />
              <BranchPoints />
            </Method>
            <Method skippedDueTo="AutoImplementedProperty" visited="false" cyclomaticComplexity="1" nPathComplexity="0" sequenceCoverage="0" branchCoverage="0" crapScore="0" isConstructor="false" isStatic="false" isGetter="true" isSetter="false">
              <MetadataToken>100663372</MetadataToken>
              <Name>System.String Projeto_pizzaria.Dominio.Features.Enderecos.Endereco::get_Complemento()</Name>
              <FileRef uid="7" />
              <SequencePoints />
              <BranchPoints />
            </Method>
            <Method skippedDueTo="AutoImplementedProperty" visited="false" cyclomaticComplexity="1" nPathComplexity="0" sequenceCoverage="0" branchCoverage="0" crapScore="0" isConstructor="false" isStatic="false" isGetter="false" isSetter="true">
              <MetadataToken>100663373</MetadataToken>
              <Name>System.Void Projeto_pizzaria.Dominio.Features.Enderecos.Endereco::set_Complemento(System.String)</Name>
              <FileRef uid="7" />
              <SequencePoints />
              <BranchPoints />
            </Method>
            <Method skippedDueTo="AutoImplementedProperty" visited="false" cyclomaticComplexity="1" nPathComplexity="0" sequenceCoverage="0" branchCoverage="0" crapScore="0" isConstructor="false" isStatic="false" isGetter="true" isSetter="false">
              <MetadataToken>100663374</MetadataToken>
              <Name>System.String Projeto_pizzaria.Dominio.Features.Enderecos.Endereco::get_Cep()</Name>
              <FileRef uid="7" />
              <SequencePoints />
              <BranchPoints />
            </Method>
            <Method skippedDueTo="AutoImplementedProperty" visited="false" cyclomaticComplexity="1" nPathComplexity="0" sequenceCoverage="0" branchCoverage="0" crapScore="0" isConstructor="false" isStatic="false" isGetter="false" isSetter="true">
              <MetadataToken>100663375</MetadataToken>
              <Name>System.Void Projeto_pizzaria.Dominio.Features.Enderecos.Endereco::set_Cep(System.String)</Name>
              <FileRef uid="7" />
              <SequencePoints />
              <BranchPoints />
            </Method>
            <Method visited="true" cyclomaticComplexity="5" nPathComplexity="16" sequenceCoverage="60" branchCoverage="55.56" crapScore="6.60" isConstructor="false" isStatic="false" isGetter="false" isSetter="false">
              <Summary numSequencePoints="10" visitedSequencePoints="6" numBranchPoints="9" visitedBranchPoints="5" sequenceCoverage="60" branchCoverage="55.56" maxCyclomaticComplexity="5" minCyclomaticComplexity="5" maxCrapScore="6.60" minCrapScore="6.60" visitedClasses="0" numClasses="0" visitedMethods="1" numMethods="1" />
              <MetadataToken>100663376</MetadataToken>
              <Name>System.Void Projeto_pizzaria.Dominio.Features.Enderecos.Endereco::Validar()</Name>
              <FileRef uid="7" />
              <SequencePoints>
                <SequencePoint vc="14" uspid="166" ordinal="0" offset="0" sl="16" sc="9" el="16" ec="10" bec="0" bev="0" fileid="7" />
                <SequencePoint vc="14" uspid="167" ordinal="1" offset="1" sl="17" sc="13" el="17" ec="50" bec="2" bev="1" fileid="7" />
                <SequencePoint vc="0" uspid="168" ordinal="2" offset="16" sl="18" sc="17" el="18" ec="62" bec="0" bev="0" fileid="7" />
                <SequencePoint vc="14" uspid="169" ordinal="3" offset="22" sl="19" sc="13" el="19" ec="46" bec="2" bev="1" fileid="7" />
                <SequencePoint vc="0" uspid="170" ordinal="4" offset="37" sl="20" sc="17" el="20" ec="58" bec="0" bev="0" fileid="7" />
                <SequencePoint vc="14" uspid="171" ordinal="5" offset="43" sl="21" sc="4" el="21" ec="44" bec="2" bev="1" fileid="7" />
                <SequencePoint vc="0" uspid="172" ordinal="6" offset="58" sl="22" sc="5" el="22" ec="51" bec="0" bev="0" fileid="7" />
                <SequencePoint vc="14" uspid="173" ordinal="7" offset="64" sl="23" sc="4" el="23" ec="37" bec="2" bev="1" fileid="7" />
                <SequencePoint vc="0" uspid="174" ordinal="8" offset="79" sl="24" sc="17" el="24" ec="32" bec="0" bev="0" fileid="7" />
                <SequencePoint vc="14" uspid="175" ordinal="9" offset="91" sl="25" sc="9" el="25" ec="10" bec="0" bev="0" fileid="7" />
              </SequencePoints>
              <BranchPoints>
                <BranchPoint vc="0" uspid="176" ordinal="0" offset="14" sl="17" path="0" offsetend="16" fileid="7" />
                <BranchPoint vc="14" uspid="177" ordinal="1" offset="14" sl="17" path="1" offsetend="22" fileid="7" />
                <BranchPoint vc="0" uspid="178" ordinal="2" offset="35" sl="19" path="0" offsetend="37" fileid="7" />
                <BranchPoint vc="14" uspid="179" ordinal="3" offset="35" sl="19" path="1" offsetend="43" fileid="7" />
                <BranchPoint vc="0" uspid="180" ordinal="4" offset="56" sl="21" path="0" offsetend="58" fileid="7" />
                <BranchPoint vc="14" uspid="181" ordinal="5" offset="56" sl="21" path="1" offsetend="64" fileid="7" />
                <BranchPoint vc="0" uspid="182" ordinal="6" offset="77" sl="23" path="0" offsetend="79" fileid="7" />
                <BranchPoint vc="14" uspid="183" ordinal="7" offset="77" sl="23" path="1" offsetend="91" fileid="7" />
              </BranchPoints>
              <MethodPoint xsi:type="SequencePoint" vc="14" uspid="166" ordinal="0" offset="0" sl="16" sc="9" el="16" ec="10" bec="0" bev="0" fileid="7" />
            </Method>
            <Method visited="false" cyclomaticComplexity="1" nPathComplexity="0" sequenceCoverage="0" branchCoverage="0" crapScore="2" isConstructor="true" isStatic="false" isGetter="false" isSetter="false">
              <Summary numSequencePoints="0" visitedSequencePoints="0" numBranchPoints="0" visitedBranchPoints="0" sequenceCoverage="0" branchCoverage="0" maxCyclomaticComplexity="1" minCyclomaticComplexity="1" maxCrapScore="2" minCrapScore="2" visitedClasses="0" numClasses="0" visitedMethods="0" numMethods="0" />
              <MetadataToken>100663377</MetadataToken>
              <Name>System.Void Projeto_pizzaria.Dominio.Features.Enderecos.Endereco::.ctor()</Name>
              <SequencePoints />
              <BranchPoints />
              <MethodPoint vc="0" uspid="184" ordinal="0" offset="0" />
            </Method>
          </Methods>
        </Class>
        <Class>
          <Summary numSequencePoints="20" visitedSequencePoints="20" numBranchPoints="12" visitedBranchPoints="12" sequenceCoverage="100" branchCoverage="100" maxCyclomaticComplexity="9" minCyclomaticComplexity="1" maxCrapScore="9" minCrapScore="1" visitedClasses="1" numClasses="1" visitedMethods="2" numMethods="2" />
          <FullName>Projeto_pizzaria.Dominio.Features.Clientes.Cliente</FullName>
          <Methods>
            <Method skippedDueTo="AutoImplementedProperty" visited="false" cyclomaticComplexity="1" nPathComplexity="0" sequenceCoverage="0" branchCoverage="0" crapScore="0" isConstructor="false" isStatic="false" isGetter="true" isSetter="false">
              <MetadataToken>100663382</MetadataToken>
              <Name>System.String Projeto_pizzaria.Dominio.Features.Clientes.Cliente::get_Nome()</Name>
              <FileRef uid="8" />
              <SequencePoints />
              <BranchPoints />
            </Method>
            <Method skippedDueTo="AutoImplementedProperty" visited="false" cyclomaticComplexity="1" nPathComplexity="0" sequenceCoverage="0" branchCoverage="0" crapScore="0" isConstructor="false" isStatic="false" isGetter="false" isSetter="true">
              <MetadataToken>100663383</MetadataToken>
              <Name>System.Void Projeto_pizzaria.Dominio.Features.Clientes.Cliente::set_Nome(System.String)</Name>
              <FileRef uid="8" />
              <SequencePoints />
              <BranchPoints />
            </Method>
            <Method skippedDueTo="AutoImplementedProperty" visited="false" cyclomaticComplexity="1" nPathComplexity="0" sequenceCoverage="0" branchCoverage="0" crapScore="0" isConstructor="false" isStatic="false" isGetter="true" isSetter="false">
              <MetadataToken>100663384</MetadataToken>
              <Name>System.String Projeto_pizzaria.Dominio.Features.Clientes.Cliente::get_Telefone()</Name>
              <FileRef uid="8" />
              <SequencePoints />
              <BranchPoints />
            </Method>
            <Method skippedDueTo="AutoImplementedProperty" visited="false" cyclomaticComplexity="1" nPathComplexity="0" sequenceCoverage="0" branchCoverage="0" crapScore="0" isConstructor="false" isStatic="false" isGetter="false" isSetter="true">
              <MetadataToken>100663385</MetadataToken>
              <Name>System.Void Projeto_pizzaria.Dominio.Features.Clientes.Cliente::set_Telefone(System.String)</Name>
              <FileRef uid="8" />
              <SequencePoints />
              <BranchPoints />
            </Method>
            <Method skippedDueTo="AutoImplementedProperty" visited="false" cyclomaticComplexity="1" nPathComplexity="0" sequenceCoverage="0" branchCoverage="0" crapScore="0" isConstructor="false" isStatic="false" isGetter="true" isSetter="false">
              <MetadataToken>100663386</MetadataToken>
              <Name>Projeto_pizzaria.Infra.Features.Cpf.Cpf Projeto_pizzaria.Dominio.Features.Clientes.Cliente::get_Cpf()</Name>
              <FileRef uid="8" />
              <SequencePoints />
              <BranchPoints />
            </Method>
            <Method skippedDueTo="AutoImplementedProperty" visited="false" cyclomaticComplexity="1" nPathComplexity="0" sequenceCoverage="0" branchCoverage="0" crapScore="0" isConstructor="false" isStatic="false" isGetter="false" isSetter="true">
              <MetadataToken>100663387</MetadataToken>
              <Name>System.Void Projeto_pizzaria.Dominio.Features.Clientes.Cliente::set_Cpf(Projeto_pizzaria.Infra.Features.Cpf.Cpf)</Name>
              <FileRef uid="8" />
              <SequencePoints />
              <BranchPoints />
            </Method>
            <Method skippedDueTo="AutoImplementedProperty" visited="false" cyclomaticComplexity="1" nPathComplexity="0" sequenceCoverage="0" branchCoverage="0" crapScore="0" isConstructor="false" isStatic="false" isGetter="true" isSetter="false">
              <MetadataToken>100663388</MetadataToken>
              <Name>Projeto_pizzaria.Infra.Features.Cnpj.Cnpj Projeto_pizzaria.Dominio.Features.Clientes.Cliente::get_Cnpj()</Name>
              <FileRef uid="8" />
              <SequencePoints />
              <BranchPoints />
            </Method>
            <Method skippedDueTo="AutoImplementedProperty" visited="false" cyclomaticComplexity="1" nPathComplexity="0" sequenceCoverage="0" branchCoverage="0" crapScore="0" isConstructor="false" isStatic="false" isGetter="false" isSetter="true">
              <MetadataToken>100663389</MetadataToken>
              <Name>System.Void Projeto_pizzaria.Dominio.Features.Clientes.Cliente::set_Cnpj(Projeto_pizzaria.Infra.Features.Cnpj.Cnpj)</Name>
              <FileRef uid="8" />
              <SequencePoints />
[...]
            <Method visited="false" cyclomaticComplexity="1" nPathComplexity="0" sequenceCoverage="0" branchCoverage="0" crapScore="2" isConstructor="true" isStatic="false" isGetter="false" isSetter="false">
              <Summary numSequencePoints="0" visitedSequencePoints="0" numBranchPoints="0" visitedBranchPoints="0" sequenceCoverage="0" branchCoverage="0" maxCyclomaticComplexity="1" minCyclomaticComplexity="1" maxCrapScore="2" minCrapScore="2" visitedClasses="0" numClasses="0" visitedMethods="0" numMethods="0" />
              <MetadataToken>100663338</MetadataToken>
              <Name>System.Void Projeto_pizzaria.Infra.Data.Features.Pedidos.PedidoRepositorio/&lt;&gt;c::.ctor()</Name>
              <SequencePoints />
              <BranchPoints />
              <MethodPoint vc="0" uspid="1145" ordinal="0" offset="0" />
            </Method>
          </Methods>
        </Class>
        <Class>
          <Summary numSequencePoints="10" visitedSequencePoints="10" numBranchPoints="1" visitedBranchPoints="1" sequenceCoverage="100" branchCoverage="100" maxCyclomaticComplexity="1" minCyclomaticComplexity="1" maxCrapScore="1" minCrapScore="1" visitedClasses="1" numClasses="1" visitedMethods="1" numMethods="1" />
          <FullName>Projeto_pizzaria.Infra.Data.Features.Clientes.ClienteConfiguracao</FullName>
          <Methods>
            <Method visited="true" cyclomaticComplexity="1" nPathComplexity="0" sequenceCoverage="100" branchCoverage="100" crapScore="1" isConstructor="true" isStatic="false" isGetter="false" isSetter="false">
              <Summary numSequencePoints="10" visitedSequencePoints="10" numBranchPoints="1" visitedBranchPoints="1" sequenceCoverage="100" branchCoverage="100" maxCyclomaticComplexity="1" minCyclomaticComplexity="1" maxCrapScore="1" minCrapScore="1" visitedClasses="0" numClasses="0" visitedMethods="1" numMethods="1" />
              <MetadataToken>100663316</MetadataToken>
              <Name>System.Void Projeto_pizzaria.Infra.Data.Features.Clientes.ClienteConfiguracao::.ctor()</Name>
              <FileRef uid="79" />
              <SequencePoints>
                <SequencePoint vc="2" uspid="1146" ordinal="0" offset="0" sl="13" sc="9" el="13" ec="37" bec="0" bev="0" fileid="79" />
                <SequencePoint vc="2" uspid="1147" ordinal="1" offset="7" sl="14" sc="9" el="14" ec="10" bec="0" bev="0" fileid="79" />
                <SequencePoint vc="2" uspid="1148" ordinal="2" offset="8" sl="15" sc="13" el="15" ec="34" bec="0" bev="0" fileid="79" />
                <SequencePoint vc="2" uspid="1149" ordinal="3" offset="20" sl="16" sc="13" el="16" ec="55" bec="0" bev="0" fileid="79" />
                <SequencePoint vc="2" uspid="1150" ordinal="4" offset="89" sl="18" sc="13" el="18" ec="48" bec="0" bev="0" fileid="79" />
                <SequencePoint vc="2" uspid="1151" ordinal="5" offset="158" sl="19" sc="13" el="19" ec="63" bec="0" bev="0" fileid="79" />
                <SequencePoint vc="2" uspid="1152" ordinal="6" offset="247" sl="20" sc="13" el="20" ec="62" bec="0" bev="0" fileid="79" />
                <SequencePoint vc="2" uspid="1153" ordinal="7" offset="336" sl="21" sc="13" el="21" ec="59" bec="0" bev="0" fileid="79" />
                <SequencePoint vc="2" uspid="1154" ordinal="8" offset="425" sl="23" sc="13" el="23" ec="31" bec="0" bev="0" fileid="79" />
                <SequencePoint vc="2" uspid="1155" ordinal="9" offset="489" sl="24" sc="9" el="24" ec="10" bec="0" bev="0" fileid="79" />
              </SequencePoints>
              <BranchPoints />
              <MethodPoint xsi:type="SequencePoint" vc="2" uspid="1146" ordinal="0" offset="0" sl="13" sc="9" el="13" ec="37" bec="0" bev="0" fileid="79" />
            </Method>
          </Methods>
        </Class>
        <Class>
          <Summary numSequencePoints="0" visitedSequencePoints="0" numBranchPoints="0" visitedBranchPoints="0" sequenceCoverage="0" branchCoverage="0" maxCyclomaticComplexity="1" minCyclomaticComplexity="1" maxCrapScore="2" minCrapScore="2" visitedClasses="0" numClasses="0" visitedMethods="0" numMethods="0" />
          <FullName>Projeto_pizzaria.Infra.Data.Features.Clientes.ClienteConfiguracao/&lt;&gt;c</FullName>
          <Methods>
            <Method visited="false" cyclomaticComplexity="1" nPathComplexity="0" sequenceCoverage="0" branchCoverage="0" crapScore="2" isConstructor="true" isStatic="true" isGetter="false" isSetter="false">
              <Summary numSequencePoints="0" visitedSequencePoints="0" numBranchPoints="0" visitedBranchPoints="0" sequenceCoverage="0" branchCoverage="0" maxCyclomaticComplexity="1" minCyclomaticComplexity="1" maxCrapScore="2" minCrapScore="2" visitedClasses="0" numClasses="0" visitedMethods="0" numMethods="0" />
              <MetadataToken>100663339</MetadataToken>
              <Name>System.Void Projeto_pizzaria.Infra.Data.Features.Clientes.ClienteConfiguracao/&lt;&gt;c::.cctor()</Name>
              <SequencePoints />
              <BranchPoints />
              <MethodPoint vc="0" uspid="1156" ordinal="0" offset="0" />
            </Method>
            <Method visited="false" cyclomaticComplexity="1" nPathComplexity="0" sequenceCoverage="0" branchCoverage="0" crapScore="2" isConstructor="true" isStatic="false" isGetter="false" isSetter="false">
              <Summary numSequencePoints="0" visitedSequencePoints="0" numBranchPoints="0" visitedBranchPoints="0" sequenceCoverage="0" branchCoverage="0" maxCyclomaticComplexity="1" minCyclomaticComplexity="1" maxCrapScore="2" minCrapScore="2" visitedClasses="0" numClasses="0" visitedMethods="0" numMethods="0" />
              <MetadataToken>100663340</MetadataToken>
              <Name>System.Void Projeto_pizzaria.Infra.Data.Features.Clientes.ClienteConfiguracao/&lt;&gt;c::.ctor()</Name>
              <SequencePoints />
              <BranchPoints />
              <MethodPoint vc="0" uspid="1157" ordinal="0" offset="0" />
            </Method>
          </Methods>
        </Class>
        <Class>
          <Summary numSequencePoints="31" visitedSequencePoints="27" numBranchPoints="10" visitedBranchPoints="8" sequenceCoverage="87.10" branchCoverage="80" maxCyclomaticComplexity="2" minCyclomaticComplexity="1" maxCrapScore="2.15" minCrapScore="1" visitedClasses="1" numClasses="1" visitedMethods="6" numMethods="6" />
          <FullName>Projeto_pizzaria.Infra.Data.Features.Clientes.ClienteRepositorio</FullName>
          <Methods>
            <Method visited="true" cyclomaticComplexity="1" nPathComplexity="0" sequenceCoverage="100" branchCoverage="100" crapScore="1" isConstructor="true" isStatic="false" isGetter="false" isSetter="false">
              <Summary numSequencePoints="4" visitedSequencePoints="4" numBranchPoints="1" visitedBranchPoints="1" sequenceCoverage="100" branchCoverage="100" maxCyclomaticComplexity="1" minCyclomaticComplexity="1" maxCrapScore="1" minCrapScore="1" visitedClasses="0" numClasses="0" visitedMethods="1" numMethods="1" />
              <MetadataToken>100663317</MetadataToken>
              <Name>System.Void Projeto_pizzaria.Infra.Data.Features.Clientes.ClienteRepositorio::.ctor()</Name>
              <FileRef uid="80" />
              <SequencePoints>
                <SequencePoint vc="14" uspid="1158" ordinal="0" offset="0" sl="17" sc="3" el="17" ec="30" bec="0" bev="0" fileid="80" />
                <SequencePoint vc="14" uspid="1159" ordinal="1" offset="7" sl="18" sc="3" el="18" ec="4" bec="0" bev="0" fileid="80" />
                <SequencePoint vc="14" uspid="1160" ordinal="2" offset="8" sl="19" sc="4" el="19" ec="38" bec="0" bev="0" fileid="80" />
                <SequencePoint vc="14" uspid="1161" ordinal="3" offset="19" sl="20" sc="3" el="20" ec="4" bec="0" bev="0" fileid="80" />
              </SequencePoints>
              <BranchPoints />
              <MethodPoint xsi:type="SequencePoint" vc="14" uspid="1158" ordinal="0" offset="0" sl="17" sc="3" el="17" ec="30" bec="0" bev="0" fileid="80" />
            </Method>
            <Method visited="true" cyclomaticComplexity="2" nPathComplexity="2" sequenceCoverage="66.67" branchCoverage="66.67" crapScore="2.15" isConstructor="false" isStatic="false" isGetter="false" isSetter="false">
              <Summary numSequencePoints="9" visitedSequencePoints="6" numBranchPoints="3" visitedBranchPoints="2" sequenceCoverage="66.67" branchCoverage="66.67" maxCyclomaticComplexity="2" minCyclomaticComplexity="2" maxCrapScore="2.15" minCrapScore="2.15" visitedClasses="0" numClasses="0" visitedMethods="1" numMethods="1" />
              <MetadataToken>100663318</MetadataToken>
              <Name>Projeto_pizzaria.Dominio.Features.Clientes.Cliente Projeto_pizzaria.Infra.Data.Features.Clientes.ClienteRepositorio::Atualizar(Projeto_pizzaria.Dominio.Features.Clientes.Cliente)</Name>
              <FileRef uid="80" />
              <SequencePoints>
                <SequencePoint vc="1" uspid="1162" ordinal="0" offset="0" sl="23" sc="3" el="23" ec="4" bec="0" bev="0" fileid="80" />
                <SequencePoint vc="1" uspid="1163" ordinal="1" offset="1" sl="24" sc="4" el="24" ec="62" bec="0" bev="0" fileid="80" />
                <SequencePoint vc="1" uspid="1164" ordinal="2" offset="19" sl="26" sc="13" el="26" ec="61" bec="2" bev="1" fileid="80" />
                <SequencePoint vc="0" uspid="1165" ordinal="3" offset="32" sl="27" sc="13" el="27" ec="14" bec="0" bev="0" fileid="80" />
                <SequencePoint vc="0" uspid="1166" ordinal="4" offset="33" sl="28" sc="17" el="28" ec="53" bec="0" bev="0" fileid="80" />
                <SequencePoint vc="0" uspid="1167" ordinal="5" offset="51" sl="29" sc="13" el="29" ec="14" bec="0" bev="0" fileid="80" />
                <SequencePoint vc="1" uspid="1168" ordinal="6" offset="52" sl="30" sc="4" el="30" ec="28" bec="0" bev="0" fileid="80" />
                <SequencePoint vc="1" uspid="1169" ordinal="7" offset="64" sl="32" sc="4" el="32" ec="20" bec="0" bev="0" fileid="80" />
                <SequencePoint vc="1" uspid="1170" ordinal="8" offset="68" sl="33" sc="3" el="33" ec="4" bec="0" bev="0" fileid="80" />
              </SequencePoints>
              <BranchPoints>
                <BranchPoint vc="0" uspid="1171" ordinal="0" offset="30" sl="26" path="0" offsetend="32" fileid="80" />
                <BranchPoint vc="1" uspid="1172" ordinal="1" offset="30" sl="26" path="1" offsetend="52" fileid="80" />
              </BranchPoints>
              <MethodPoint xsi:type="SequencePoint" vc="1" uspid="1162" ordinal="0" offset="0" sl="23" sc="3" el="23" ec="4" bec="0" bev="0" fileid="80" />
            </Method>
            <Method visited="true" cyclomaticComplexity="2" nPathComplexity="2" sequenceCoverage="85.71" branchCoverage="66.67" crapScore="2.01" isConstructor="false" isStatic="false" isGetter="false" isSetter="false">
              <Summary numSequencePoints="7" visitedSequencePoints="6" numBranchPoints="3" visitedBranchPoints="2" sequenceCoverage="85.71" branchCoverage="66.67" maxCyclomaticComplexity="2" minCyclomaticComplexity="2" maxCrapScore="2.01" minCrapScore="2.01" visitedClasses="0" numClasses="0" visitedMethods="1" numMethods="1" />
              <MetadataToken>100663319</MetadataToken>
              <Name>System.Void Projeto_pizzaria.Infra.Data.Features.Clientes.ClienteRepositorio::Deletar(Projeto_pizzaria.Dominio.Features.Clientes.Cliente)</Name>
              <FileRef uid="80" />
              <SequencePoints>
                <SequencePoint vc="2" uspid="1173" ordinal="0" offset="0" sl="36" sc="3" el="36" ec="4" bec="0" bev="0" fileid="80" />
                <SequencePoint vc="2" uspid="1174" ordinal="1" offset="1" sl="37" sc="4" el="37" ec="62" bec="0" bev="0" fileid="80" />
                <SequencePoint vc="2" uspid="1175" ordinal="2" offset="19" sl="39" sc="4" el="39" ec="52" bec="2" bev="1" fileid="80" />
                <SequencePoint vc="0" uspid="1176" ordinal="3" offset="32" sl="40" sc="5" el="40" ec="43" bec="0" bev="0" fileid="80" />
                <SequencePoint vc="2" uspid="1177" ordinal="4" offset="50" sl="42" sc="4" el="42" ec="42" bec="0" bev="0" fileid="80" />
                <SequencePoint vc="2" uspid="1178" ordinal="5" offset="68" sl="44" sc="4" el="44" ec="28" bec="0" bev="0" fileid="80" />
                <SequencePoint vc="2" uspid="1179" ordinal="6" offset="80" sl="45" sc="3" el="45" ec="4" bec="0" bev="0" fileid="80" />
              </SequencePoints>
              <BranchPoints>
                <BranchPoint vc="0" uspid="1180" ordinal="0" offset="30" sl="39" path="0" offsetend="32" fileid="80" />
                <BranchPoint vc="2" uspid="1181" ordinal="1" offset="30" sl="39" path="1" offsetend="50" fileid="80" />
              </BranchPoints>
              <MethodPoint xsi:type="SequencePoint" vc="2" uspid="1173" ordinal="0" offset="0" sl="36" sc="3" el="36" ec="4" bec="0" bev="0" fileid="80" />
            </Method>
            <Method visited="true" cyclomaticComplexity="1" nPathComplexity="0" sequenceCoverage="100" branchCoverage="100" crapScore="1" isConstructor="false" isStatic="false" isGetter="false" isSetter="false">
              <Summary numSequencePoints="3" visitedSequencePoints="3" numBranchPoints="1" visitedBranchPoints="1" sequenceCoverage="100" branchCoverage="100" maxCyclomaticComplexity="1" minCyclomaticComplexity="1" maxCrapScore="1" minCrapScore="1" visitedClasses="0" numClasses="0" visitedMethods="1" numMethods="1" />
              <MetadataToken>100663320</MetadataToken>
              <Name>Projeto_pizzaria.Dominio.Features.Clientes.Cliente Projeto_pizzaria.Infra.Data.Features.Clientes.ClienteRepositorio::PegarPorId(System.Int64)</Name>
              <FileRef uid="80" />
              <SequencePoints>
                <SequencePoint vc="7" uspid="1182" ordinal="0" offset="0" sl="48" sc="3" el="48" ec="4" bec="0" bev="0" fileid="80" />
                <SequencePoint vc="7" uspid="1183" ordinal="1" offset="1" sl="49" sc="4" el="49" ec="41" bec="0" bev="0" fileid="80" />
                <SequencePoint vc="7" uspid="1184" ordinal="2" offset="35" sl="50" sc="3" el="50" ec="4" bec="0" bev="0" fileid="80" />
              </SequencePoints>
              <BranchPoints />
              <MethodPoint xsi:type="SequencePoint" vc="7" uspid="1182" ordinal="0" offset="0" sl="48" sc="3" el="48" ec="4" bec="0" bev="0" fileid="80" />
            </Method>
            <Method visited="true" cyclomaticComplexity="1" nPathComplexity="0" sequenceCoverage="100" branchCoverage="100" crapScore="1" isConstructor="false" isStatic="false" isGetter="false" isSetter="false">
              <Summary numSequencePoints="3" visitedSequencePoints="3" numBranchPoints="1" visitedBranchPoints="1" sequenceCoverage="100" branchCoverage="100" maxCyclomaticComplexity="1" minCyclomaticComplexity="1" maxCrapScore="1" minCrapScore="1" visitedClasses="0" numClasses="0" visitedMethods="1" numMethods="1" />
              <MetadataToken>100663321</MetadataToken>
              <Name>System.Collections.Generic.IEnumerable`1&lt;Projeto_pizzaria.Dominio.Features.Clientes.Cliente&gt; Projeto_pizzaria.Infra.Data.Features.Clientes.ClienteRepositorio::PegarTodos()</Name>
              <FileRef uid="80" />
              <SequencePoints>
                <SequencePoint vc="2" uspid="1185" ordinal="0" offset="0" sl="53" sc="3" el="53" ec="4" bec="0" bev="0" fileid="80" />
                <SequencePoint vc="2" uspid="1186" ordinal="1" offset="1" sl="54" sc="4" el="54" ec="60" bec="0" bev="0" fileid="80" />
                <SequencePoint vc="2" uspid="1187" ordinal="2" offset="82" sl="55" sc="3" el="55" ec="4" bec="0" bev="0" fileid="80" />
              </SequencePoints>
              <BranchPoints />
              <MethodPoint xsi:type="SequencePoint" vc="2" uspid="1185" ordinal="0" offset="0" sl="53" sc="3" el="53" ec="4" bec="0" bev="0" fileid="80" />
            </Method>
            <Method visited="true" cyclomaticComplexity="1" nPathComplexity="0" sequenceCoverage="100" branchCoverage="100" crapScore="1" isConstructor="false" isStatic="false" isGetter="false" isSetter="false">
              <Summary numSequencePoints="5" visitedSequencePoints="5" numBranchPoints="1" visitedBranchPoints="1" sequenceCoverage="100" branchCoverage="100" maxCyclomaticComplexity="1" minCyclomaticComplexity="1" maxCrapScore="1" minCrapScore="1" visitedClasses="0" numClasses="0" visitedMethods="1" numMethods="1" />
              <MetadataToken>100663322</MetadataToken>
              <Name>Projeto_pizzaria.Dominio.Features.Clientes.Cliente Projeto_pizzaria.Infra.Data.Features.Clientes.ClienteRepositorio::Salvar(Projeto_pizzaria.Dominio.Features.Clientes.Cliente)</Name>
              <FileRef uid="80" />
              <SequencePoints>
                <SequencePoint vc="3" uspid="1188" ordinal="0" offset="0" sl="58" sc="3" el="58" ec="4" bec="0" bev="0" fileid="80" />
                <SequencePoint vc="3" uspid="1189" ordinal="1" offset="1" sl="59" sc="4" el="59" ec="39" bec="0" bev="0" fileid="80" />
                <SequencePoint vc="3" uspid="1190" ordinal="2" offset="19" sl="60" sc="4" el="60" ec="28" bec="0" bev="0" fileid="80" />
                <SequencePoint vc="3" uspid="1191" ordinal="3" offset="31" sl="62" sc="4" el="62" ec="20" bec="0" bev="0" fileid="80" />
                <SequencePoint vc="3" uspid="1192" ordinal="4" offset="35" sl="63" sc="3" el="63" ec="4" bec="0" bev="0" fileid="80" />
              </SequencePoints>
              <BranchPoints />
              <MethodPoint xsi:type="SequencePoint" vc="3" uspid="1188" ordinal="0" offset="0" sl="58" sc="3" el="58" ec="4" bec="0" bev="0" fileid="80" />
            </Method>
          </Methods>
        </Class>
        <Class>
          <Summary numSequencePoints="0" visitedSequencePoints="0" numBranchPoints="0" visitedBranchPoints="0" sequenceCoverage="0" branchCoverage="0" maxCyclomaticComplexity="1" minCyclomaticComplexity="1" maxCrapScore="2" minCrapScore="2" visitedClasses="0" numClasses="0" visitedMethods="0" numMethods="0" />
          <FullName>Projeto_pizzaria.Infra.Data.Features.Clientes.ClienteRepositorio/&lt;&gt;c</FullName>
          <Methods>
            <Method visited="false" cyclomaticComplexity="1" nPathComplexity="0" sequenceCoverage="0" branchCoverage="0" crapScore="2" isConstructor="true" isStatic="true" isGetter="false" isSetter="false">
              <Summary numSequencePoints="0" visitedSequencePoints="0" numBranchPoints="0" visitedBranchPoints="0" sequenceCoverage="0" branchCoverage="0" maxCyclomaticComplexity="1" minCyclomaticComplexity="1" maxCrapScore="2" minCrapScore="2" visitedClasses="0" numClasses="0" visitedMethods="0" numMethods="0" />
              <MetadataToken>100663341</MetadataToken>
              <Name>System.Void Projeto_pizzaria.Infra.Data.Features.Clientes.ClienteRepositorio/&lt;&gt;c::.cctor()</Name>
              <SequencePoints />
              <BranchPoints />
              <MethodPoint vc="0" uspid="1193" ordinal="0" offset="0" />
            </Method>
            <Method visited="false" cyclomaticComplexity="1" nPathComplexity="0" sequenceCoverage="0" branchCoverage="0" crapScore="2" isConstructor="true" isStatic="false" isGetter="false" isSetter="false">
              <Summary numSequencePoints="0" visitedSequencePoints="0" numBranchPoints="0" visitedBranchPoints="0" sequenceCoverage="0" branchCoverage="0" maxCyclomaticComplexity="1" minCyclomaticComplexity="1" maxCrapScore="2" minCrapScore="2" visitedClasses="0" numClasses="0" visitedMethods="0" numMethods="0" />
              <MetadataToken>100663342</MetadataToken>
              <Name>System.Void Projeto_pizzaria.Infra.Data.Features.Clientes.ClienteRepositorio/&lt;&gt;c::.ctor()</Name>
              <SequencePoints />
              <BranchPoints />
              <MethodPoint vc="0" uspid="1194" ordinal="0" offset="0" />
            </Method>
          </Methods>
        </Class>
      </Classes>
    </Module>
  </Modules>
</CoverageSession>