<?xml version="1.0" encoding="utf-8"?>
<CoverageSession xmlns:xsd="http://www.w3.org/2001/XMLSchema" xmlns:xsi="http://www.w3.org/2001/XMLSchema-instance" Version="4.6.0.0">
  <Summary numSequencePoints="481" visitedSequencePoints="193" numBranchPoints="194" visitedBranchPoints="47" sequenceCoverage="40.12" branchCoverage="24.23" maxCyclomaticComplexity="14" minCyclomaticComplexity="0" maxCrapScore="210" minCrapScore="0" visitedClasses="13" numClasses="19" visitedMethods="28" numMethods="74" />
  <Modules>
    <Module hash="AE-DC-95-66-08-3A-78-29-DC-7E-BC-5A-AF-6C-F7-24-DF-6F-0B-7F">
      <Summary numSequencePoints="121" visitedSequencePoints="43" numBranchPoints="38" visitedBranchPoints="9" sequenceCoverage="35.54" branchCoverage="23.68" maxCyclomaticComplexity="2" minCyclomaticComplexity="1" maxCrapScore="6" minCrapScore="1" visitedClasses="4" numClasses="7" visitedMethods="8" numMethods="26" />
      <ModulePath>C:\Users\ndduser\Desktop\TFS\BandOfBrothers\Projeto-pizzaria\Projeto-pizzaria.Infra.Data.Teste\bin\Debug\Projeto-pizzaria.Infra.Data.dll</ModulePath>
      <ModuleTime>2018-07-10T17:51:53.8062665Z</ModuleTime>
      <ModuleName>Projeto-pizzaria.Infra.Data</ModuleName>
      <Files>
        <File uid="1" fullPath="C:\Users\ndduser\Desktop\TFS\BandOfBrothers\Projeto-pizzaria\Projeto-pizzaria.Infra.Data\ProdutoRepositorio.cs" />
        <File uid="2" fullPath="C:\Users\ndduser\Desktop\TFS\BandOfBrothers\Projeto-pizzaria\Projeto-pizzaria.Infra.Data\Features\Pedidos\PedidoConfiguracao.cs" />
        <File uid="3" fullPath="C:\Users\ndduser\Desktop\TFS\BandOfBrothers\Projeto-pizzaria\Projeto-pizzaria.Infra.Data\Features\Pedidos\PedidoRepositorio.cs" />
        <File uid="4" fullPath="C:\Users\ndduser\Desktop\TFS\BandOfBrothers\Projeto-pizzaria\Projeto-pizzaria.Infra.Data\Features\Clientes\ClienteConfiguracao.cs" />
        <File uid="5" fullPath="C:\Users\ndduser\Desktop\TFS\BandOfBrothers\Projeto-pizzaria\Projeto-pizzaria.Infra.Data\Features\Clientes\ClienteRepositorio.cs" />
        <File uid="6" fullPath="C:\Users\ndduser\Desktop\TFS\BandOfBrothers\Projeto-pizzaria\Projeto-pizzaria.Infra.Data\Features\Adicionais\AdicionalConfiguracao.cs" />
        <File uid="7" fullPath="C:\Users\ndduser\Desktop\TFS\BandOfBrothers\Projeto-pizzaria\Projeto-pizzaria.Infra.Data\Features\Adicionais\AdicionalRepositorio.cs" />
      </Files>
      <Classes>
        <Class>
          <Summary numSequencePoints="0" visitedSequencePoints="0" numBranchPoints="0" visitedBranchPoints="0" sequenceCoverage="0" branchCoverage="0" maxCyclomaticComplexity="1" minCyclomaticComplexity="1" maxCrapScore="2" minCrapScore="2" visitedClasses="0" numClasses="0" visitedMethods="0" numMethods="0" />
          <FullName>Projeto_pizzaria.Infra.Data.Features.Produtos.ProdutoConfiguracao</FullName>
          <Methods>
            <Method visited="false" cyclomaticComplexity="1" nPathComplexity="0" sequenceCoverage="0" branchCoverage="0" crapScore="2" isConstructor="true" isStatic="false" isGetter="false" isSetter="false">
              <Summary numSequencePoints="0" visitedSequencePoints="0" numBranchPoints="0" visitedBranchPoints="0" sequenceCoverage="0" branchCoverage="0" maxCyclomaticComplexity="1" minCyclomaticComplexity="1" maxCrapScore="2" minCrapScore="2" visitedClasses="0" numClasses="0" visitedMethods="0" numMethods="0" />
              <MetadataToken>100663297</MetadataToken>
              <Name>System.Void Projeto_pizzaria.Infra.Data.Features.Produtos.ProdutoConfiguracao::.ctor()</Name>
              <SequencePoints />
              <BranchPoints />
              <MethodPoint vc="0" uspid="1" ordinal="0" offset="0" />
            </Method>
          </Methods>
        </Class>
        <Class>
          <Summary numSequencePoints="10" visitedSequencePoints="0" numBranchPoints="5" visitedBranchPoints="0" sequenceCoverage="0" branchCoverage="0" maxCyclomaticComplexity="1" minCyclomaticComplexity="1" maxCrapScore="2" minCrapScore="2" visitedClasses="0" numClasses="1" visitedMethods="0" numMethods="5" />
          <FullName>Projeto_pizzaria.Infra.Data.Features.Produtos.ProdutoRepositorio</FullName>
          <Methods>
            <Method visited="false" cyclomaticComplexity="1" nPathComplexity="0" sequenceCoverage="0" branchCoverage="0" crapScore="2" isConstructor="false" isStatic="false" isGetter="false" isSetter="false">
              <Summary numSequencePoints="2" visitedSequencePoints="0" numBranchPoints="1" visitedBranchPoints="0" sequenceCoverage="0" branchCoverage="0" maxCyclomaticComplexity="1" minCyclomaticComplexity="1" maxCrapScore="2" minCrapScore="2" visitedClasses="0" numClasses="0" visitedMethods="0" numMethods="1" />
              <MetadataToken>100663298</MetadataToken>
              <Name>Projeto_pizzaria.Dominio.Features.Produtos.Produto Projeto_pizzaria.Infra.Data.Features.Produtos.ProdutoRepositorio::Atualizar(Projeto_pizzaria.Dominio.Features.Produtos.Produto)</Name>
              <FileRef uid="1" />
              <SequencePoints>
                <SequencePoint vc="0" uspid="2" ordinal="0" offset="0" sl="13" sc="9" el="13" ec="10" bec="0" bev="0" fileid="1" />
                <SequencePoint vc="0" uspid="3" ordinal="1" offset="1" sl="14" sc="13" el="14" ec="49" bec="0" bev="0" fileid="1" />
              </SequencePoints>
              <BranchPoints />
              <MethodPoint xsi:type="SequencePoint" vc="0" uspid="2" ordinal="0" offset="0" sl="13" sc="9" el="13" ec="10" bec="0" bev="0" fileid="1" />
            </Method>
            <Method visited="false" cyclomaticComplexity="1" nPathComplexity="0" sequenceCoverage="0" branchCoverage="0" crapScore="2" isConstructor="false" isStatic="false" isGetter="false" isSetter="false">
              <Summary numSequencePoints="2" visitedSequencePoints="0" numBranchPoints="1" visitedBranchPoints="0" sequenceCoverage="0" branchCoverage="0" maxCyclomaticComplexity="1" minCyclomaticComplexity="1" maxCrapScore="2" minCrapScore="2" visitedClasses="0" numClasses="0" visitedMethods="0" numMethods="1" />
              <MetadataToken>100663299</MetadataToken>
              <Name>System.Void Projeto_pizzaria.Infra.Data.Features.Produtos.ProdutoRepositorio::Deletar(Projeto_pizzaria.Dominio.Features.Produtos.Produto)</Name>
              <FileRef uid="1" />
              <SequencePoints>
                <SequencePoint vc="0" uspid="4" ordinal="0" offset="0" sl="18" sc="9" el="18" ec="10" bec="0" bev="0" fileid="1" />
                <SequencePoint vc="0" uspid="5" ordinal="1" offset="1" sl="19" sc="13" el="19" ec="49" bec="0" bev="0" fileid="1" />
              </SequencePoints>
              <BranchPoints />
              <MethodPoint xsi:type="SequencePoint" vc="0" uspid="4" ordinal="0" offset="0" sl="18" sc="9" el="18" ec="10" bec="0" bev="0" fileid="1" />
            </Method>
            <Method visited="false" cyclomaticComplexity="1" nPathComplexity="0" sequenceCoverage="0" branchCoverage="0" crapScore="2" isConstructor="false" isStatic="false" isGetter="false" isSetter="false">
              <Summary numSequencePoints="2" visitedSequencePoints="0" numBranchPoints="1" visitedBranchPoints="0" sequenceCoverage="0" branchCoverage="0" maxCyclomaticComplexity="1" minCyclomaticComplexity="1" maxCrapScore="2" minCrapScore="2" visitedClasses="0" numClasses="0" visitedMethods="0" numMethods="1" />
              <MetadataToken>100663300</MetadataToken>
              <Name>Projeto_pizzaria.Dominio.Features.Produtos.Produto Projeto_pizzaria.Infra.Data.Features.Produtos.ProdutoRepositorio::PegarPorId(System.Int64)</Name>
              <FileRef uid="1" />
              <SequencePoints>
                <SequencePoint vc="0" uspid="6" ordinal="0" offset="0" sl="23" sc="9" el="23" ec="10" bec="0" bev="0" fileid="1" />
                <SequencePoint vc="0" uspid="7" ordinal="1" offset="1" sl="24" sc="13" el="24" ec="49" bec="0" bev="0" fileid="1" />
              </SequencePoints>
              <BranchPoints />
              <MethodPoint xsi:type="SequencePoint" vc="0" uspid="6" ordinal="0" offset="0" sl="23" sc="9" el="23" ec="10" bec="0" bev="0" fileid="1" />
            </Method>
            <Method visited="false" cyclomaticComplexity="1" nPathComplexity="0" sequenceCoverage="0" branchCoverage="0" crapScore="2" isConstructor="false" isStatic="false" isGetter="false" isSetter="false">
              <Summary numSequencePoints="2" visitedSequencePoints="0" numBranchPoints="1" visitedBranchPoints="0" sequenceCoverage="0" branchCoverage="0" maxCyclomaticComplexity="1" minCyclomaticComplexity="1" maxCrapScore="2" minCrapScore="2" visitedClasses="0" numClasses="0" visitedMethods="0" numMethods="1" />
              <MetadataToken>100663301</MetadataToken>
              <Name>System.Collections.Generic.IEnumerable`1&lt;Projeto_pizzaria.Dominio.Features.Produtos.Produto&gt; Projeto_pizzaria.Infra.Data.Features.Produtos.ProdutoRepositorio::PegarTodos()</Name>
              <FileRef uid="1" />
              <SequencePoints>
                <SequencePoint vc="0" uspid="8" ordinal="0" offset="0" sl="28" sc="9" el="28" ec="10" bec="0" bev="0" fileid="1" />
                <SequencePoint vc="0" uspid="9" ordinal="1" offset="1" sl="29" sc="13" el="29" ec="49" bec="0" bev="0" fileid="1" />
              </SequencePoints>
              <BranchPoints />
              <MethodPoint xsi:type="SequencePoint" vc="0" uspid="8" ordinal="0" offset="0" sl="28" sc="9" el="28" ec="10" bec="0" bev="0" fileid="1" />
            </Method>
            <Method visited="false" cyclomaticComplexity="1" nPathComplexity="0" sequenceCoverage="0" branchCoverage="0" crapScore="2" isConstructor="false" isStatic="false" isGetter="false" isSetter="false">
              <Summary numSequencePoints="2" visitedSequencePoints="0" numBranchPoints="1" visitedBranchPoints="0" sequenceCoverage="0" branchCoverage="0" maxCyclomaticComplexity="1" minCyclomaticComplexity="1" maxCrapScore="2" minCrapScore="2" visitedClasses="0" numClasses="0" visitedMethods="0" numMethods="1" />
              <MetadataToken>100663302</MetadataToken>
              <Name>Projeto_pizzaria.Dominio.Features.Produtos.Produto Projeto_pizzaria.Infra.Data.Features.Produtos.ProdutoRepositorio::Salvar(Projeto_pizzaria.Dominio.Features.Produtos.Produto)</Name>
              <FileRef uid="1" />
              <SequencePoints>
                <SequencePoint vc="0" uspid="10" ordinal="0" offset="0" sl="33" sc="9" el="33" ec="10" bec="0" bev="0" fileid="1" />
                <SequencePoint vc="0" uspid="11" ordinal="1" offset="1" sl="34" sc="13" el="34" ec="49" bec="0" bev="0" fileid="1" />
              </SequencePoints>
              <BranchPoints />
              <MethodPoint xsi:type="SequencePoint" vc="0" uspid="10" ordinal="0" offset="0" sl="33" sc="9" el="33" ec="10" bec="0" bev="0" fileid="1" />
            </Method>
            <Method visited="false" cyclomaticComplexity="1" nPathComplexity="0" sequenceCoverage="0" branchCoverage="0" crapScore="2" isConstructor="true" isStatic="false" isGetter="false" isSetter="false">
              <Summary numSequencePoints="0" visitedSequencePoints="0" numBranchPoints="0" visitedBranchPoints="0" sequenceCoverage="0" branchCoverage="0" maxCyclomaticComplexity="1" minCyclomaticComplexity="1" maxCrapScore="2" minCrapScore="2" visitedClasses="0" numClasses="0" visitedMethods="0" numMethods="0" />
              <MetadataToken>100663303</MetadataToken>
              <Name>System.Void Projeto_pizzaria.Infra.Data.Features.Produtos.ProdutoRepositorio::.ctor()</Name>
              <SequencePoints />
              <BranchPoints />
              <MethodPoint vc="0" uspid="12" ordinal="0" offset="0" />
            </Method>
          </Methods>
        </Class>
        <Class>
          <Summary numSequencePoints="7" visitedSequencePoints="7" numBranchPoints="1" visitedBranchPoints="1" sequenceCoverage="100" branchCoverage="100" maxCyclomaticComplexity="1" minCyclomaticComplexity="1" maxCrapScore="1" minCrapScore="1" visitedClasses="1" numClasses="1" visitedMethods="1" numMethods="1" />
          <FullName>Projeto_pizzaria.Infra.Data.Features.Pedidos.PedidoConfiguracao</FullName>
          <Methods>
            <Method visited="true" cyclomaticComplexity="1" nPathComplexity="0" sequenceCoverage="100" branchCoverage="100" crapScore="1" isConstructor="true" isStatic="false" isGetter="false" isSetter="false">
              <Summary numSequencePoints="7" visitedSequencePoints="7" numBranchPoints="1" visitedBranchPoints="1" sequenceCoverage="100" branchCoverage="100" maxCyclomaticComplexity="1" minCyclomaticComplexity="1" maxCrapScore="1" minCrapScore="1" visitedClasses="0" numClasses="0" visitedMethods="1" numMethods="1" />
              <MetadataToken>100663304</MetadataToken>
              <Name>System.Void Projeto_pizzaria.Infra.Data.Features.Pedidos.PedidoConfiguracao::.ctor()</Name>
              <FileRef uid="2" />
              <SequencePoints>
                <SequencePoint vc="1" uspid="13" ordinal="0" offset="0" sl="8" sc="9" el="8" ec="36" bec="0" bev="0" fileid="2" />
                <SequencePoint vc="1" uspid="14" ordinal="1" offset="7" sl="9" sc="9" el="9" ec="10" bec="0" bev="0" fileid="2" />
                <SequencePoint vc="1" uspid="15" ordinal="2" offset="8" sl="10" sc="13" el="10" ec="33" bec="0" bev="0" fileid="2" />
                <SequencePoint vc="1" uspid="16" ordinal="3" offset="20" sl="12" sc="13" el="12" ec="56" bec="0" bev="0" fileid="2" />
                <SequencePoint vc="1" uspid="17" ordinal="4" offset="89" sl="13" sc="13" el="13" ec="55" bec="0" bev="0" fileid="2" />
                <SequencePoint vc="1" uspid="18" ordinal="5" offset="158" sl="15" sc="4" el="15" ec="22" bec="0" bev="0" fileid="2" />
                <SequencePoint vc="1" uspid="19" ordinal="6" offset="222" sl="16" sc="9" el="16" ec="10" bec="0" bev="0" fileid="2" />
              </SequencePoints>
              <BranchPoints />
              <MethodPoint xsi:type="SequencePoint" vc="1" uspid="13" ordinal="0" offset="0" sl="8" sc="9" el="8" ec="36" bec="0" bev="0" fileid="2" />
            </Method>
          </Methods>
        </Class>
        <Class>
          <Summary numSequencePoints="0" visitedSequencePoints="0" numBranchPoints="0" visitedBranchPoints="0" sequenceCoverage="0" branchCoverage="0" maxCyclomaticComplexity="1" minCyclomaticComplexity="1" maxCrapScore="2" minCrapScore="2" visitedClasses="0" numClasses="0" visitedMethods="0" numMethods="0" />
          <FullName>Projeto_pizzaria.Infra.Data.Features.Pedidos.PedidoConfiguracao/&lt;&gt;c</FullName>
          <Methods>
            <Method visited="false" cyclomaticComplexity="1" nPathComplexity="0" sequenceCoverage="0" branchCoverage="0" crapScore="2" isConstructor="true" isStatic="true" isGetter="false" isSetter="false">
              <Summary numSequencePoints="0" visitedSequencePoints="0" numBranchPoints="0" visitedBranchPoints="0" sequenceCoverage="0" branchCoverage="0" maxCyclomaticComplexity="1" minCyclomaticComplexity="1" maxCrapScore="2" minCrapScore="2" visitedClasses="0" numClasses="0" visitedMethods="0" numMethods="0" />
              <MetadataToken>100663336</MetadataToken>
              <Name>System.Void Projeto_pizzaria.Infra.Data.Features.Pedidos.PedidoConfiguracao/&lt;&gt;c::.cctor()</Name>
              <SequencePoints />
              <BranchPoints />
              <MethodPoint vc="0" uspid="20" ordinal="0" offset="0" />
            </Method>
            <Method visited="false" cyclomaticComplexity="1" nPathComplexity="0" sequenceCoverage="0" branchCoverage="0" crapScore="2" isConstructor="true" isStatic="false" isGetter="false" isSetter="false">
              <Summary numSequencePoints="0" visitedSequencePoints="0" numBranchPoints="0" visitedBranchPoints="0" sequenceCoverage="0" branchCoverage="0" maxCyclomaticComplexity="1" minCyclomaticComplexity="1" maxCrapScore="2" minCrapScore="2" visitedClasses="0" numClasses="0" visitedMethods="0" numMethods="0" />
              <MetadataToken>100663337</MetadataToken>
              <Name>System.Void Projeto_pizzaria.Infra.Data.Features.Pedidos.PedidoConfiguracao/&lt;&gt;c::.ctor()</Name>
              <SequencePoints />
              <BranchPoints />
              <MethodPoint vc="0" uspid="21" ordinal="0" offset="0" />
            </Method>
          </Methods>
        </Class>
        <Class>
          <Summary numSequencePoints="29" visitedSequencePoints="0" numBranchPoints="10" visitedBranchPoints="0" sequenceCoverage="0" branchCoverage="0" maxCyclomaticComplexity="2" minCyclomaticComplexity="1" maxCrapScore="6" minCrapScore="2" visitedClasses="0" numClasses="1" visitedMethods="0" numMethods="6" />
          <FullName>Projeto_pizzaria.Infra.Data.Features.Pedidos.PedidoRepositorio</FullName>
          <Methods>
            <Method visited="false" cyclomaticComplexity="1" nPathComplexity="0" sequenceCoverage="0" branchCoverage="0" crapScore="2" isConstructor="true" isStatic="false" isGetter="false" isSetter="false">
              <Summary numSequencePoints="4" visitedSequencePoints="0" numBranchPoints="1" visitedBranchPoints="0" sequenceCoverage="0" branchCoverage="0" maxCyclomaticComplexity="1" minCyclomaticComplexity="1" maxCrapScore="2" minCrapScore="2" visitedClasses="0" numClasses="0" visitedMethods="0" numMethods="1" />
              <MetadataToken>100663305</MetadataToken>
              <Name>System.Void Projeto_pizzaria.Infra.Data.Features.Pedidos.PedidoRepositorio::.ctor()</Name>
              <FileRef uid="3" />
              <SequencePoints>
                <SequencePoint vc="0" uspid="22" ordinal="0" offset="0" sl="15" sc="9" el="15" ec="35" bec="0" bev="0" fileid="3" />
                <SequencePoint vc="0" uspid="23" ordinal="1" offset="7" sl="16" sc="9" el="16" ec="10" bec="0" bev="0" fileid="3" />
                <SequencePoint vc="0" uspid="24" ordinal="2" offset="8" sl="17" sc="13" el="17" ec="47" bec="0" bev="0" fileid="3" />
                <SequencePoint vc="0" uspid="25" ordinal="3" offset="19" sl="18" sc="9" el="18" ec="10" bec="0" bev="0" fileid="3" />
              </SequencePoints>
              <BranchPoints />
              <MethodPoint xsi:type="SequencePoint" vc="0" uspid="22" ordinal="0" offset="0" sl="15" sc="9" el="15" ec="35" bec="0" bev="0" fileid="3" />
            </Method>
            <Method visited="false" cyclomaticComplexity="2" nPathComplexity="2" sequenceCoverage="0" branchCoverage="0" crapScore="6" isConstructor="false" isStatic="false" isGetter="false" isSetter="false">
              <Summary numSequencePoints="7" visitedSequencePoints="0" numBranchPoints="3" visitedBranchPoints="0" sequenceCoverage="0" branchCoverage="0" maxCyclomaticComplexity="2" minCyclomaticComplexity="2" maxCrapScore="6" minCrapScore="6" visitedClasses="0" numClasses="0" visitedMethods="0" numMethods="1" />
              <MetadataToken>100663306</MetadataToken>
              <Name>Projeto_pizzaria.Dominio.Features.Pedidos.Pedido Projeto_pizzaria.Infra.Data.Features.Pedidos.PedidoRepositorio::Atualizar(Projeto_pizzaria.Dominio.Features.Pedidos.Pedido)</Name>
              <FileRef uid="3" />
              <SequencePoints>
                <SequencePoint vc="0" uspid="26" ordinal="0" offset="0" sl="21" sc="9" el="21" ec="10" bec="0" bev="0" fileid="3" />
                <SequencePoint vc="0" uspid="27" ordinal="1" offset="1" sl="22" sc="13" el="22" ec="69" bec="0" bev="0" fileid="3" />
                <SequencePoint vc="0" uspid="28" ordinal="2" offset="19" sl="24" sc="13" el="24" ec="61" bec="2" bev="0" fileid="3" />
                <SequencePoint vc="0" uspid="29" ordinal="3" offset="32" sl="25" sc="17" el="25" ec="52" bec="0" bev="0" fileid="3" />
                <SequencePoint vc="0" uspid="30" ordinal="4" offset="50" sl="27" sc="13" el="27" ec="37" bec="0" bev="0" fileid="3" />
                <SequencePoint vc="0" uspid="31" ordinal="5" offset="62" sl="29" sc="13" el="29" ec="29" bec="0" bev="0" fileid="3" />
                <SequencePoint vc="0" uspid="32" ordinal="6" offset="66" sl="30" sc="9" el="30" ec="10" bec="0" bev="0" fileid="3" />
              </SequencePoints>
              <BranchPoints>
                <BranchPoint vc="0" uspid="33" ordinal="0" offset="30" sl="24" path="0" offsetend="32" fileid="3" />
                <BranchPoint vc="0" uspid="34" ordinal="1" offset="30" sl="24" path="1" offsetend="50" fileid="3" />
              </BranchPoints>
              <MethodPoint xsi:type="SequencePoint" vc="0" uspid="26" ordinal="0" offset="0" sl="21" sc="9" el="21" ec="10" bec="0" bev="0" fileid="3" />
            </Method>
            <Method visited="false" cyclomaticComplexity="2" nPathComplexity="2" sequenceCoverage="0" branchCoverage="0" crapScore="6" isConstructor="false" isStatic="false" isGetter="false" isSetter="false">
              <Summary numSequencePoints="7" visitedSequencePoints="0" numBranchPoints="3" visitedBranchPoints="0" sequenceCoverage="0" branchCoverage="0" maxCyclomaticComplexity="2" minCyclomaticComplexity="2" maxCrapScore="6" minCrapScore="6" visitedClasses="0" numClasses="0" visitedMethods="0" numMethods="1" />
              <MetadataToken>100663307</MetadataToken>
              <Name>System.Void Projeto_pizzaria.Infra.Data.Features.Pedidos.PedidoRepositorio::Deletar(Projeto_pizzaria.Dominio.Features.Pedidos.Pedido)</Name>
              <FileRef uid="3" />
              <SequencePoints>
                <SequencePoint vc="0" uspid="35" ordinal="0" offset="0" sl="33" sc="9" el="33" ec="10" bec="0" bev="0" fileid="3" />
                <SequencePoint vc="0" uspid="36" ordinal="1" offset="1" sl="34" sc="13" el="34" ec="69" bec="0" bev="0" fileid="3" />
                <SequencePoint vc="0" uspid="37" ordinal="2" offset="19" sl="36" sc="13" el="36" ec="61" bec="2" bev="0" fileid="3" />
                <SequencePoint vc="0" uspid="38" ordinal="3" offset="32" sl="37" sc="17" el="37" ec="52" bec="0" bev="0" fileid="3" />
                <SequencePoint vc="0" uspid="39" ordinal="4" offset="50" sl="39" sc="13" el="39" ec="48" bec="0" bev="0" fileid="3" />
                <SequencePoint vc="0" uspid="40" ordinal="5" offset="68" sl="41" sc="13" el="41" ec="37" bec="0" bev="0" fileid="3" />
                <SequencePoint vc="0" uspid="41" ordinal="6" offset="80" sl="42" sc="9" el="42" ec="10" bec="0" bev="0" fileid="3" />
              </SequencePoints>
              <BranchPoints>
                <BranchPoint vc="0" uspid="42" ordinal="0" offset="30" sl="36" path="0" offsetend="32" fileid="3" />
                <BranchPoint vc="0" uspid="43" ordinal="1" offset="30" sl="36" path="1" offsetend="50" fileid="3" />
              </BranchPoints>
              <MethodPoint xsi:type="SequencePoint" vc="0" uspid="35" ordinal="0" offset="0" sl="33" sc="9" el="33" ec="10" bec="0" bev="0" fileid="3" />
            </Method>
            <Method visited="false" cyclomaticComplexity="1" nPathComplexity="0" sequenceCoverage="0" branchCoverage="0" crapScore="2" isConstructor="false" isStatic="false" isGetter="false" isSetter="false">
              <Summary numSequencePoints="3" visitedSequencePoints="0" numBranchPoints="1" visitedBranchPoints="0" sequenceCoverage="0" branchCoverage="0" maxCyclomaticComplexity="1" minCyclomaticComplexity="1" maxCrapScore="2" minCrapScore="2" visitedClasses="0" numClasses="0" visitedMethods="0" numMethods="1" />
              <MetadataToken>100663308</MetadataToken>
              <Name>Projeto_pizzaria.Dominio.Features.Pedidos.Pedido Projeto_pizzaria.Infra.Data.Features.Pedidos.PedidoRepositorio::PegarPorId(System.Int64)</Name>
              <FileRef uid="3" />
              <SequencePoints>
                <SequencePoint vc="0" uspid="44" ordinal="0" offset="0" sl="45" sc="9" el="45" ec="10" bec="0" bev="0" fileid="3" />
                <SequencePoint vc="0" uspid="45" ordinal="1" offset="1" sl="46" sc="13" el="46" ec="47" bec="0" bev="0" fileid="3" />
                <SequencePoint vc="0" uspid="46" ordinal="2" offset="35" sl="47" sc="9" el="47" ec="10" bec="0" bev="0" fileid="3" />
              </SequencePoints>
              <BranchPoints />
              <MethodPoint xsi:type="SequencePoint" vc="0" uspid="44" ordinal="0" offset="0" sl="45" sc="9" el="45" ec="10" bec="0" bev="0" fileid="3" />
            </Method>
            <Method visited="false" cyclomaticComplexity="1" nPathComplexity="0" sequenceCoverage="0" branchCoverage="0" crapScore="2" isConstructor="false" isStatic="false" isGetter="false" isSetter="false">
              <Summary numSequencePoints="3" visitedSequencePoints="0" numBranchPoints="1" visitedBranchPoints="0" sequenceCoverage="0" branchCoverage="0" maxCyclomaticComplexity="1" minCyclomaticComplexity="1" maxCrapScore="2" minCrapScore="2" visitedClasses="0" numClasses="0" visitedMethods="0" numMethods="1" />
              <MetadataToken>100663309</MetadataToken>
              <Name>System.Collections.Generic.IEnumerable`1&lt;Projeto_pizzaria.Dominio.Features.Pedidos.Pedido&gt; Projeto_pizzaria.Infra.Data.Features.Pedidos.PedidoRepositorio::PegarTodos()</Name>
              <FileRef uid="3" />
              <SequencePoints>
                <SequencePoint vc="0" uspid="47" ordinal="0" offset="0" sl="50" sc="9" el="50" ec="10" bec="0" bev="0" fileid="3" />
                <SequencePoint vc="0" uspid="48" ordinal="1" offset="1" sl="51" sc="13" el="51" ec="47" bec="0" bev="0" fileid="3" />
                <SequencePoint vc="0" uspid="49" ordinal="2" offset="20" sl="52" sc="9" el="52" ec="10" bec="0" bev="0" fileid="3" />
              </SequencePoints>
              <BranchPoints />
              <MethodPoint xsi:type="SequencePoint" vc="0" uspid="47" ordinal="0" offset="0" sl="50" sc="9" el="50" ec="10" bec="0" bev="0" fileid="3" />
            </Method>
            <Method visited="false" cyclomaticComplexity="1" nPathComplexity="0" sequenceCoverage="0" branchCoverage="0" crapScore="2" isConstructor="false" isStatic="false" isGetter="false" isSetter="false">
              <Summary numSequencePoints="5" visitedSequencePoints="0" numBranchPoints="1" visitedBranchPoints="0" sequenceCoverage="0" branchCoverage="0" maxCyclomaticComplexity="1" minCyclomaticComplexity="1" maxCrapScore="2" minCrapScore="2" visitedClasses="0" numClasses="0" visitedMethods="0" numMethods="1" />
              <MetadataToken>100663310</MetadataToken>
              <Name>Projeto_pizzaria.Dominio.Features.Pedidos.Pedido Projeto_pizzaria.Infra.Data.Features.Pedidos.PedidoRepositorio::Salvar(Projeto_pizzaria.Dominio.Features.Pedidos.Pedido)</Name>
              <FileRef uid="3" />
              <SequencePoints>
                <SequencePoint vc="0" uspid="50" ordinal="0" offset="0" sl="55" sc="9" el="55" ec="10" bec="0" bev="0" fileid="3" />
                <SequencePoint vc="0" uspid="51" ordinal="1" offset="1" sl="56" sc="13" el="56" ec="45" bec="0" bev="0" fileid="3" />
                <SequencePoint vc="0" uspid="52" ordinal="2" offset="19" sl="57" sc="13" el="57" ec="37" bec="0" bev="0" fileid="3" />
                <SequencePoint vc="0" uspid="53" ordinal="3" offset="31" sl="59" sc="13" el="59" ec="29" bec="0" bev="0" fileid="3" />
                <SequencePoint vc="0" uspid="54" ordinal="4" offset="35" sl="60" sc="9" el="60" ec="10" bec="0" bev="0" fileid="3" />
              </SequencePoints>
              <BranchPoints />
              <MethodPoint xsi:type="SequencePoint" vc="0" uspid="50" ordinal="0" offset="0" sl="55" sc="9" el="55" ec="10" bec="0" bev="0" fileid="3" />
            </Method>
          </Methods>
        </Class>
        <Class>
          <Summary numSequencePoints="10" visitedSequencePoints="10" numBranchPoints="1" visitedBranchPoints="1" sequenceCoverage="100" branchCoverage="100" maxCyclomaticComplexity="1" minCyclomaticComplexity="1" maxCrapScore="1" minCrapScore="1" visitedClasses="1" numClasses="1" visitedMethods="1" numMethods="1" />
          <FullName>Projeto_pizzaria.Infra.Data.Features.Clientes.ClienteConfiguracao</FullName>
          <Methods>
            <Method visited="true" cyclomaticComplexity="1" nPathComplexity="0" sequenceCoverage="100" branchCoverage="100" crapScore="1" isConstructor="true" isStatic="false" isGetter="false" isSetter="false">
              <Summary numSequencePoints="10" visitedSequencePoints="10" numBranchPoints="1" visitedBranchPoints="1" sequenceCoverage="100" branchCoverage="100" maxCyclomaticComplexity="1" minCyclomaticComplexity="1" maxCrapScore="1" minCrapScore="1" visitedClasses="0" numClasses="0" visitedMethods="1" numMethods="1" />
              <MetadataToken>100663311</MetadataToken>
              <Name>System.Void Projeto_pizzaria.Infra.Data.Features.Clientes.ClienteConfiguracao::.ctor()</Name>
              <FileRef uid="4" />
              <SequencePoints>
                <SequencePoint vc="1" uspid="55" ordinal="0" offset="0" sl="13" sc="9" el="13" ec="37" bec="0" bev="0" fileid="4" />
                <SequencePoint vc="1" uspid="56" ordinal="1" offset="7" sl="14" sc="9" el="14" ec="10" bec="0" bev="0" fileid="4" />
                <SequencePoint vc="1" uspid="57" ordinal="2" offset="8" sl="15" sc="13" el="15" ec="34" bec="0" bev="0" fileid="4" />
                <SequencePoint vc="1" uspid="58" ordinal="3" offset="20" sl="16" sc="13" el="16" ec="55" bec="0" bev="0" fileid="4" />
                <SequencePoint vc="1" uspid="59" ordinal="4" offset="89" sl="18" sc="13" el="18" ec="48" bec="0" bev="0" fileid="4" />
                <SequencePoint vc="1" uspid="60" ordinal="5" offset="158" sl="19" sc="13" el="19" ec="63" bec="0" bev="0" fileid="4" />
                <SequencePoint vc="1" uspid="61" ordinal="6" offset="247" sl="20" sc="13" el="20" ec="62" bec="0" bev="0" fileid="4" />
                <SequencePoint vc="1" uspid="62" ordinal="7" offset="336" sl="21" sc="13" el="21" ec="59" bec="0" bev="0" fileid="4" />
                <SequencePoint vc="1" uspid="63" ordinal="8" offset="425" sl="23" sc="13" el="23" ec="31" bec="0" bev="0" fileid="4" />
                <SequencePoint vc="1" uspid="64" ordinal="9" offset="489" sl="24" sc="9" el="24" ec="10" bec="0" bev="0" fileid="4" />
              </SequencePoints>
              <BranchPoints />
              <MethodPoint xsi:type="SequencePoint" vc="1" uspid="55" ordinal="0" offset="0" sl="13" sc="9" el="13" ec="37" bec="0" bev="0" fileid="4" />
            </Method>
          </Methods>
        </Class>
        <Class>
          <Summary numSequencePoints="0" visitedSequencePoints="0" numBranchPoints="0" visitedBranchPoints="0" sequenceCoverage="0" branchCoverage="0" maxCyclomaticComplexity="1" minCyclomaticComplexity="1" maxCrapScore="2" minCrapScore="2" visitedClasses="0" numClasses="0" visitedMethods="0" numMethods="0" />
          <FullName>Projeto_pizzaria.Infra.Data.Features.Clientes.ClienteConfiguracao/&lt;&gt;c</FullName>
          <Methods>
            <Method visited="false" cyclomaticComplexity="1" nPathComplexity="0" sequenceCoverage="0" branchCoverage="0" crapScore="2" isConstructor="true" isStatic="true" isGetter="false" isSetter="false">
              <Summary numSequencePoints="0" visitedSequencePoints="0" numBranchPoints="0" visitedBranchPoints="0" sequenceCoverage="0" branchCoverage="0" maxCyclomaticComplexity="1" minCyclomaticComplexity="1" maxCrapScore="2" minCrapScore="2" visitedClasses="0" numClasses="0" visitedMethods="0" numMethods="0" />
              <MetadataToken>100663338</MetadataToken>
              <Name>System.Void Projeto_pizzaria.Infra.Data.Features.Clientes.ClienteConfiguracao/&lt;&gt;c::.cctor()</Name>
              <SequencePoints />
              <BranchPoints />
              <MethodPoint vc="0" uspid="65" ordinal="0" offset="0" />
            </Method>
            <Method visited="false" cyclomaticComplexity="1" nPathComplexity="0" sequenceCoverage="0" branchCoverage="0" crapScore="2" isConstructor="true" isStatic="false" isGetter="false" isSetter="false">
              <Summary numSequencePoints="0" visitedSequencePoints="0" numBranchPoints="0" visitedBranchPoints="0" sequenceCoverage="0" branchCoverage="0" maxCyclomaticComplexity="1" minCyclomaticComplexity="1" maxCrapScore="2" minCrapScore="2" visitedClasses="0" numClasses="0" visitedMethods="0" numMethods="0" />
              <MetadataToken>100663339</MetadataToken>
              <Name>System.Void Projeto_pizzaria.Infra.Data.Features.Clientes.ClienteConfiguracao/&lt;&gt;c::.ctor()</Name>
              <SequencePoints />
              <BranchPoints />
              <MethodPoint vc="0" uspid="66" ordinal="0" offset="0" />
            </Method>
          </Methods>
        </Class>
        <Class>
          <Summary numSequencePoints="31" visitedSequencePoints="0" numBranchPoints="10" visitedBranchPoints="0" sequenceCoverage="0" branchCoverage="0" maxCyclomaticComplexity="2" minCyclomaticComplexity="1" maxCrapScore="6" minCrapScore="2" visitedClasses="0" numClasses="1" visitedMethods="0" numMethods="6" />
          <FullName>Projeto_pizzaria.Infra.Data.Features.Clientes.ClienteRepositorio</FullName>
          <Methods>
            <Method visited="false" cyclomaticComplexity="1" nPathComplexity="0" sequenceCoverage="0" branchCoverage="0" crapScore="2" isConstructor="true" isStatic="false" isGetter="false" isSetter="false">
              <Summary numSequencePoints="4" visitedSequencePoints="0" numBranchPoints="1" visitedBranchPoints="0" sequenceCoverage="0" branchCoverage="0" maxCyclomaticComplexity="1" minCyclomaticComplexity="1" maxCrapScore="2" minCrapScore="2" visitedClasses="0" numClasses="0" visitedMethods="0" numMethods="1" />
              <MetadataToken>100663312</MetadataToken>
              <Name>System.Void Projeto_pizzaria.Infra.Data.Features.Clientes.ClienteRepositorio::.ctor()</Name>
              <FileRef uid="5" />
              <SequencePoints>
                <SequencePoint vc="0" uspid="67" ordinal="0" offset="0" sl="17" sc="3" el="17" ec="30" bec="0" bev="0" fileid="5" />
                <SequencePoint vc="0" uspid="68" ordinal="1" offset="7" sl="18" sc="3" el="18" ec="4" bec="0" bev="0" fileid="5" />
                <SequencePoint vc="0" uspid="69" ordinal="2" offset="8" sl="19" sc="4" el="19" ec="38" bec="0" bev="0" fileid="5" />
                <SequencePoint vc="0" uspid="70" ordinal="3" offset="19" sl="20" sc="3" el="20" ec="4" bec="0" bev="0" fileid="5" />
              </SequencePoints>
              <BranchPoints />
              <MethodPoint xsi:type="SequencePoint" vc="0" uspid="67" ordinal="0" offset="0" sl="17" sc="3" el="17" ec="30" bec="0" bev="0" fileid="5" />
            </Method>
            <Method visited="false" cyclomaticComplexity="2" nPathComplexity="2" sequenceCoverage="0" branchCoverage="0" crapScore="6" isConstructor="false" isStatic="false" isGetter="false" isSetter="false">
              <Summary numSequencePoints="9" visitedSequencePoints="0" numBranchPoints="3" visitedBranchPoints="0" sequenceCoverage="0" branchCoverage="0" maxCyclomaticComplexity="2" minCyclomaticComplexity="2" maxCrapScore="6" minCrapScore="6" visitedClasses="0" numClasses="0" visitedMethods="0" numMethods="1" />
              <MetadataToken>100663313</MetadataToken>
              <Name>Projeto_pizzaria.Dominio.Features.Clientes.Cliente Projeto_pizzaria.Infra.Data.Features.Clientes.ClienteRepositorio::Atualizar(Projeto_pizzaria.Dominio.Features.Clientes.Cliente)</Name>
              <FileRef uid="5" />
              <SequencePoints>
                <SequencePoint vc="0" uspid="71" ordinal="0" offset="0" sl="23" sc="3" el="23" ec="4" bec="0" bev="0" fileid="5" />
                <SequencePoint vc="0" uspid="72" ordinal="1" offset="1" sl="24" sc="4" el="24" ec="62" bec="0" bev="0" fileid="5" />
                <SequencePoint vc="0" uspid="73" ordinal="2" offset="19" sl="26" sc="13" el="26" ec="61" bec="2" bev="0" fileid="5" />
                <SequencePoint vc="0" uspid="74" ordinal="3" offset="32" sl="27" sc="13" el="27" ec="14" bec="0" bev="0" fileid="5" />
                <SequencePoint vc="0" uspid="75" ordinal="4" offset="33" sl="28" sc="17" el="28" ec="53" bec="0" bev="0" fileid="5" />
                <SequencePoint vc="0" uspid="76" ordinal="5" offset="51" sl="29" sc="13" el="29" ec="14" bec="0" bev="0" fileid="5" />
                <SequencePoint vc="0" uspid="77" ordinal="6" offset="52" sl="30" sc="4" el="30" ec="28" bec="0" bev="0" fileid="5" />
                <SequencePoint vc="0" uspid="78" ordinal="7" offset="64" sl="32" sc="4" el="32" ec="20" bec="0" bev="0" fileid="5" />
                <SequencePoint vc="0" uspid="79" ordinal="8" offset="68" sl="33" sc="3" el="33" ec="4" bec="0" bev="0" fileid="5" />
              </SequencePoints>
              <BranchPoints>
                <BranchPoint vc="0" uspid="80" ordinal="0" offset="30" sl="26" path="0" offsetend="32" fileid="5" />
                <BranchPoint vc="0" uspid="81" ordinal="1" offset="30" sl="26" path="1" offsetend="52" fileid="5" />
              </BranchPoints>
              <MethodPoint xsi:type="SequencePoint" vc="0" uspid="71" ordinal="0" offset="0" sl="23" sc="3" el="23" ec="4" bec="0" bev="0" fileid="5" />
            </Method>
            <Method visited="false" cyclomaticComplexity="2" nPathComplexity="2" sequenceCoverage="0" branchCoverage="0" crapScore="6" isConstructor="false" isStatic="false" isGetter="false" isSetter="false">
              <Summary numSequencePoints="7" visitedSequencePoints="0" numBranchPoints="3" visitedBranchPoints="0" sequenceCoverage="0" branchCoverage="0" maxCyclomaticComplexity="2" minCyclomaticComplexity="2" maxCrapScore="6" minCrapScore="6" visitedClasses="0" numClasses="0" visitedMethods="0" numMethods="1" />
              <MetadataToken>100663314</MetadataToken>
              <Name>System.Void Projeto_pizzaria.Infra.Data.Features.Clientes.ClienteRepositorio::Deletar(Projeto_pizzaria.Dominio.Features.Clientes.Cliente)</Name>
              <FileRef uid="5" />
              <SequencePoints>
                <SequencePoint vc="0" uspid="82" ordinal="0" offset="0" sl="36" sc="3" el="36" ec="4" bec="0" bev="0" fileid="5" />
                <SequencePoint vc="0" uspid="83" ordinal="1" offset="1" sl="37" sc="4" el="37" ec="62" bec="0" bev="0" fileid="5" />
                <SequencePoint vc="0" uspid="84" ordinal="2" offset="19" sl="39" sc="4" el="39" ec="52" bec="2" bev="0" fileid="5" />
                <SequencePoint vc="0" uspid="85" ordinal="3" offset="32" sl="40" sc="5" el="40" ec="43" bec="0" bev="0" fileid="5" />
                <SequencePoint vc="0" uspid="86" ordinal="4" offset="50" sl="42" sc="4" el="42" ec="42" bec="0" bev="0" fileid="5" />
                <SequencePoint vc="0" uspid="87" ordinal="5" offset="68" sl="44" sc="4" el="44" ec="28" bec="0" bev="0" fileid="5" />
                <SequencePoint vc="0" uspid="88" ordinal="6" offset="80" sl="45" sc="3" el="45" ec="4" bec="0" bev="0" fileid="5" />
              </SequencePoints>
              <BranchPoints>
                <BranchPoint vc="0" uspid="89" ordinal="0" offset="30" sl="39" path="0" offsetend="32" fileid="5" />
                <BranchPoint vc="0" uspid="90" ordinal="1" offset="30" sl="39" path="1" offsetend="50" fileid="5" />
              </BranchPoints>
              <MethodPoint xsi:type="SequencePoint" vc="0" uspid="82" ordinal="0" offset="0" sl="36" sc="3" el="36" ec="4" bec="0" bev="0" fileid="5" />
            </Method>
            <Method visited="false" cyclomaticComplexity="1" nPathComplexity="0" sequenceCoverage="0" branchCoverage="0" crapScore="2" isConstructor="false" isStatic="false" isGetter="false" isSetter="false">
              <Summary numSequencePoints="3" visitedSequencePoints="0" numBranchPoints="1" visitedBranchPoints="0" sequenceCoverage="0" branchCoverage="0" maxCyclomaticComplexity="1" minCyclomaticComplexity="1" maxCrapScore="2" minCrapScore="2" visitedClasses="0" numClasses="0" visitedMethods="0" numMethods="1" />
              <MetadataToken>100663315</MetadataToken>
              <Name>Projeto_pizzaria.Dominio.Features.Clientes.Cliente Projeto_pizzaria.Infra.Data.Features.Clientes.ClienteRepositorio::PegarPorId(System.Int64)</Name>
              <FileRef uid="5" />
              <SequencePoints>
                <SequencePoint vc="0" uspid="91" ordinal="0" offset="0" sl="48" sc="3" el="48" ec="4" bec="0" bev="0" fileid="5" />
                <SequencePoint vc="0" uspid="92" ordinal="1" offset="1" sl="49" sc="4" el="49" ec="41" bec="0" bev="0" fileid="5" />
                <SequencePoint vc="0" uspid="93" ordinal="2" offset="35" sl="50" sc="3" el="50" ec="4" bec="0" bev="0" fileid="5" />
              </SequencePoints>
              <BranchPoints />
              <MethodPoint xsi:type="SequencePoint" vc="0" uspid="91" ordinal="0" offset="0" sl="48" sc="3" el="48" ec="4" bec="0" bev="0" fileid="5" />
            </Method>
            <Method visited="false" cyclomaticComplexity="1" nPathComplexity="0" sequenceCoverage="0" branchCoverage="0" crapScore="2" isConstructor="false" isStatic="false" isGetter="false" isSetter="false">
              <Summary numSequencePoints="3" visitedSequencePoints="0" numBranchPoints="1" visitedBranchPoints="0" sequenceCoverage="0" branchCoverage="0" maxCyclomaticComplexity="1" minCyclomaticComplexity="1" maxCrapScore="2" minCrapScore="2" visitedClasses="0" numClasses="0" visitedMethods="0" numMethods="1" />
              <MetadataToken>100663316</MetadataToken>
              <Name>System.Collections.Generic.IEnumerable`1&lt;Projeto_pizzaria.Dominio.Features.Clientes.Cliente&gt; Projeto_pizzaria.Infra.Data.Features.Clientes.ClienteRepositorio::PegarTodos()</Name>
              <FileRef uid="5" />
              <SequencePoints>
                <SequencePoint vc="0" uspid="94" ordinal="0" offset="0" sl="53" sc="3" el="53" ec="4" bec="0" bev="0" fileid="5" />
                <SequencePoint vc="0" uspid="95" ordinal="1" offset="1" sl="54" sc="4" el="54" ec="39" bec="0" bev="0" fileid="5" />
                <SequencePoint vc="0" uspid="96" ordinal="2" offset="20" sl="55" sc="3" el="55" ec="4" bec="0" bev="0" fileid="5" />
              </SequencePoints>
              <BranchPoints />
              <MethodPoint xsi:type="SequencePoint" vc="0" uspid="94" ordinal="0" offset="0" sl="53" sc="3" el="53" ec="4" bec="0" bev="0" fileid="5" />
            </Method>
            <Method visited="false" cyclomaticComplexity="1" nPathComplexity="0" sequenceCoverage="0" branchCoverage="0" crapScore="2" isConstructor="false" isStatic="false" isGetter="false" isSetter="false">
              <Summary numSequencePoints="5" visitedSequencePoints="0" numBranchPoints="1" visitedBranchPoints="0" sequenceCoverage="0" branchCoverage="0" maxCyclomaticComplexity="1" minCyclomaticComplexity="1" maxCrapScore="2" minCrapScore="2" visitedClasses="0" numClasses="0" visitedMethods="0" numMethods="1" />
              <MetadataToken>100663317</MetadataToken>
              <Name>Projeto_pizzaria.Dominio.Features.Clientes.Cliente Projeto_pizzaria.Infra.Data.Features.Clientes.ClienteRepositorio::Salvar(Projeto_pizzaria.Dominio.Features.Clientes.Cliente)</Name>
              <FileRef uid="5" />
              <SequencePoints>
                <SequencePoint vc="0" uspid="97" ordinal="0" offset="0" sl="58" sc="3" el="58" ec="4" bec="0" bev="0" fileid="5" />
                <SequencePoint vc="0" uspid="98" ordinal="1" offset="1" sl="59" sc="4" el="59" ec="39" bec="0" bev="0" fileid="5" />
                <SequencePoint vc="0" uspid="99" ordinal="2" offset="19" sl="60" sc="4" el="60" ec="28" bec="0" bev="0" fileid="5" />
                <SequencePoint vc="0" uspid="100" ordinal="3" offset="31" sl="62" sc="4" el="62" ec="20" bec="0" bev="0" fileid="5" />
                <SequencePoint vc="0" uspid="101" ordinal="4" offset="35" sl="63" sc="3" el="63" ec="4" bec="0" bev="0" fileid="5" />
              </SequencePoints>
              <BranchPoints />
              <MethodPoint xsi:type="SequencePoint" vc="0" uspid="97" ordinal="0" offset="0" sl="58" sc="3" el="58" ec="4" bec="0" bev="0" fileid="5" />
            </Method>
          </Methods>
        </Class>
        <Class>
          <Summary numSequencePoints="5" visitedSequencePoints="5" numBranchPoints="1" visitedBranchPoints="1" sequenceCoverage="100" branchCoverage="100" maxCyclomaticComplexity="1" minCyclomaticComplexity="1" maxCrapScore="1" minCrapScore="1" visitedClasses="1" numClasses="1" visitedMethods="1" numMethods="1" />
          <FullName>Projeto_pizzaria.Infra.Data.Features.Adicionais.AdicionalConfiguracao</FullName>
          <Methods>
            <Method visited="true" cyclomaticComplexity="1" nPathComplexity="0" sequenceCoverage="100" branchCoverage="100" crapScore="1" isConstructor="true" isStatic="false" isGetter="false" isSetter="false">
              <Summary numSequencePoints="5" visitedSequencePoints="5" numBranchPoints="1" visitedBranchPoints="1" sequenceCoverage="100" branchCoverage="100" maxCyclomaticComplexity="1" minCyclomaticComplexity="1" maxCrapScore="1" minCrapScore="1" visitedClasses="0" numClasses="0" visitedMethods="1" numMethods="1" />
              <MetadataToken>100663318</MetadataToken>
              <Name>System.Void Projeto_pizzaria.Infra.Data.Features.Adicionais.AdicionalConfiguracao::.ctor()</Name>
              <FileRef uid="6" />
              <SequencePoints>
                <SequencePoint vc="1" uspid="102" ordinal="0" offset="0" sl="8" sc="9" el="8" ec="39" bec="0" bev="0" fileid="6" />
                <SequencePoint vc="1" uspid="103" ordinal="1" offset="7" sl="9" sc="9" el="9" ec="10" bec="0" bev="0" fileid="6" />
                <SequencePoint vc="1" uspid="104" ordinal="2" offset="8" sl="10" sc="13" el="10" ec="36" bec="0" bev="0" fileid="6" />
                <SequencePoint vc="1" uspid="105" ordinal="3" offset="20" sl="12" sc="13" el="12" ec="31" bec="0" bev="0" fileid="6" />
                <SequencePoint vc="1" uspid="106" ordinal="4" offset="84" sl="13" sc="9" el="13" ec="10" bec="0" bev="0" fileid="6" />
              </SequencePoints>
              <BranchPoints />
              <MethodPoint xsi:type="SequencePoint" vc="1" uspid="102" ordinal="0" offset="0" sl="8" sc="9" el="8" ec="39" bec="0" bev="0" fileid="6" />
            </Method>
          </Methods>
        </Class>
        <Class>
          <Summary numSequencePoints="0" visitedSequencePoints="0" numBranchPoints="0" visitedBranchPoints="0" sequenceCoverage="0" branchCoverage="0" maxCyclomaticComplexity="1" minCyclomaticComplexity="1" maxCrapScore="2" minCrapScore="2" visitedClasses="0" numClasses="0" visitedMethods="0" numMethods="0" />
          <FullName>Projeto_pizzaria.Infra.Data.Features.Adicionais.AdicionalConfiguracao/&lt;&gt;c</FullName>
          <Methods>
            <Method visited="false" cyclomaticComplexity="1" nPathComplexity="0" sequenceCoverage="0" branchCoverage="0" crapScore="2" isConstructor="true" isStatic="true" isGetter="false" isSetter="false">
              <Summary numSequencePoints="0" visitedSequencePoints="0" numBranchPoints="0" visitedBranchPoints="0" sequenceCoverage="0" branchCoverage="0" maxCyclomaticComplexity="1" minCyclomaticComplexity="1" maxCrapScore="2" minCrapScore="2" visitedClasses="0" numClasses="0" visitedMethods="0" numMethods="0" />
              <MetadataToken>100663340</MetadataToken>
              <Name>System.Void Projeto_pizzaria.Infra.Data.Features.Adicionais.AdicionalConfiguracao/&lt;&gt;c::.cctor()</Name>
              <SequencePoints />
              <BranchPoints />
              <MethodPoint vc="0" uspid="107" ordinal="0" offset="0" />
            </Method>
            <Method visited="false" cyclomaticComplexity="1" nPathComplexity="0" sequenceCoverage="0" branchCoverage="0" crapScore="2" isConstructor="true" isStatic="false" isGetter="false" isSetter="false">
              <Summary numSequencePoints="0" visitedSequencePoints="0" numBranchPoints="0" visitedBranchPoints="0" sequenceCoverage="0" branchCoverage="0" maxCyclomaticComplexity="1" minCyclomaticComplexity="1" maxCrapScore="2" minCrapScore="2" visitedClasses="0" numClasses="0" visitedMethods="0" numMethods="0" />
              <MetadataToken>100663341</MetadataToken>
              <Name>System.Void Projeto_pizzaria.Infra.Data.Features.Adicionais.AdicionalConfiguracao/&lt;&gt;c::.ctor()</Name>
              <SequencePoints />
              <BranchPoints />
              <MethodPoint vc="0" uspid="108" ordinal="0" offset="0" />
            </Method>
          </Methods>
        </Class>
        <Class>
          <Summary numSequencePoints="29" visitedSequencePoints="21" numBranchPoints="10" visitedBranchPoints="6" sequenceCoverage="72.41" branchCoverage="60" maxCyclomaticComplexity="2" minCyclomaticComplexity="1" maxCrapScore="6" minCrapScore="1" visitedClasses="1" numClasses="1" visitedMethods="5" numMethods="6" />
          <FullName>Projeto_pizzaria.Infra.Data.Features.Adicionais.AdicionalRepositorio</FullName>
          <Methods>
            <Method visited="true" cyclomaticComplexity="1" nPathComplexity="0" sequenceCoverage="100" branchCoverage="100" crapScore="1" isConstructor="true" isStatic="false" isGetter="false" isSetter="false">
              <Summary numSequencePoints="4" visitedSequencePoints="4" numBranchPoints="1" visitedBranchPoints="1" sequenceCoverage="100" branchCoverage="100" maxCyclomaticComplexity="1" minCyclomaticComplexity="1" maxCrapScore="1" minCrapScore="1" visitedClasses="0" numClasses="0" visitedMethods="1" numMethods="1" />
              <MetadataToken>100663319</MetadataToken>
              <Name>System.Void Projeto_pizzaria.Infra.Data.Features.Adicionais.AdicionalRepositorio::.ctor()</Name>
              <FileRef uid="7" />
              <SequencePoints>
                <SequencePoint vc="4" uspid="109" ordinal="0" offset="0" sl="14" sc="9" el="14" ec="38" bec="0" bev="0" fileid="7" />
                <SequencePoint vc="4" uspid="110" ordinal="1" offset="7" sl="15" sc="9" el="15" ec="10" bec="0" bev="0" fileid="7" />
                <SequencePoint vc="4" uspid="111" ordinal="2" offset="8" sl="16" sc="13" el="16" ec="47" bec="0" bev="0" fileid="7" />
                <SequencePoint vc="4" uspid="112" ordinal="3" offset="19" sl="17" sc="9" el="17" ec="10" bec="0" bev="0" fileid="7" />
              </SequencePoints>
              <BranchPoints />
              <MethodPoint xsi:type="SequencePoint" vc="4" uspid="109" ordinal="0" offset="0" sl="14" sc="9" el="14" ec="38" bec="0" bev="0" fileid="7" />
            </Method>
            <Method visited="false" cyclomaticComplexity="2" nPathComplexity="2" sequenceCoverage="0" branchCoverage="0" crapScore="6" isConstructor="false" isStatic="false" isGetter="false" isSetter="false">
              <Summary numSequencePoints="7" visitedSequencePoints="0" numBranchPoints="3" visitedBranchPoints="0" sequenceCoverage="0" branchCoverage="0" maxCyclomaticComplexity="2" minCyclomaticComplexity="2" maxCrapScore="6" minCrapScore="6" visitedClasses="0" numClasses="0" visitedMethods="0" numMethods="1" />
              <MetadataToken>100663320</MetadataToken>
              <Name>Projeto_pizzaria.Dominio.Features.Adicionais.Adicional Projeto_pizzaria.Infra.Data.Features.Adicionais.AdicionalRepositorio::Atualizar(Projeto_pizzaria.Dominio.Features.Adicionais.Adicional)</Name>
              <FileRef uid="7" />
              <SequencePoints>
                <SequencePoint vc="0" uspid="113" ordinal="0" offset="0" sl="20" sc="9" el="20" ec="10" bec="0" bev="0" fileid="7" />
                <SequencePoint vc="0" uspid="114" ordinal="1" offset="1" sl="21" sc="13" el="21" ec="69" bec="0" bev="0" fileid="7" />
                <SequencePoint vc="0" uspid="115" ordinal="2" offset="19" sl="23" sc="13" el="23" ec="61" bec="2" bev="0" fileid="7" />
                <SequencePoint vc="0" uspid="116" ordinal="3" offset="32" sl="24" sc="17" el="24" ec="55" bec="0" bev="0" fileid="7" />
                <SequencePoint vc="0" uspid="117" ordinal="4" offset="50" sl="26" sc="13" el="26" ec="37" bec="0" bev="0" fileid="7" />
                <SequencePoint vc="0" uspid="118" ordinal="5" offset="62" sl="28" sc="13" el="28" ec="29" bec="0" bev="0" fileid="7" />
                <SequencePoint vc="0" uspid="119" ordinal="6" offset="66" sl="29" sc="9" el="29" ec="10" bec="0" bev="0" fileid="7" />
              </SequencePoints>
              <BranchPoints>
                <BranchPoint vc="0" uspid="120" ordinal="0" offset="30" sl="23" path="0" offsetend="32" fileid="7" />
                <BranchPoint vc="0" uspid="121" ordinal="1" offset="30" sl="23" path="1" offsetend="50" fileid="7" />
              </BranchPoints>
              <MethodPoint xsi:type="SequencePoint" vc="0" uspid="113" ordinal="0" offset="0" sl="20" sc="9" el="20" ec="10" bec="0" bev="0" fileid="7" />
            </Method>
            <Method visited="true" cyclomaticComplexity="2" nPathComplexity="2" sequenceCoverage="85.71" branchCoverage="66.67" crapScore="2.01" isConstructor="false" isStatic="false" isGetter="false" isSetter="false">
              <Summary numSequencePoints="7" visitedSequencePoints="6" numBranchPoints="3" visitedBranchPoints="2" sequenceCoverage="85.71" branchCoverage="66.67" maxCyclomaticComplexity="2" minCyclomaticComplexity="2" maxCrapScore="2.01" minCrapScore="2.01" visitedClasses="0" numClasses="0" visitedMethods="1" numMethods="1" />
              <MetadataToken>100663321</MetadataToken>
              <Name>System.Void Projeto_pizzaria.Infra.Data.Features.Adicionais.AdicionalRepositorio::Deletar(Projeto_pizzaria.Dominio.Features.Adicionais.Adicional)</Name>
              <FileRef uid="7" />
              <SequencePoints>
                <SequencePoint vc="1" uspid="122" ordinal="0" offset="0" sl="32" sc="9" el="32" ec="10" bec="0" bev="0" fileid="7" />
                <SequencePoint vc="1" uspid="123" ordinal="1" offset="1" sl="33" sc="13" el="33" ec="69" bec="0" bev="0" fileid="7" />
                <SequencePoint vc="1" uspid="124" ordinal="2" offset="19" sl="35" sc="13" el="35" ec="61" bec="2" bev="1" fileid="7" />
                <SequencePoint vc="0" uspid="125" ordinal="3" offset="32" sl="36" sc="17" el="36" ec="55" bec="0" bev="0" fileid="7" />
                <SequencePoint vc="1" uspid="126" ordinal="4" offset="50" sl="38" sc="13" el="38" ec="51" bec="0" bev="0" fileid="7" />
                <SequencePoint vc="1" uspid="127" ordinal="5" offset="68" sl="40" sc="13" el="40" ec="37" bec="0" bev="0" fileid="7" />
                <SequencePoint vc="1" uspid="128" ordinal="6" offset="80" sl="41" sc="9" el="41" ec="10" bec="0" bev="0" fileid="7" />
              </SequencePoints>
              <BranchPoints>
                <BranchPoint vc="0" uspid="129" ordinal="0" offset="30" sl="35" path="0" offsetend="32" fileid="7" />
                <BranchPoint vc="1" uspid="130" ordinal="1" offset="30" sl="35" path="1" offsetend="50" fileid="7" />
              </BranchPoints>
              <MethodPoint xsi:type="SequencePoint" vc="1" uspid="122" ordinal="0" offset="0" sl="32" sc="9" el="32" ec="10" bec="0" bev="0" fileid="7" />
            </Method>
            <Method visited="true" cyclomaticComplexity="1" nPathComplexity="0" sequenceCoverage="100" branchCoverage="100" crapScore="1" isConstructor="false" isStatic="false" isGetter="false" isSetter="false">
              <Summary numSequencePoints="3" visitedSequencePoints="3" numBranchPoints="1" visitedBranchPoints="1" sequenceCoverage="100" branchCoverage="100" maxCyclomaticComplexity="1" minCyclomaticComplexity="1" maxCrapScore="1" minCrapScore="1" visitedClasses="0" numClasses="0" visitedMethods="1" numMethods="1" />
              <MetadataToken>100663322</MetadataToken>
              <Name>Projeto_pizzaria.Dominio.Features.Adicionais.Adicional Projeto_pizzaria.Infra.Data.Features.Adicionais.AdicionalRepositorio::PegarPorId(System.Int64)</Name>
              <FileRef uid="7" />
              <SequencePoints>
                <SequencePoint vc="3" uspid="131" ordinal="0" offset="0" sl="44" sc="9" el="44" ec="10" bec="0" bev="0" fileid="7" />
                <SequencePoint vc="3" uspid="132" ordinal="1" offset="1" sl="45" sc="13" el="45" ec="50" bec="0" bev="0" fileid="7" />
                <SequencePoint vc="2" uspid="133" ordinal="2" offset="35" sl="46" sc="9" el="46" ec="10" bec="0" bev="0" fileid="7" />
              </SequencePoints>
              <BranchPoints />
              <MethodPoint xsi:type="SequencePoint" vc="3" uspid="131" ordinal="0" offset="0" sl="44" sc="9" el="44" ec="10" bec="0" bev="0" fileid="7" />
            </Method>
            <Method visited="true" cyclomaticComplexity="1" nPathComplexity="0" sequenceCoverage="100" branchCoverage="100" crapScore="1" isConstructor="false" isStatic="false" isGetter="false" isSetter="false">
              <Summary numSequencePoints="3" visitedSequencePoints="3" numBranchPoints="1" visitedBranchPoints="1" sequenceCoverage="100" branchCoverage="100" maxCyclomaticComplexity="1" minCyclomaticComplexity="1" maxCrapScore="1" minCrapScore="1" visitedClasses="0" numClasses="0" visitedMethods="1" numMethods="1" />
              <MetadataToken>100663323</MetadataToken>
              <Name>System.Collections.Generic.IEnumerable`1&lt;Projeto_pizzaria.Dominio.Features.Adicionais.Adicional&gt; Projeto_pizzaria.Infra.Data.Features.Adicionais.AdicionalRepositorio::PegarTodos()</Name>
              <FileRef uid="7" />
              <SequencePoints>
                <SequencePoint vc="1" uspid="134" ordinal="0" offset="0" sl="49" sc="9" el="49" ec="10" bec="0" bev="0" fileid="7" />
                <SequencePoint vc="1" uspid="135" ordinal="1" offset="1" sl="50" sc="13" el="50" ec="50" bec="0" bev="0" fileid="7" />
                <SequencePoint vc="1" uspid="136" ordinal="2" offset="20" sl="51" sc="9" el="51" ec="10" bec="0" bev="0" fileid="7" />
              </SequencePoints>
              <BranchPoints />
              <MethodPoint xsi:type="SequencePoint" vc="1" uspid="134" ordinal="0" offset="0" sl="49" sc="9" el="49" ec="10" bec="0" bev="0" fileid="7" />
            </Method>
            <Method visited="true" cyclomaticComplexity="1" nPathComplexity="0" sequenceCoverage="100" branchCoverage="100" crapScore="1" isConstructor="false" isStatic="false" isGetter="false" isSetter="false">
              <Summary numSequencePoints="5" visitedSequencePoints="5" numBranchPoints="1" visitedBranchPoints="1" sequenceCoverage="100" branchCoverage="100" maxCyclomaticComplexity="1" minCyclomaticComplexity="1" maxCrapScore="1" minCrapScore="1" visitedClasses="0" numClasses="0" visitedMethods="1" numMethods="1" />
              <MetadataToken>100663324</MetadataToken>
              <Name>Projeto_pizzaria.Dominio.Features.Adicionais.Adicional Projeto_pizzaria.Infra.Data.Features.Adicionais.AdicionalRepositorio::Salvar(Projeto_pizzaria.Dominio.Features.Adicionais.Adicional)</Name>
              <FileRef uid="7" />
              <SequencePoints>
                <SequencePoint vc="2" uspid="137" ordinal="0" offset="0" sl="54" sc="9" el="54" ec="10" bec="0" bev="0" fileid="7" />
                <SequencePoint vc="2" uspid="138" ordinal="1" offset="1" sl="55" sc="13" el="55" ec="48" bec="0" bev="0" fileid="7" />
                <SequencePoint vc="2" uspid="139" ordinal="2" offset="19" sl="56" sc="13" el="56" ec="37" bec="0" bev="0" fileid="7" />
                <SequencePoint vc="2" uspid="140" ordinal="3" offset="31" sl="58" sc="13" el="58" ec="29" bec="0" bev="0" fileid="7" />
                <SequencePoint vc="2" uspid="141" ordinal="4" offset="35" sl="59" sc="9" el="59" ec="10" bec="0" bev="0" fileid="7" />
              </SequencePoints>
              <BranchPoints />
              <MethodPoint xsi:type="SequencePoint" vc="2" uspid="137" ordinal="0" offset="0" sl="54" sc="9" el="54" ec="10" bec="0" bev="0" fileid="7" />
            </Method>
          </Methods>
        </Class>
      </Classes>
    </Module>
    <Module hash="8A-0A-8F-DF-3B-9F-DF-9D-28-72-71-84-61-2B-21-11-A5-E7-06-00">
      <Summary numSequencePoints="217" visitedSequencePoints="79" numBranchPoints="109" visitedBranchPoints="18" sequenceCoverage="36.41" branchCoverage="16.51" maxCyclomaticComplexity="14" minCyclomaticComplexity="1" maxCrapScore="210" minCrapScore="1" visitedClasses="7" numClasses="10" visitedMethods="14" numMethods="35" />
      <ModulePath>C:\Users\ndduser\Desktop\TFS\BandOfBrothers\Projeto-pizzaria\Projeto-pizzaria.Infra.Data.Teste\bin\Debug\Projeto-pizzaria.Dominio.dll</ModulePath>
      <ModuleTime>2018-07-10T17:51:53.4661263Z</ModuleTime>
      <ModuleName>Projeto-pizzaria.Dominio</ModuleName>
      <Files>
        <File uid="15" fullPath="C:\Users\ndduser\Desktop\TFS\BandOfBrothers\Projeto-pizzaria\Projeto-pizzaria.Dominio\Features\ItensPedido\ItemPedido.cs" />
        <File uid="16" fullPath="C:\Users\ndduser\Desktop\TFS\BandOfBrothers\Projeto-pizzaria\Projeto-pizzaria.Dominio\Features\Produtos\Produto.cs" />
        <File uid="17" fullPath="C:\Users\ndduser\Desktop\TFS\BandOfBrothers\Projeto-pizzaria\Projeto-pizzaria.Dominio\Features\Pizzas\Pizza.cs" />
        <File uid="18" fullPath="C:\Users\ndduser\Desktop\TFS\BandOfBrothers\Projeto-pizzaria\Projeto-pizzaria.Dominio\Features\Pedidos\Pedido.cs" />
        <File uid="21" fullPath="C:\Users\ndduser\Desktop\TFS\BandOfBrothers\Projeto-pizzaria\Projeto-pizzaria.Dominio\Features\Enderecos\Endereco.cs" />
        <File uid="22" fullPath="C:\Users\ndduser\Desktop\TFS\BandOfBrothers\Projeto-pizzaria\Projeto-pizzaria.Dominio\Features\Clientes\Cliente.cs" />
        <File uid="27" fullPath="C:\Users\ndduser\Desktop\TFS\BandOfBrothers\Projeto-pizzaria\Projeto-pizzaria.Dominio\Features\Calzones\Calzone.cs" />
        <File uid="28" fullPath="C:\Users\ndduser\Desktop\TFS\BandOfBrothers\Projeto-pizzaria\Projeto-pizzaria.Dominio\Features\Bebidas\Bebida.cs" />
        <File uid="29" fullPath="C:\Users\ndduser\Desktop\TFS\BandOfBrothers\Projeto-pizzaria\Projeto-pizzaria.Dominio\Features\Adicionais\Adicional.cs" />
      </Files>
      <Classes>
        <Class>
          <Summary numSequencePoints="19" visitedSequencePoints="10" numBranchPoints="8" visitedBranchPoints="4" sequenceCoverage="52.63" branchCoverage="50" maxCyclomaticComplexity="2" minCyclomaticComplexity="1" maxCrapScore="2.03" minCrapScore="2" visitedClasses="1" numClasses="1" visitedMethods="2" numMethods="4" />
          <FullName>Projeto_pizzaria.Dominio.ItemPedido</FullName>
          <Methods>
            <Method skippedDueTo="AutoImplementedProperty" visited="false" cyclomaticComplexity="1" nPathComplexity="0" sequenceCoverage="0" branchCoverage="0" crapScore="0" isConstructor="false" isStatic="false" isGetter="true" isSetter="false">
              <MetadataToken>100663297</MetadataToken>
              <Name>Projeto_pizzaria.Dominio.Features.Produtos.Produto Projeto_pizzaria.Dominio.ItemPedido::get_Produto()</Name>
              <FileRef uid="15" />
              <SequencePoints />
              <BranchPoints />
            </Method>
            <Method skippedDueTo="AutoImplementedProperty" visited="false" cyclomaticComplexity="1" nPathComplexity="0" sequenceCoverage="0" branchCoverage="0" crapScore="0" isConstructor="false" isStatic="false" isGetter="false" isSetter="true">
              <MetadataToken>100663298</MetadataToken>
              <Name>System.Void Projeto_pizzaria.Dominio.ItemPedido::set_Produto(Projeto_pizzaria.Dominio.Features.Produtos.Produto)</Name>
              <FileRef uid="15" />
              <SequencePoints />
              <BranchPoints />
            </Method>
            <Method skippedDueTo="AutoImplementedProperty" visited="false" cyclomaticComplexity="1" nPathComplexity="0" sequenceCoverage="0" branchCoverage="0" crapScore="0" isConstructor="false" isStatic="false" isGetter="true" isSetter="false">
              <MetadataToken>100663299</MetadataToken>
              <Name>Projeto_pizzaria.Dominio.TamanhoPizzaEnum Projeto_pizzaria.Dominio.ItemPedido::get_Tamanho()</Name>
              <FileRef uid="15" />
              <SequencePoints />
              <BranchPoints />
            </Method>
            <Method skippedDueTo="AutoImplementedProperty" visited="false" cyclomaticComplexity="1" nPathComplexity="0" sequenceCoverage="0" branchCoverage="0" crapScore="0" isConstructor="false" isStatic="false" isGetter="false" isSetter="true">
              <MetadataToken>100663300</MetadataToken>
              <Name>System.Void Projeto_pizzaria.Dominio.ItemPedido::set_Tamanho(Projeto_pizzaria.Dominio.TamanhoPizzaEnum)</Name>
              <FileRef uid="15" />
              <SequencePoints />
              <BranchPoints />
            </Method>
            <Method visited="true" cyclomaticComplexity="2" nPathComplexity="2" sequenceCoverage="80" branchCoverage="66.67" crapScore="2.03" isConstructor="false" isStatic="false" isGetter="true" isSetter="false">
              <Summary numSequencePoints="5" visitedSequencePoints="4" numBranchPoints="3" visitedBranchPoints="2" sequenceCoverage="80" branchCoverage="66.67" maxCyclomaticComplexity="2" minCyclomaticComplexity="2" maxCrapScore="2.03" minCrapScore="2.03" visitedClasses="0" numClasses="0" visitedMethods="1" numMethods="1" />
              <MetadataToken>100663303</MetadataToken>
              <Name>System.Double Projeto_pizzaria.Dominio.ItemPedido::get_ValorParcial()</Name>
              <FileRef uid="15" />
              <SequencePoints>
                <SequencePoint vc="16" uspid="142" ordinal="0" offset="0" sl="34" sc="8" el="34" ec="9" bec="0" bev="0" fileid="15" />
                <SequencePoint vc="16" uspid="143" ordinal="1" offset="1" sl="35" sc="5" el="35" ec="30" bec="2" bev="1" fileid="15" />
                <SequencePoint vc="0" uspid="144" ordinal="2" offset="19" sl="36" sc="6" el="36" ec="57" bec="0" bev="0" fileid="15" />
                <SequencePoint vc="16" uspid="145" ordinal="3" offset="44" sl="38" sc="6" el="38" ec="32" bec="0" bev="0" fileid="15" />
                <SequencePoint vc="16" uspid="146" ordinal="4" offset="58" sl="39" sc="4" el="39" ec="5" bec="0" bev="0" fileid="15" />
              </SequencePoints>
              <BranchPoints>
                <BranchPoint vc="0" uspid="147" ordinal="0" offset="17" sl="35" path="0" offsetend="19" fileid="15" />
                <BranchPoint vc="16" uspid="148" ordinal="1" offset="17" sl="35" path="1" offsetend="44" fileid="15" />
              </BranchPoints>
              <MethodPoint xsi:type="SequencePoint" vc="16" uspid="142" ordinal="0" offset="0" sl="34" sc="8" el="34" ec="9" bec="0" bev="0" fileid="15" />
            </Method>
            <Method visited="true" cyclomaticComplexity="2" nPathComplexity="2" sequenceCoverage="100" branchCoverage="66.67" crapScore="2" isConstructor="true" isStatic="false" isGetter="false" isSetter="false">
              <Summary numSequencePoints="6" visitedSequencePoints="6" numBranchPoints="3" visitedBranchPoints="2" sequenceCoverage="100" branchCoverage="66.67" maxCyclomaticComplexity="2" minCyclomaticComplexity="2" maxCrapScore="2" minCrapScore="2" visitedClasses="0" numClasses="0" visitedMethods="1" numMethods="1" />
              <MetadataToken>100663301</MetadataToken>
              <Name>System.Void Projeto_pizzaria.Dominio.ItemPedido::.ctor(Projeto_pizzaria.Dominio.Features.Produtos.Produto)</Name>
              <FileRef uid="15" />
              <SequencePoints>
                <SequencePoint vc="12" uspid="149" ordinal="0" offset="0" sl="18" sc="3" el="18" ec="39" bec="0" bev="0" fileid="15" />
                <SequencePoint vc="12" uspid="150" ordinal="1" offset="7" sl="19" sc="3" el="19" ec="4" bec="0" bev="0" fileid="15" />
                <SequencePoint vc="12" uspid="151" ordinal="2" offset="8" sl="20" sc="4" el="20" ec="22" bec="0" bev="0" fileid="15" />
                <SequencePoint vc="12" uspid="152" ordinal="3" offset="16" sl="22" sc="4" el="22" ec="25" bec="2" bev="1" fileid="15" />
                <SequencePoint vc="12" uspid="153" ordinal="4" offset="29" sl="23" sc="5" el="23" ec="48" bec="0" bev="0" fileid="15" />
                <SequencePoint vc="12" uspid="154" ordinal="5" offset="47" sl="24" sc="3" el="24" ec="4" bec="0" bev="0" fileid="15" />
              </SequencePoints>
              <BranchPoints>
                <BranchPoint vc="12" uspid="155" ordinal="0" offset="27" sl="22" path="0" offsetend="29" fileid="15" />
                <BranchPoint vc="0" uspid="156" ordinal="1" offset="27" sl="22" path="1" offsetend="47" fileid="15" />
              </BranchPoints>
              <MethodPoint xsi:type="SequencePoint" vc="12" uspid="149" ordinal="0" offset="0" sl="18" sc="3" el="18" ec="39" bec="0" bev="0" fileid="15" />
            </Method>
            <Method visited="false" cyclomaticComplexity="1" nPathComplexity="0" sequenceCoverage="0" branchCoverage="0" crapScore="2" isConstructor="true" isStatic="false" isGetter="false" isSetter="false">
              <Summary numSequencePoints="5" visitedSequencePoints="0" numBranchPoints="1" visitedBranchPoints="0" sequenceCoverage="0" branchCoverage="0" maxCyclomaticComplexity="1" minCyclomaticComplexity="1" maxCrapScore="2" minCrapScore="2" visitedClasses="0" numClasses="0" visitedMethods="0" numMethods="1" />
              <MetadataToken>100663302</MetadataToken>
              <Name>System.Void Projeto_pizzaria.Dominio.ItemPedido::.ctor(Projeto_pizzaria.Dominio.Features.Produtos.Produto,Projeto_pizzaria.Dominio.TamanhoPizzaEnum)</Name>
              <FileRef uid="15" />
              <SequencePoints>
                <SequencePoint vc="0" uspid="157" ordinal="0" offset="0" sl="26" sc="3" el="26" ec="65" bec="0" bev="0" fileid="15" />
                <SequencePoint vc="0" uspid="158" ordinal="1" offset="7" sl="27" sc="3" el="27" ec="4" bec="0" bev="0" fileid="15" />
                <SequencePoint vc="0" uspid="159" ordinal="2" offset="8" sl="28" sc="4" el="28" ec="22" bec="0" bev="0" fileid="15" />
                <SequencePoint vc="0" uspid="160" ordinal="3" offset="16" sl="29" sc="4" el="29" ec="22" bec="0" bev="0" fileid="15" />
                <SequencePoint vc="0" uspid="161" ordinal="4" offset="24" sl="30" sc="3" el="30" ec="4" bec="0" bev="0" fileid="15" />
              </SequencePoints>
              <BranchPoints />
              <MethodPoint xsi:type="SequencePoint" vc="0" uspid="157" ordinal="0" offset="0" sl="26" sc="3" el="26" ec="65" bec="0" bev="0" fileid="15" />
            </Method>
            <Method visited="false" cyclomaticComplexity="1" nPathComplexity="0" sequenceCoverage="0" branchCoverage="0" crapScore="2" isConstructor="false" isStatic="false" isGetter="false" isSetter="false">
              <Summary numSequencePoints="3" visitedSequencePoints="0" numBranchPoints="1" visitedBranchPoints="0" sequenceCoverage="0" branchCoverage="0" maxCyclomaticComplexity="1" minCyclomaticComplexity="1" maxCrapScore="2" minCrapScore="2" visitedClasses="0" numClasses="0" visitedMethods="0" numMethods="1" />
              <MetadataToken>100663304</MetadataToken>
              <Name>System.Void Projeto_pizzaria.Dominio.ItemPedido::Validar()</Name>
              <FileRef uid="15" />
              <SequencePoints>
                <SequencePoint vc="0" uspid="162" ordinal="0" offset="0" sl="43" sc="3" el="43" ec="4" bec="0" bev="0" fileid="15" />
                <SequencePoint vc="0" uspid="163" ordinal="1" offset="1" sl="44" sc="4" el="44" ec="22" bec="0" bev="0" fileid="15" />
                <SequencePoint vc="0" uspid="164" ordinal="2" offset="13" sl="45" sc="3" el="45" ec="4" bec="0" bev="0" fileid="15" />
              </SequencePoints>
              <BranchPoints />
              <MethodPoint xsi:type="SequencePoint" vc="0" uspid="162" ordinal="0" offset="0" sl="43" sc="3" el="43" ec="4" bec="0" bev="0" fileid="15" />
            </Method>
          </Methods>
        </Class>
        <Class>
          <Summary numSequencePoints="19" visitedSequencePoints="10" numBranchPoints="9" visitedBranchPoints="3" sequenceCoverage="52.63" branchCoverage="33.33" maxCyclomaticComplexity="3" minCyclomaticComplexity="1" maxCrapScore="12" minCrapScore="1" visitedClasses="1" numClasses="1" visitedMethods="3" numMethods="5" />
          <FullName>Projeto_pizzaria.Dominio.Features.Produtos.Produto</FullName>
          <Methods>
            <Method skippedDueTo="AutoImplementedProperty" visited="false" cyclomaticComplexity="1" nPathComplexity="0" sequenceCoverage="0" branchCoverage="0" crapScore="0" isConstructor="false" isStatic="false" isGetter="true" isSetter="false">
              <MetadataToken>100663305</MetadataToken>
              <Name>System.Double Projeto_pizzaria.Dominio.Features.Produtos.Produto::get_ValorProduto()</Name>
              <FileRef uid="16" />
              <SequencePoints />
              <BranchPoints />
            </Method>
            <Method skippedDueTo="AutoImplementedProperty" visited="false" cyclomaticComplexity="1" nPathComplexity="0" sequenceCoverage="0" branchCoverage="0" crapScore="0" isConstructor="false" isStatic="false" isGetter="false" isSetter="true">
              <MetadataToken>100663306</MetadataToken>
              <Name>System.Void Projeto_pizzaria.Dominio.Features.Produtos.Produto::set_ValorProduto(System.Double)</Name>
              <FileRef uid="16" />
              <SequencePoints />
              <BranchPoints />
            </Method>
            <Method skippedDueTo="AutoImplementedProperty" visited="false" cyclomaticComplexity="1" nPathComplexity="0" sequenceCoverage="0" branchCoverage="0" crapScore="0" isConstructor="false" isStatic="false" isGetter="true" isSetter="false">
              <MetadataToken>100663307</MetadataToken>
              <Name>System.String Projeto_pizzaria.Dominio.Features.Produtos.Produto::get_Nome()</Name>
              <FileRef uid="16" />
              <SequencePoints />
              <BranchPoints />
            </Method>
            <Method skippedDueTo="AutoImplementedProperty" visited="false" cyclomaticComplexity="1" nPathComplexity="0" sequenceCoverage="0" branchCoverage="0" crapScore="0" isConstructor="false" isStatic="false" isGetter="false" isSetter="true">
              <MetadataToken>100663308</MetadataToken>
              <Name>System.Void Projeto_pizzaria.Dominio.Features.Produtos.Produto::set_Nome(System.String)</Name>
              <FileRef uid="16" />
              <SequencePoints />
              <BranchPoints />
            </Method>
            <Method visited="true" cyclomaticComplexity="1" nPathComplexity="0" sequenceCoverage="100" branchCoverage="100" crapScore="1" isConstructor="true" isStatic="false" isGetter="false" isSetter="false">
              <Summary numSequencePoints="4" visitedSequencePoints="4" numBranchPoints="1" visitedBranchPoints="1" sequenceCoverage="100" branchCoverage="100" maxCyclomaticComplexity="1" minCyclomaticComplexity="1" maxCrapScore="1" minCrapScore="1" visitedClasses="0" numClasses="0" visitedMethods="1" numMethods="1" />
              <MetadataToken>100663309</MetadataToken>
              <Name>System.Void Projeto_pizzaria.Dominio.Features.Produtos.Produto::.ctor(System.String)</Name>
              <FileRef uid="16" />
              <SequencePoints>
                <SequencePoint vc="14" uspid="165" ordinal="0" offset="0" sl="10" sc="3" el="10" ec="32" bec="0" bev="0" fileid="16" />
                <SequencePoint vc="14" uspid="166" ordinal="1" offset="7" sl="11" sc="3" el="11" ec="4" bec="0" bev="0" fileid="16" />
                <SequencePoint vc="14" uspid="167" ordinal="2" offset="8" sl="12" sc="4" el="12" ec="16" bec="0" bev="0" fileid="16" />
                <SequencePoint vc="14" uspid="168" ordinal="3" offset="16" sl="13" sc="3" el="13" ec="4" bec="0" bev="0" fileid="16" />
              </SequencePoints>
              <BranchPoints />
              <MethodPoint xsi:type="SequencePoint" vc="14" uspid="165" ordinal="0" offset="0" sl="10" sc="3" el="10" ec="32" bec="0" bev="0" fileid="16" />
            </Method>
            <Method visited="true" cyclomaticComplexity="1" nPathComplexity="0" sequenceCoverage="100" branchCoverage="100" crapScore="1" isConstructor="true" isStatic="false" isGetter="false" isSetter="false">
              <Summary numSequencePoints="3" visitedSequencePoints="3" numBranchPoints="1" visitedBranchPoints="1" sequenceCoverage="100" branchCoverage="100" maxCyclomaticComplexity="1" minCyclomaticComplexity="1" maxCrapScore="1" minCrapScore="1" visitedClasses="0" numClasses="0" visitedMethods="1" numMethods="1" />
              <MetadataToken>100663310</MetadataToken>
              <Name>System.Void Projeto_pizzaria.Dominio.Features.Produtos.Produto::.ctor()</Name>
              <FileRef uid="16" />
              <SequencePoints>
                <SequencePoint vc="2" uspid="169" ordinal="0" offset="0" sl="15" sc="9" el="15" ec="28" bec="0" bev="0" fileid="16" />
                <SequencePoint vc="2" uspid="170" ordinal="1" offset="7" sl="16" sc="9" el="16" ec="10" bec="0" bev="0" fileid="16" />
                <SequencePoint vc="2" uspid="171" ordinal="2" offset="8" sl="18" sc="9" el="18" ec="10" bec="0" bev="0" fileid="16" />
              </SequencePoints>
              <BranchPoints />
              <MethodPoint xsi:type="SequencePoint" vc="2" uspid="169" ordinal="0" offset="0" sl="15" sc="9" el="15" ec="28" bec="0" bev="0" fileid="16" />
            </Method>
            <Method visited="false" cyclomaticComplexity="1" nPathComplexity="0" sequenceCoverage="0" branchCoverage="0" crapScore="2" isConstructor="false" isStatic="false" isGetter="false" isSetter="false">
              <Summary numSequencePoints="3" visitedSequencePoints="0" numBranchPoints="1" visitedBranchPoints="0" sequenceCoverage="0" branchCoverage="0" maxCyclomaticComplexity="1" minCyclomaticComplexity="1" maxCrapScore="2" minCrapScore="2" visitedClasses="0" numClasses="0" visitedMethods="0" numMethods="1" />
              <MetadataToken>100663311</MetadataToken>
              <Name>System.Double Projeto_pizzaria.Dominio.Features.Produtos.Produto::GetPreco()</Name>
              <FileRef uid="16" />
              <SequencePoints>
                <SequencePoint vc="0" uspid="172" ordinal="0" offset="0" sl="20" sc="36" el="20" ec="37" bec="0" bev="0" fileid="16" />
                <SequencePoint vc="0" uspid="173" ordinal="1" offset="1" sl="20" sc="38" el="20" ec="58" bec="0" bev="0" fileid="16" />
                <SequencePoint vc="0" uspid="174" ordinal="2" offset="10" sl="20" sc="59" el="20" ec="60" bec="0" bev="0" fileid="16" />
              </SequencePoints>
              <BranchPoints />
              <MethodPoint xsi:type="SequencePoint" vc="0" uspid="172" ordinal="0" offset="0" sl="20" sc="36" el="20" ec="37" bec="0" bev="0" fileid="16" />
            </Method>
            <Method visited="true" cyclomaticComplexity="1" nPathComplexity="0" sequenceCoverage="100" branchCoverage="100" crapScore="1" isConstructor="false" isStatic="false" isGetter="false" isSetter="false">
              <Summary numSequencePoints="3" visitedSequencePoints="3" numBranchPoints="1" visitedBranchPoints="1" sequenceCoverage="100" branchCoverage="100" maxCyclomaticComplexity="1" minCyclomaticComplexity="1" maxCrapScore="1" minCrapScore="1" visitedClasses="0" numClasses="0" visitedMethods="1" numMethods="1" />
              <MetadataToken>100663312</MetadataToken>
              <Name>System.String Projeto_pizzaria.Dominio.Features.Produtos.Produto::GetNome()</Name>
              <FileRef uid="16" />
              <SequencePoints>
                <SequencePoint vc="8" uspid="175" ordinal="0" offset="0" sl="21" sc="35" el="21" ec="36" bec="0" bev="0" fileid="16" />
                <SequencePoint vc="8" uspid="176" ordinal="1" offset="1" sl="21" sc="37" el="21" ec="49" bec="0" bev="0" fileid="16" />
[...]
              <MetadataToken>100663309</MetadataToken>
              <Name>System.Void Projeto_pizzaria.Infra.Features.Cnpj.Cnpj::set_Valor(System.String)</Name>
              <FileRef uid="46" />
              <SequencePoints />
              <BranchPoints />
            </Method>
            <Method skippedDueTo="AutoImplementedProperty" visited="false" cyclomaticComplexity="1" nPathComplexity="0" sequenceCoverage="0" branchCoverage="0" crapScore="0" isConstructor="false" isStatic="false" isGetter="true" isSetter="false">
              <MetadataToken>100663310</MetadataToken>
              <Name>System.String Projeto_pizzaria.Infra.Features.Cnpj.Cnpj::get_ValorFormatado()</Name>
              <FileRef uid="46" />
              <SequencePoints />
              <BranchPoints />
            </Method>
            <Method skippedDueTo="AutoImplementedProperty" visited="false" cyclomaticComplexity="1" nPathComplexity="0" sequenceCoverage="0" branchCoverage="0" crapScore="0" isConstructor="false" isStatic="false" isGetter="false" isSetter="true">
              <MetadataToken>100663311</MetadataToken>
              <Name>System.Void Projeto_pizzaria.Infra.Features.Cnpj.Cnpj::set_ValorFormatado(System.String)</Name>
              <FileRef uid="46" />
              <SequencePoints />
              <BranchPoints />
            </Method>
            <Method visited="false" cyclomaticComplexity="1" nPathComplexity="0" sequenceCoverage="0" branchCoverage="0" crapScore="2" isConstructor="true" isStatic="false" isGetter="false" isSetter="false">
              <Summary numSequencePoints="3" visitedSequencePoints="0" numBranchPoints="1" visitedBranchPoints="0" sequenceCoverage="0" branchCoverage="0" maxCyclomaticComplexity="1" minCyclomaticComplexity="1" maxCrapScore="2" minCrapScore="2" visitedClasses="0" numClasses="0" visitedMethods="0" numMethods="1" />
              <MetadataToken>100663312</MetadataToken>
              <Name>System.Void Projeto_pizzaria.Infra.Features.Cnpj.Cnpj::.ctor()</Name>
              <FileRef uid="46" />
              <SequencePoints>
                <SequencePoint vc="0" uspid="556" ordinal="0" offset="0" sl="11" sc="9" el="11" ec="23" bec="0" bev="0" fileid="46" />
                <SequencePoint vc="0" uspid="557" ordinal="1" offset="7" sl="11" sc="24" el="11" ec="25" bec="0" bev="0" fileid="46" />
                <SequencePoint vc="0" uspid="558" ordinal="2" offset="8" sl="11" sc="26" el="11" ec="27" bec="0" bev="0" fileid="46" />
              </SequencePoints>
              <BranchPoints />
              <MethodPoint xsi:type="SequencePoint" vc="0" uspid="556" ordinal="0" offset="0" sl="11" sc="9" el="11" ec="23" bec="0" bev="0" fileid="46" />
            </Method>
            <Method visited="true" cyclomaticComplexity="2" nPathComplexity="2" sequenceCoverage="80" branchCoverage="66.67" crapScore="2.03" isConstructor="true" isStatic="false" isGetter="false" isSetter="false">
              <Summary numSequencePoints="10" visitedSequencePoints="8" numBranchPoints="3" visitedBranchPoints="2" sequenceCoverage="80" branchCoverage="66.67" maxCyclomaticComplexity="2" minCyclomaticComplexity="2" maxCrapScore="2.03" minCrapScore="2.03" visitedClasses="0" numClasses="0" visitedMethods="1" numMethods="1" />
              <MetadataToken>100663313</MetadataToken>
              <Name>System.Void Projeto_pizzaria.Infra.Features.Cnpj.Cnpj::.ctor(System.String)</Name>
              <FileRef uid="46" />
              <SequencePoints>
                <SequencePoint vc="8" uspid="559" ordinal="0" offset="0" sl="13" sc="3" el="13" ec="28" bec="0" bev="0" fileid="46" />
                <SequencePoint vc="8" uspid="560" ordinal="1" offset="7" sl="14" sc="9" el="14" ec="10" bec="0" bev="0" fileid="46" />
                <SequencePoint vc="8" uspid="561" ordinal="2" offset="8" sl="15" sc="13" el="15" ec="27" bec="0" bev="0" fileid="46" />
                <SequencePoint vc="8" uspid="562" ordinal="3" offset="16" sl="16" sc="13" el="16" ec="33" bec="0" bev="0" fileid="46" />
                <SequencePoint vc="8" uspid="563" ordinal="4" offset="28" sl="17" sc="13" el="17" ec="30" bec="0" bev="0" fileid="46" />
                <SequencePoint vc="8" uspid="564" ordinal="5" offset="35" sl="19" sc="13" el="19" ec="45" bec="2" bev="1" fileid="46" />
                <SequencePoint vc="8" uspid="565" ordinal="6" offset="45" sl="20" sc="17" el="20" ec="24" bec="0" bev="0" fileid="46" />
                <SequencePoint vc="0" uspid="566" ordinal="7" offset="47" sl="22" sc="13" el="22" ec="33" bec="0" bev="0" fileid="46" />
                <SequencePoint vc="0" uspid="567" ordinal="8" offset="55" sl="23" sc="13" el="23" ec="41" bec="0" bev="0" fileid="46" />
                <SequencePoint vc="8" uspid="568" ordinal="9" offset="68" sl="24" sc="9" el="24" ec="10" bec="0" bev="0" fileid="46" />
              </SequencePoints>
              <BranchPoints>
                <BranchPoint vc="8" uspid="569" ordinal="0" offset="43" sl="19" path="0" offsetchain="45" offsetend="68" fileid="46" />
                <BranchPoint vc="0" uspid="570" ordinal="1" offset="43" sl="19" path="1" offsetend="47" fileid="46" />
              </BranchPoints>
              <MethodPoint xsi:type="SequencePoint" vc="8" uspid="559" ordinal="0" offset="0" sl="13" sc="3" el="13" ec="28" bec="0" bev="0" fileid="46" />
            </Method>
            <Method visited="false" cyclomaticComplexity="1" nPathComplexity="0" sequenceCoverage="0" branchCoverage="0" crapScore="2" isConstructor="false" isStatic="false" isGetter="false" isSetter="false">
              <Summary numSequencePoints="4" visitedSequencePoints="0" numBranchPoints="1" visitedBranchPoints="0" sequenceCoverage="0" branchCoverage="0" maxCyclomaticComplexity="1" minCyclomaticComplexity="1" maxCrapScore="2" minCrapScore="2" visitedClasses="0" numClasses="0" visitedMethods="0" numMethods="1" />
              <MetadataToken>100663314</MetadataToken>
              <Name>System.Void Projeto_pizzaria.Infra.Features.Cnpj.Cnpj::FormatarCnpj(System.String)</Name>
              <FileRef uid="46" />
              <SequencePoints>
                <SequencePoint vc="0" uspid="571" ordinal="0" offset="0" sl="27" sc="9" el="27" ec="10" bec="0" bev="0" fileid="46" />
                <SequencePoint vc="0" uspid="572" ordinal="1" offset="1" sl="28" sc="13" el="28" ec="43" bec="0" bev="0" fileid="46" />
                <SequencePoint vc="0" uspid="573" ordinal="2" offset="14" sl="29" sc="13" el="29" ec="96" bec="0" bev="0" fileid="46" />
                <SequencePoint vc="0" uspid="574" ordinal="3" offset="72" sl="30" sc="9" el="30" ec="10" bec="0" bev="0" fileid="46" />
              </SequencePoints>
              <BranchPoints />
              <MethodPoint xsi:type="SequencePoint" vc="0" uspid="571" ordinal="0" offset="0" sl="27" sc="9" el="27" ec="10" bec="0" bev="0" fileid="46" />
            </Method>
            <Method visited="false" cyclomaticComplexity="13" nPathComplexity="128" sequenceCoverage="0" branchCoverage="0" crapScore="182" isConstructor="false" isStatic="false" isGetter="false" isSetter="false">
              <Summary numSequencePoints="48" visitedSequencePoints="0" numBranchPoints="15" visitedBranchPoints="0" sequenceCoverage="0" branchCoverage="0" maxCyclomaticComplexity="13" minCyclomaticComplexity="13" maxCrapScore="182" minCrapScore="182" visitedClasses="0" numClasses="0" visitedMethods="0" numMethods="1" />
              <MetadataToken>100663315</MetadataToken>
              <Name>System.Void Projeto_pizzaria.Infra.Features.Cnpj.Cnpj::ValidarCnpj(System.String)</Name>
              <FileRef uid="46" />
              <SequencePoints>
                <SequencePoint vc="0" uspid="575" ordinal="0" offset="0" sl="33" sc="9" el="33" ec="10" bec="0" bev="0" fileid="46" />
                <SequencePoint vc="0" uspid="576" ordinal="1" offset="1" sl="34" sc="13" el="34" ec="41" bec="0" bev="0" fileid="46" />
                <SequencePoint vc="0" uspid="577" ordinal="2" offset="3" sl="35" sc="13" el="35" ec="35" bec="0" bev="0" fileid="46" />
                <SequencePoint vc="0" uspid="578" ordinal="3" offset="5" sl="36" sc="13" el="36" ec="29" bec="0" bev="0" fileid="46" />
                <SequencePoint vc="0" uspid="579" ordinal="4" offset="7" sl="37" sc="13" el="37" ec="34" bec="0" bev="0" fileid="46" />
                <SequencePoint vc="0" uspid="580" ordinal="5" offset="9" sl="38" sc="13" el="38" ec="34" bec="0" bev="0" fileid="46" />
                <SequencePoint vc="0" uspid="581" ordinal="6" offset="12" sl="40" sc="13" el="40" ec="20" bec="0" bev="0" fileid="46" />
                <SequencePoint vc="0" uspid="582" ordinal="7" offset="13" sl="40" sc="31" el="40" ec="36" bec="0" bev="0" fileid="46" />
                <SequencePoint vc="0" uspid="583" ordinal="8" offset="29" sl="40" sc="22" el="40" ec="27" bec="0" bev="0" fileid="46" />
                <SequencePoint vc="0" uspid="584" ordinal="9" offset="40" sl="41" sc="13" el="41" ec="14" bec="0" bev="0" fileid="46" />
                <SequencePoint vc="0" uspid="585" ordinal="10" offset="41" sl="42" sc="17" el="42" ec="37" bec="2" bev="0" fileid="46" />
                <SequencePoint vc="0" uspid="586" ordinal="11" offset="57" sl="43" sc="17" el="43" ec="18" bec="0" bev="0" fileid="46" />
                <SequencePoint vc="0" uspid="587" ordinal="12" offset="58" sl="44" sc="21" el="44" ec="42" bec="0" bev="0" fileid="46" />
                <SequencePoint vc="0" uspid="588" ordinal="13" offset="65" sl="45" sc="21" el="45" ec="64" bec="2" bev="0" fileid="46" />
                <SequencePoint vc="0" uspid="589" ordinal="14" offset="85" sl="46" sc="21" el="46" ec="22" bec="0" bev="0" fileid="46" />
                <SequencePoint vc="0" uspid="590" ordinal="15" offset="86" sl="47" sc="25" el="47" ec="50" bec="0" bev="0" fileid="46" />
                <SequencePoint vc="0" uspid="591" ordinal="16" offset="88" sl="48" sc="21" el="48" ec="22" bec="0" bev="0" fileid="46" />
                <SequencePoint vc="0" uspid="592" ordinal="17" offset="89" sl="50" sc="21" el="50" ec="43" bec="0" bev="0" fileid="46" />
                <SequencePoint vc="0" uspid="593" ordinal="18" offset="92" sl="51" sc="21" el="51" ec="38" bec="2" bev="0" fileid="46" />
                <SequencePoint vc="0" uspid="594" ordinal="19" offset="103" sl="52" sc="21" el="52" ec="22" bec="0" bev="0" fileid="46" />
                <SequencePoint vc="0" uspid="595" ordinal="20" offset="104" sl="53" sc="25" el="53" ec="74" bec="0" bev="0" fileid="46" />
                <SequencePoint vc="0" uspid="596" ordinal="21" offset="117" sl="54" sc="25" el="54" ec="74" bec="0" bev="0" fileid="46" />
                <SequencePoint vc="0" uspid="597" ordinal="22" offset="132" sl="55" sc="21" el="55" ec="22" bec="0" bev="0" fileid="46" />
                <SequencePoint vc="0" uspid="598" ordinal="23" offset="138" sl="56" sc="26" el="56" ec="44" bec="2" bev="0" fileid="46" />
                <SequencePoint vc="0" uspid="599" ordinal="24" offset="149" sl="57" sc="21" el="57" ec="22" bec="0" bev="0" fileid="46" />
                <SequencePoint vc="0" uspid="600" ordinal="25" offset="150" sl="58" sc="25" el="58" ec="55" bec="0" bev="0" fileid="46" />
                <SequencePoint vc="0" uspid="601" ordinal="26" offset="156" sl="59" sc="25" el="61" ec="40" bec="0" bev="0" fileid="46" />
                <SequencePoint vc="0" uspid="602" ordinal="27" offset="171" sl="63" sc="25" el="63" ec="43" bec="2" bev="0" fileid="46" />
                <SequencePoint vc="0" uspid="603" ordinal="28" offset="186" sl="64" sc="25" el="64" ec="26" bec="0" bev="0" fileid="46" />
                <SequencePoint vc="0" uspid="604" ordinal="29" offset="187" sl="65" sc="29" el="65" ec="46" bec="0" bev="0" fileid="46" />
                <SequencePoint vc="0" uspid="605" ordinal="30" offset="194" sl="66" sc="29" el="66" ec="36" bec="0" bev="0" fileid="46" />
                <SequencePoint vc="0" uspid="606" ordinal="31" offset="196" sl="69" sc="25" el="69" ec="66" bec="0" bev="0" fileid="46" />
                <SequencePoint vc="0" uspid="607" ordinal="32" offset="212" sl="70" sc="21" el="70" ec="22" bec="0" bev="0" fileid="46" />
                <SequencePoint vc="0" uspid="608" ordinal="33" offset="215" sl="71" sc="26" el="71" ec="44" bec="2" bev="0" fileid="46" />
                <SequencePoint vc="0" uspid="609" ordinal="34" offset="226" sl="72" sc="21" el="72" ec="22" bec="0" bev="0" fileid="46" />
                <SequencePoint vc="0" uspid="610" ordinal="35" offset="227" sl="73" sc="25" el="73" ec="55" bec="0" bev="0" fileid="46" />
                <SequencePoint vc="0" uspid="611" ordinal="36" offset="234" sl="75" sc="25" el="77" ec="40" bec="0" bev="0" fileid="46" />
                <SequencePoint vc="0" uspid="612" ordinal="37" offset="249" sl="79" sc="25" el="79" ec="43" bec="2" bev="0" fileid="46" />
                <SequencePoint vc="0" uspid="613" ordinal="38" offset="264" sl="80" sc="25" el="80" ec="26" bec="0" bev="0" fileid="46" />
                <SequencePoint vc="0" uspid="614" ordinal="39" offset="265" sl="81" sc="29" el="81" ec="46" bec="0" bev="0" fileid="46" />
                <SequencePoint vc="0" uspid="615" ordinal="40" offset="272" sl="82" sc="29" el="82" ec="36" bec="0" bev="0" fileid="46" />
                <SequencePoint vc="0" uspid="616" ordinal="41" offset="274" sl="84" sc="21" el="84" ec="22" bec="0" bev="0" fileid="46" />
                <SequencePoint vc="0" uspid="617" ordinal="42" offset="275" sl="86" sc="21" el="86" ec="31" bec="0" bev="0" fileid="46" />
                <SequencePoint vc="0" uspid="618" ordinal="43" offset="279" sl="87" sc="17" el="87" ec="18" bec="0" bev="0" fileid="46" />
                <SequencePoint vc="0" uspid="619" ordinal="44" offset="280" sl="88" sc="13" el="88" ec="14" bec="0" bev="0" fileid="46" />
                <SequencePoint vc="0" uspid="620" ordinal="45" offset="287" sl="40" sc="28" el="40" ec="30" bec="0" bev="0" fileid="46" />
                <SequencePoint vc="0" uspid="621" ordinal="46" offset="301" sl="90" sc="13" el="90" ec="61" bec="0" bev="0" fileid="46" />
                <SequencePoint vc="0" uspid="622" ordinal="47" offset="319" sl="91" sc="9" el="91" ec="10" bec="0" bev="0" fileid="46" />
              </SequencePoints>
              <BranchPoints>
                <BranchPoint vc="0" uspid="623" ordinal="0" offset="52" sl="42" path="0" offsetend="57" fileid="46" />
                <BranchPoint vc="0" uspid="624" ordinal="1" offset="52" sl="42" path="1" offsetend="280" fileid="46" />
                <BranchPoint vc="0" uspid="627" ordinal="4" offset="83" sl="45" path="0" offsetend="85" fileid="46" />
                <BranchPoint vc="0" uspid="628" ordinal="5" offset="83" sl="45" path="1" offsetend="89" fileid="46" />
                <BranchPoint vc="0" uspid="629" ordinal="6" offset="101" sl="51" path="0" offsetend="103" fileid="46" />
                <BranchPoint vc="0" uspid="630" ordinal="7" offset="101" sl="51" path="1" offsetend="138" fileid="46" />
                <BranchPoint vc="0" uspid="631" ordinal="8" offset="147" sl="56" path="0" offsetend="149" fileid="46" />
                <BranchPoint vc="0" uspid="632" ordinal="9" offset="147" sl="56" path="1" offsetend="215" fileid="46" />
                <BranchPoint vc="0" uspid="635" ordinal="12" offset="184" sl="63" path="0" offsetend="186" fileid="46" />
                <BranchPoint vc="0" uspid="636" ordinal="13" offset="184" sl="63" path="1" offsetend="196" fileid="46" />
                <BranchPoint vc="0" uspid="637" ordinal="14" offset="224" sl="71" path="0" offsetend="226" fileid="46" />
                <BranchPoint vc="0" uspid="638" ordinal="15" offset="224" sl="71" path="1" offsetend="275" fileid="46" />
                <BranchPoint vc="0" uspid="641" ordinal="18" offset="262" sl="79" path="0" offsetend="264" fileid="46" />
                <BranchPoint vc="0" uspid="642" ordinal="19" offset="262" sl="79" path="1" offsetend="274" fileid="46" />
              </BranchPoints>
              <MethodPoint xsi:type="SequencePoint" vc="0" uspid="575" ordinal="0" offset="0" sl="33" sc="9" el="33" ec="10" bec="0" bev="0" fileid="46" />
            </Method>
            <Method visited="false" cyclomaticComplexity="1" nPathComplexity="0" sequenceCoverage="0" branchCoverage="0" crapScore="2" isConstructor="false" isStatic="true" isGetter="false" isSetter="false">
              <Summary numSequencePoints="1" visitedSequencePoints="0" numBranchPoints="1" visitedBranchPoints="0" sequenceCoverage="0" branchCoverage="0" maxCyclomaticComplexity="1" minCyclomaticComplexity="1" maxCrapScore="2" minCrapScore="2" visitedClasses="0" numClasses="0" visitedMethods="0" numMethods="1" />
              <MetadataToken>100663316</MetadataToken>
              <Name>Projeto_pizzaria.Infra.Features.Cnpj.Cnpj Projeto_pizzaria.Infra.Features.Cnpj.Cnpj::op_Implicit(System.String)</Name>
              <FileRef uid="46" />
              <SequencePoints>
                <SequencePoint vc="0" uspid="647" ordinal="0" offset="0" sl="94" sc="16" el="94" ec="31" bec="0" bev="0" fileid="46" />
              </SequencePoints>
              <BranchPoints />
              <MethodPoint xsi:type="SequencePoint" vc="0" uspid="647" ordinal="0" offset="0" sl="94" sc="16" el="94" ec="31" bec="0" bev="0" fileid="46" />
            </Method>
            <Method visited="false" cyclomaticComplexity="1" nPathComplexity="0" sequenceCoverage="0" branchCoverage="0" crapScore="2" isConstructor="false" isStatic="true" isGetter="false" isSetter="false">
              <Summary numSequencePoints="1" visitedSequencePoints="0" numBranchPoints="1" visitedBranchPoints="0" sequenceCoverage="0" branchCoverage="0" maxCyclomaticComplexity="1" minCyclomaticComplexity="1" maxCrapScore="2" minCrapScore="2" visitedClasses="0" numClasses="0" visitedMethods="0" numMethods="1" />
              <MetadataToken>100663317</MetadataToken>
              <Name>System.String Projeto_pizzaria.Infra.Features.Cnpj.Cnpj::op_Implicit(Projeto_pizzaria.Infra.Features.Cnpj.Cnpj)</Name>
              <FileRef uid="46" />
              <SequencePoints>
                <SequencePoint vc="0" uspid="648" ordinal="0" offset="0" sl="97" sc="12" el="97" ec="22" bec="0" bev="0" fileid="46" />
              </SequencePoints>
              <BranchPoints />
              <MethodPoint xsi:type="SequencePoint" vc="0" uspid="648" ordinal="0" offset="0" sl="97" sc="12" el="97" ec="22" bec="0" bev="0" fileid="46" />
            </Method>
            <Method visited="true" cyclomaticComplexity="1" nPathComplexity="0" sequenceCoverage="100" branchCoverage="100" crapScore="1" isConstructor="true" isStatic="true" isGetter="false" isSetter="false">
              <Summary numSequencePoints="2" visitedSequencePoints="2" numBranchPoints="1" visitedBranchPoints="1" sequenceCoverage="100" branchCoverage="100" maxCyclomaticComplexity="1" minCyclomaticComplexity="1" maxCrapScore="1" minCrapScore="1" visitedClasses="0" numClasses="0" visitedMethods="1" numMethods="1" />
              <MetadataToken>100663318</MetadataToken>
              <Name>System.Void Projeto_pizzaria.Infra.Features.Cnpj.Cnpj::.cctor()</Name>
              <FileRef uid="46" />
              <SequencePoints>
                <SequencePoint vc="1" uspid="649" ordinal="0" offset="0" sl="8" sc="9" el="8" ec="87" bec="0" bev="0" fileid="46" />
                <SequencePoint vc="1" uspid="650" ordinal="1" offset="23" sl="9" sc="9" el="9" ec="90" bec="0" bev="0" fileid="46" />
              </SequencePoints>
              <BranchPoints />
              <MethodPoint xsi:type="SequencePoint" vc="1" uspid="649" ordinal="0" offset="0" sl="8" sc="9" el="8" ec="87" bec="0" bev="0" fileid="46" />
            </Method>
          </Methods>
        </Class>
      </Classes>
    </Module>
  </Modules>
</CoverageSession>